#
# There is insufficient memory for the Java Runtime Environment to continue.
# Native memory allocation (malloc) failed to allocate 130096 bytes for Chunk::new
# Possible reasons:
#   The system is out of physical RAM or swap space
#   The process is running with CompressedOops enabled, and the Java Heap may be blocking the growth of the native heap
# Possible solutions:
#   Reduce memory load on the system
#   Increase physical memory or swap space
#   Check if swap backing store is full
#   Decrease Java heap size (-Xmx/-Xms)
#   Decrease number of Java threads
#   Decrease Java thread stack sizes (-Xss)
#   Set larger code cache with -XX:ReservedCodeCacheSize=
#   JVM is running with Unscaled Compressed Oops mode in which the Java heap is
#     placed in the first 4GB address space. The Java Heap base address is the
#     maximum limit for the native heap growth. Please use -XX:HeapBaseMinAddress
#     to set the Java Heap base and to place the Java Heap above 4GB virtual address.
# This output file may be truncated or incomplete.
#
#  Out of Memory Error (arena.cpp:191), pid=66236, tid=66400
#
# JRE version: OpenJDK Runtime Environment Temurin-17.0.9+9 (17.0.9+9) (build 17.0.9+9)
# Java VM: OpenJDK 64-Bit Server VM Temurin-17.0.9+9 (17.0.9+9, mixed mode, tiered, compressed oops, compressed class ptrs, parallel gc, windows-amd64)
# No core dump will be written. Minidumps are not enabled by default on client versions of Windows
#

---------------  S U M M A R Y ------------

Command Line: --add-modules=ALL-SYSTEM --add-opens=java.base/java.util=ALL-UNNAMED --add-opens=java.base/java.lang=ALL-UNNAMED --add-opens=java.base/sun.nio.fs=ALL-UNNAMED -Declipse.application=org.eclipse.jdt.ls.core.id1 -Dosgi.bundles.defaultStartLevel=4 -Declipse.product=org.eclipse.jdt.ls.core.product -Djava.import.generatesMetadataFilesAtProjectRoot=false -DDetectVMInstallationsJob.disabled=true -Dfile.encoding=utf8 -XX:+UseParallelGC -XX:GCTimeRatio=4 -XX:AdaptiveSizePolicyWeight=90 -Dsun.zip.disableMemoryMapping=true -Xmx1G -Xms100m -Xlog:disable -javaagent:c:\Users\Luis García Díaz\.vscode\extensions\redhat.java-1.26.0-win32-x64\lombok\lombok-1.18.31-3454.jar c:\Users\Luis García Díaz\.vscode\extensions\redhat.java-1.26.0-win32-x64\server\plugins\org.eclipse.equinox.launcher_1.6.700.v20231214-2017.jar -configuration c:\Users\Luis García Díaz\AppData\Roaming\Code\User\globalStorage\redhat.java\1.26.0\config_ss_win -data c:\Users\Luis García Díaz\AppData\Roaming\Code\User\workspaceStorage\9f5ca029dd32ae4ab79c50f7157500ab\redhat.java\ss_ws --stdio

Host: AMD Ryzen 7 6800HS with Radeon Graphics         , 16 cores, 15G,  Windows 11 , 64 bit Build 22621 (10.0.22621.2506)
Time: Mon Jan 22 10:49:38 2024 Hora estándar romance elapsed time: 0.194478 seconds (0d 0h 0m 0s)

---------------  T H R E A D  ---------------

Current thread (0x000001b5a7bc8d10):  JavaThread "C2 CompilerThread1" daemon [_thread_in_native, id=66400, stack(0x0000001390900000,0x0000001390a00000)]


Current CompileTask:
C2:    194  478       4       java.lang.StringLatin1::replace (198 bytes)

Stack: [0x0000001390900000,0x0000001390a00000]
Native frames: (J=compiled Java code, j=interpreted, Vv=VM code, C=native code)
V  [jvm.dll+0x67cf49]
V  [jvm.dll+0x83478a]
V  [jvm.dll+0x83624e]
V  [jvm.dll+0x8368b3]
V  [jvm.dll+0x247f1f]
V  [jvm.dll+0xac43c]
V  [jvm.dll+0xaca8c]
V  [jvm.dll+0x2af45f]
V  [jvm.dll+0x5853f7]
V  [jvm.dll+0x222f62]
V  [jvm.dll+0x22334f]
V  [jvm.dll+0x21c476]
V  [jvm.dll+0x2198c1]
V  [jvm.dll+0x1a57cd]
V  [jvm.dll+0x2297ae]
V  [jvm.dll+0x22797c]
V  [jvm.dll+0x7e9877]
V  [jvm.dll+0x7e3c3a]
V  [jvm.dll+0x67be35]
C  [ucrtbase.dll+0x29363]
C  [KERNEL32.DLL+0x1257d]
C  [ntdll.dll+0x5aa58]


---------------  P R O C E S S  ---------------

Threads class SMR info:
_java_thread_list=0x000001b5a9b7c930, length=17, elements={
0x000001b58e910f30, 0x000001b5a2797020, 0x000001b5a2798dc0, 0x000001b5a279e360,
0x000001b5a799df20, 0x000001b5a799e950, 0x000001b5a79a19b0, 0x000001b5a79d6eb0,
0x000001b5a79d8ff0, 0x000001b5a79da0e0, 0x000001b5a7a9ab70, 0x000001b5a7b5e3d0,
0x000001b5a7b60d10, 0x000001b5a7b61230, 0x000001b5a7bc8d10, 0x000001b5a7bcb650,
0x000001b5a9b80030
}

Java Threads: ( => current thread )
  0x000001b58e910f30 JavaThread "main" [_thread_in_vm, id=66276, stack(0x000000138f900000,0x000000138fa00000)]
  0x000001b5a2797020 JavaThread "Reference Handler" daemon [_thread_blocked, id=66300, stack(0x000000138fc00000,0x000000138fd00000)]
  0x000001b5a2798dc0 JavaThread "Finalizer" daemon [_thread_blocked, id=66304, stack(0x000000138fd00000,0x000000138fe00000)]
  0x000001b5a279e360 JavaThread "Signal Dispatcher" daemon [_thread_blocked, id=66316, stack(0x000000138fe00000,0x000000138ff00000)]
  0x000001b5a799df20 JavaThread "Attach Listener" daemon [_thread_blocked, id=66320, stack(0x000000138ff00000,0x0000001390000000)]
  0x000001b5a799e950 JavaThread "Service Thread" daemon [_thread_blocked, id=66324, stack(0x0000001390000000,0x0000001390100000)]
  0x000001b5a79a19b0 JavaThread "Monitor Deflation Thread" daemon [_thread_blocked, id=66328, stack(0x0000001390100000,0x0000001390200000)]
  0x000001b5a79d6eb0 JavaThread "C2 CompilerThread0" daemon [_thread_blocked, id=66332, stack(0x0000001390200000,0x0000001390300000)]
  0x000001b5a79d8ff0 JavaThread "C1 CompilerThread0" daemon [_thread_blocked, id=66336, stack(0x0000001390300000,0x0000001390400000)]
  0x000001b5a79da0e0 JavaThread "Sweeper thread" daemon [_thread_blocked, id=66340, stack(0x0000001390400000,0x0000001390500000)]
  0x000001b5a7a9ab70 JavaThread "Common-Cleaner" daemon [_thread_blocked, id=66372, stack(0x0000001390500000,0x0000001390600000)]
  0x000001b5a7b5e3d0 JavaThread "C1 CompilerThread1" daemon [_thread_blocked, id=66380, stack(0x0000001390600000,0x0000001390700000)]
  0x000001b5a7b60d10 JavaThread "C1 CompilerThread2" daemon [_thread_blocked, id=66392, stack(0x0000001390700000,0x0000001390800000)]
  0x000001b5a7b61230 JavaThread "C1 CompilerThread3" daemon [_thread_blocked, id=66396, stack(0x0000001390800000,0x0000001390900000)]
=>0x000001b5a7bc8d10 JavaThread "C2 CompilerThread1" daemon [_thread_in_native, id=66400, stack(0x0000001390900000,0x0000001390a00000)]
  0x000001b5a7bcb650 JavaThread "C2 CompilerThread2" daemon [_thread_blocked, id=66404, stack(0x0000001390a00000,0x0000001390b00000)]
  0x000001b5a9b80030 JavaThread "Notification Thread" daemon [_thread_blocked, id=66420, stack(0x0000001390b00000,0x0000001390c00000)]

Other Threads:
  0x000001b5a2781fc0 VMThread "VM Thread" [stack: 0x000000138fb00000,0x000000138fc00000] [id=66292]
  0x000001b5a9ba9a10 WatcherThread [stack: 0x0000001390c00000,0x0000001390d00000] [id=66424]
  0x000001b58e9285b0 GCTaskThread "GC Thread#0" [stack: 0x000000138fa00000,0x000000138fb00000] [id=66284]

Threads with active compile tasks:
C2 CompilerThread1      204  478       4       java.lang.StringLatin1::replace (198 bytes)

VM state: not at safepoint (normal execution)

VM Mutex/Monitor currently owned by a thread:  ([mutex/lock_event])
[0x000001b58e90d950] Metaspace_lock - owner thread: 0x000001b58e910f30

Heap address: 0x00000000c0000000, size: 1024 MB, Compressed Oops mode: 32-bit

CDS archive(s) not mapped
Compressed class space mapped at: 0x0000000100000000-0x0000000140000000, reserved size: 1073741824
Narrow klass base: 0x0000000000000000, Narrow klass shift: 3, Narrow klass range: 0x140000000

GC Precious Log:
 CPUs: 16 total, 16 available
 Memory: 15628M
 Large Page Support: Disabled
 NUMA Support: Disabled
 Compressed Oops: Enabled (32-bit)
 Alignments: Space 512K, Generation 512K, Heap 2M
 Heap Min Capacity: 100M
 Heap Initial Capacity: 100M
 Heap Max Capacity: 1G
 Pre-touch: Disabled
 Parallel Workers: 13

Heap:
 PSYoungGen      total 29696K, used 10118K [0x00000000eab00000, 0x00000000ecc00000, 0x0000000100000000)
  eden space 25600K, 39% used [0x00000000eab00000,0x00000000eb4e1a10,0x00000000ec400000)
  from space 4096K, 0% used [0x00000000ec800000,0x00000000ec800000,0x00000000ecc00000)
  to   space 4096K, 0% used [0x00000000ec400000,0x00000000ec400000,0x00000000ec800000)
 ParOldGen       total 68608K, used 0K [0x00000000c0000000, 0x00000000c4300000, 0x00000000eab00000)
  object space 68608K, 0% used [0x00000000c0000000,0x00000000c0000000,0x00000000c4300000)
 Metaspace       used 6663K, committed 6784K, reserved 1114112K
  class space    used 648K, committed 704K, reserved 1048576K

Card table byte_map: [0x000001b58e2a0000,0x000001b58e4b0000] _byte_map_base: 0x000001b58dca0000

Marking Bits: (ParMarkBitMap*) 0x00007ffcea27d0b0
 Begin Bits: [0x000001b5a05a0000, 0x000001b5a15a0000)
 End Bits:   [0x000001b5a15a0000, 0x000001b5a25a0000)

Polling page: 0x000001b58c8e0000

Metaspace:

Usage:
  Non-class:      5.87 MB used.
      Class:    648.28 KB used.
       Both:      6.51 MB used.

Virtual space:
  Non-class space:       64.00 MB reserved,       5.94 MB (  9%) committed,  1 nodes.
      Class space:        1.00 GB reserved,     704.00 KB ( <1%) committed,  1 nodes.
             Both:        1.06 GB reserved,       6.62 MB ( <1%) committed. 

Chunk freelists:
   Non-Class:  10.05 MB
       Class:  15.21 MB
        Both:  25.26 MB

MaxMetaspaceSize: unlimited
CompressedClassSpaceSize: 1.00 GB
Initial GC threshold: 21.00 MB
Current GC threshold: 21.00 MB
CDS: off
MetaspaceReclaimPolicy: balanced
 - commit_granule_bytes: 65536.
 - commit_granule_words: 8192.
 - virtual_space_node_default_size: 8388608.
 - enlarge_chunks_in_place: 1.
 - new_chunks_are_fully_committed: 0.
 - uncommit_free_chunks: 1.
 - use_allocation_guard: 0.
 - handle_deallocations: 1.


Internal statistics:

num_allocs_failed_limit: 0.
num_arena_births: 14.
num_arena_deaths: 0.
num_vsnodes_births: 2.
num_vsnodes_deaths: 0.
num_space_committed: 106.
num_space_uncommitted: 0.
num_chunks_returned_to_freelist: 0.
num_chunks_taken_from_freelist: 43.
num_chunk_merges: 0.
num_chunk_splits: 23.
num_chunks_enlarged: 17.
num_inconsistent_stats: 0.

CodeHeap 'non-profiled nmethods': size=119168Kb used=136Kb max_used=136Kb free=119031Kb
 bounds [0x000001b599140000, 0x000001b5993b0000, 0x000001b5a05a0000]
CodeHeap 'profiled nmethods': size=119104Kb used=691Kb max_used=691Kb free=118412Kb
 bounds [0x000001b5915a0000, 0x000001b591810000, 0x000001b5989f0000]
CodeHeap 'non-nmethods': size=7488Kb used=2794Kb max_used=2812Kb free=4693Kb
 bounds [0x000001b5989f0000, 0x000001b598cc0000, 0x000001b599140000]
 total_blobs=868 nmethods=479 adapters=301
 compilation: enabled
              stopped_count=0, restarted_count=0
 full_count=0

Compilation events (20 events):
Event: 0.186 Thread 0x000001b5a7bc8d10 nmethod 467 0x000001b599160290 code [0x000001b599160400, 0x000001b599160478]
Event: 0.186 Thread 0x000001b5a7b60d10 nmethod 471 0x000001b591649310 code [0x000001b5916494a0, 0x000001b591649618]
Event: 0.186 Thread 0x000001b5a79d8ff0 nmethod 464 0x000001b591645b90 code [0x000001b591646060, 0x000001b591648388]
Event: 0.186 Thread 0x000001b5a7b60d10  473       3       java.util.jar.JavaUtilJarAccessImpl::entryFor (6 bytes)
Event: 0.186 Thread 0x000001b5a7b61230 nmethod 472 0x000001b591649690 code [0x000001b591649880, 0x000001b591649db8]
Event: 0.186 Thread 0x000001b5a7b60d10 nmethod 473 0x000001b59164a010 code [0x000001b59164a1c0, 0x000001b59164a568]
Event: 0.186 Thread 0x000001b5a7bcb650 nmethod 448% 0x000001b599160590 code [0x000001b599160720, 0x000001b599160a58]
Event: 0.187 Thread 0x000001b5a79d8ff0  474       3       java.lang.StringCoding::hasNegatives (25 bytes)
Event: 0.187 Thread 0x000001b5a79d8ff0 nmethod 474 0x000001b59164a710 code [0x000001b59164a8c0, 0x000001b59164aaf8]
Event: 0.188 Thread 0x000001b5a7b60d10  475       3       java.nio.Buffer::hasRemaining (17 bytes)
Event: 0.188 Thread 0x000001b5a7b60d10 nmethod 475 0x000001b59164ac10 code [0x000001b59164ada0, 0x000001b59164af18]
Event: 0.188 Thread 0x000001b5a79d8ff0  476       3       java.util.jar.Manifest$FastInputStream::readLine (296 bytes)
Event: 0.188 Thread 0x000001b5a7b61230  477       1       java.util.LinkedHashMap::removeEldestEntry (2 bytes)
Event: 0.188 Thread 0x000001b5a7b61230 nmethod 477 0x000001b599160c10 code [0x000001b599160da0, 0x000001b599160e78]
Event: 0.188 Thread 0x000001b5a7bc8d10  478       4       java.lang.StringLatin1::replace (198 bytes)
Event: 0.188 Thread 0x000001b5a79d8ff0 nmethod 476 0x000001b59164af90 code [0x000001b59164b1c0, 0x000001b59164bac8]
Event: 0.189 Thread 0x000001b5a79d8ff0  479       3       lombok.patcher.scripts.MethodLevelPatchScript::patch (21 bytes)
Event: 0.189 Thread 0x000001b5a7b5e3d0  480       3       lombok.patcher.PatchScript::classMatches (41 bytes)
Event: 0.189 Thread 0x000001b5a79d8ff0 nmethod 479 0x000001b59164be10 code [0x000001b59164bfc0, 0x000001b59164c238]
Event: 0.189 Thread 0x000001b5a7b5e3d0 nmethod 480 0x000001b59164c310 code [0x000001b59164c520, 0x000001b59164cb68]

GC Heap History (0 events):
No events

Dll operation events (8 events):
Event: 0.005 Loaded shared library c:\Users\Luis García Díaz\.vscode\extensions\redhat.java-1.26.0-win32-x64\jre\17.0.9-win32-x86_64\bin\java.dll
Event: 0.079 Loaded shared library c:\Users\Luis García Díaz\.vscode\extensions\redhat.java-1.26.0-win32-x64\jre\17.0.9-win32-x86_64\bin\zip.dll
Event: 0.080 Loaded shared library C:\Users\Luis García Díaz\.vscode\extensions\redhat.java-1.26.0-win32-x64\jre\17.0.9-win32-x86_64\bin\instrument.dll
Event: 0.089 Loaded shared library C:\Users\Luis García Díaz\.vscode\extensions\redhat.java-1.26.0-win32-x64\jre\17.0.9-win32-x86_64\bin\net.dll
Event: 0.090 Loaded shared library C:\Users\Luis García Díaz\.vscode\extensions\redhat.java-1.26.0-win32-x64\jre\17.0.9-win32-x86_64\bin\nio.dll
Event: 0.094 Loaded shared library C:\Users\Luis García Díaz\.vscode\extensions\redhat.java-1.26.0-win32-x64\jre\17.0.9-win32-x86_64\bin\zip.dll
Event: 0.102 Loaded shared library C:\Users\Luis García Díaz\.vscode\extensions\redhat.java-1.26.0-win32-x64\jre\17.0.9-win32-x86_64\bin\jimage.dll
Event: 0.137 Loaded shared library c:\Users\Luis García Díaz\.vscode\extensions\redhat.java-1.26.0-win32-x64\jre\17.0.9-win32-x86_64\bin\verify.dll

Deoptimization events (20 events):
Event: 0.151 Thread 0x000001b58e910f30 DEOPT PACKING pc=0x000001b5915f19a2 sp=0x000000138f9fc740
Event: 0.151 Thread 0x000001b58e910f30 DEOPT UNPACKING pc=0x000001b598a46e43 sp=0x000000138f9fbba0 mode 0
Event: 0.171 Thread 0x000001b58e910f30 Uncommon trap: trap_request=0xffffff45 fr.pc=0x000001b599156f78 relative=0x00000000000000f8
Event: 0.171 Thread 0x000001b58e910f30 Uncommon trap: reason=unstable_if action=reinterpret pc=0x000001b599156f78 method=java.lang.StringCoding.hasNegatives([BII)Z @ 12 c2
Event: 0.171 Thread 0x000001b58e910f30 DEOPT PACKING pc=0x000001b599156f78 sp=0x000000138f9fd630
Event: 0.171 Thread 0x000001b58e910f30 DEOPT UNPACKING pc=0x000001b598a466a3 sp=0x000000138f9fd5d8 mode 2
Event: 0.176 Thread 0x000001b58e910f30 Uncommon trap: trap_request=0xffffff45 fr.pc=0x000001b59914ee3c relative=0x00000000000004dc
Event: 0.176 Thread 0x000001b58e910f30 Uncommon trap: reason=unstable_if action=reinterpret pc=0x000001b59914ee3c method=java.util.HashMap.putVal(ILjava/lang/Object;Ljava/lang/Object;ZZ)Ljava/lang/Object; @ 69 c2
Event: 0.176 Thread 0x000001b58e910f30 DEOPT PACKING pc=0x000001b59914ee3c sp=0x000000138f9fd620
Event: 0.176 Thread 0x000001b58e910f30 DEOPT UNPACKING pc=0x000001b598a466a3 sp=0x000000138f9fd5a0 mode 2
Event: 0.185 Thread 0x000001b58e910f30 Uncommon trap: trap_request=0xffffff45 fr.pc=0x000001b59915355c relative=0x000000000000005c
Event: 0.185 Thread 0x000001b58e910f30 Uncommon trap: reason=unstable_if action=reinterpret pc=0x000001b59915355c method=java.lang.String.isLatin1()Z @ 10 c2
Event: 0.185 Thread 0x000001b58e910f30 DEOPT PACKING pc=0x000001b59915355c sp=0x000000138f9fe6f0
Event: 0.185 Thread 0x000001b58e910f30 DEOPT UNPACKING pc=0x000001b598a466a3 sp=0x000000138f9fe680 mode 2
Event: 0.185 Thread 0x000001b58e910f30 Uncommon trap: trap_request=0xffffff45 fr.pc=0x000001b59914f5f4 relative=0x0000000000000074
Event: 0.185 Thread 0x000001b58e910f30 Uncommon trap: reason=unstable_if action=reinterpret pc=0x000001b59914f5f4 method=java.lang.String.isLatin1()Z @ 10 c2
Event: 0.185 Thread 0x000001b58e910f30 DEOPT PACKING pc=0x000001b59914f5f4 sp=0x000000138f9ff100
Event: 0.185 Thread 0x000001b58e910f30 DEOPT UNPACKING pc=0x000001b598a466a3 sp=0x000000138f9ff040 mode 2
Event: 0.188 Thread 0x000001b58e910f30 DEOPT PACKING pc=0x000001b5915bbc00 sp=0x000000138f9fce00
Event: 0.188 Thread 0x000001b58e910f30 DEOPT UNPACKING pc=0x000001b598a46e43 sp=0x000000138f9fc2c0 mode 0

Classes unloaded (0 events):
No events

Classes redefined (0 events):
No events

Internal exceptions (4 events):
Event: 0.066 Thread 0x000001b58e910f30 Exception <a 'java/lang/NoSuchMethodError'{0x00000000eacb3690}: 'void java.lang.invoke.DirectMethodHandle$Holder.invokeStatic(java.lang.Object, java.lang.Object, java.lang.Object)'> (0x00000000eacb3690) 
thrown [s\src\hotspot\share\interpreter\linkResolver.cpp, line 759]
Event: 0.104 Thread 0x000001b58e910f30 Exception <a 'java/lang/NoSuchMethodError'{0x00000000eae2b9f8}: 'java.lang.Object java.lang.invoke.DirectMethodHandle$Holder.invokeStaticInit(java.lang.Object)'> (0x00000000eae2b9f8) 
thrown [s\src\hotspot\share\interpreter\linkResolver.cpp, line 759]
Event: 0.105 Thread 0x000001b58e910f30 Exception <a 'java/lang/NoSuchMethodError'{0x00000000eae319c8}: 'java.lang.Object java.lang.invoke.Invokers$Holder.invoke_MT(java.lang.Object, java.lang.Object, java.lang.Object)'> (0x00000000eae319c8) 
thrown [s\src\hotspot\share\interpreter\linkResolver.cpp, line 759]
Event: 0.148 Thread 0x000001b58e910f30 Exception <a 'java/lang/reflect/InvocationTargetException'{0x00000000eb187b88}> (0x00000000eb187b88) 
thrown [s\src\hotspot\share\runtime\reflection.cpp, line 1121]

VM Operations (4 events):
Event: 0.068 Executing VM operation: HandshakeAllThreads
Event: 0.068 Executing VM operation: HandshakeAllThreads done
Event: 0.114 Executing VM operation: HandshakeAllThreads
Event: 0.114 Executing VM operation: HandshakeAllThreads done

Events (20 events):
Event: 0.185 loading class sun/nio/cs/SingleByte done
Event: 0.186 loading class java/util/jar/JarVerifier
Event: 0.186 loading class java/util/jar/JarVerifier done
Event: 0.186 loading class java/security/CodeSigner
Event: 0.187 loading class java/security/CodeSigner done
Event: 0.188 loading class sun/security/util/ManifestEntryVerifier
Event: 0.188 loading class sun/security/util/ManifestEntryVerifier done
Event: 0.188 loading class sun/security/util/ManifestDigester
Event: 0.189 loading class sun/security/util/ManifestDigester done
Event: 0.189 loading class sun/security/util/ManifestDigester$Position
Event: 0.189 loading class sun/security/util/ManifestDigester$Position done
Event: 0.189 loading class sun/security/util/ManifestDigester$Entry
Event: 0.189 loading class sun/security/util/ManifestDigester$Entry done
Event: 0.189 loading class sun/security/util/ManifestDigester$Section
Event: 0.189 loading class sun/security/util/ManifestDigester$Section done
Event: 0.190 loading class sun/security/jca/Providers
Event: 0.190 loading class sun/security/jca/Providers done
Event: 0.190 loading class sun/security/jca/ProviderList
Event: 0.190 loading class sun/security/jca/ProviderList done
Event: 0.190 loading class sun/security/jca/ProviderConfig


Dynamic libraries:
0x00007ff61f880000 - 0x00007ff61f88e000 	c:\Users\Luis García Díaz\.vscode\extensions\redhat.java-1.26.0-win32-x64\jre\17.0.9-win32-x86_64\bin\java.exe
0x00007ffd2ac50000 - 0x00007ffd2ae67000 	C:\WINDOWS\SYSTEM32\ntdll.dll
0x00007ffd2aa10000 - 0x00007ffd2aad4000 	C:\WINDOWS\System32\KERNEL32.DLL
0x00007ffd28420000 - 0x00007ffd287c6000 	C:\WINDOWS\System32\KERNELBASE.dll
0x00007ffd28030000 - 0x00007ffd28141000 	C:\WINDOWS\System32\ucrtbase.dll
0x00007ffd13680000 - 0x00007ffd13697000 	c:\Users\Luis García Díaz\.vscode\extensions\redhat.java-1.26.0-win32-x64\jre\17.0.9-win32-x86_64\bin\jli.dll
0x00007ffd136a0000 - 0x00007ffd136bb000 	c:\Users\Luis García Díaz\.vscode\extensions\redhat.java-1.26.0-win32-x64\jre\17.0.9-win32-x86_64\bin\VCRUNTIME140.dll
0x00007ffd29140000 - 0x00007ffd292ee000 	C:\WINDOWS\System32\USER32.dll
0x00007ffd28800000 - 0x00007ffd28826000 	C:\WINDOWS\System32\win32u.dll
0x00007ffd14620000 - 0x00007ffd148b3000 	C:\WINDOWS\WinSxS\amd64_microsoft.windows.common-controls_6595b64144ccf1df_6.0.22621.2506_none_270c5ae97388e100\COMCTL32.dll
0x00007ffd29330000 - 0x00007ffd29359000 	C:\WINDOWS\System32\GDI32.dll
0x00007ffd289b0000 - 0x00007ffd28a57000 	C:\WINDOWS\System32\msvcrt.dll
0x00007ffd281c0000 - 0x00007ffd282d8000 	C:\WINDOWS\System32\gdi32full.dll
0x00007ffd27f90000 - 0x00007ffd2802a000 	C:\WINDOWS\System32\msvcp_win.dll
0x00007ffd292f0000 - 0x00007ffd29321000 	C:\WINDOWS\System32\IMM32.DLL
0x00007ffd245a0000 - 0x00007ffd245ac000 	c:\Users\Luis García Díaz\.vscode\extensions\redhat.java-1.26.0-win32-x64\jre\17.0.9-win32-x86_64\bin\vcruntime140_1.dll
0x00007ffcebfe0000 - 0x00007ffcec06d000 	c:\Users\Luis García Díaz\.vscode\extensions\redhat.java-1.26.0-win32-x64\jre\17.0.9-win32-x86_64\bin\msvcp140.dll
0x00007ffce96e0000 - 0x00007ffcea341000 	c:\Users\Luis García Díaz\.vscode\extensions\redhat.java-1.26.0-win32-x64\jre\17.0.9-win32-x86_64\bin\server\jvm.dll
0x00007ffd29920000 - 0x00007ffd299d3000 	C:\WINDOWS\System32\ADVAPI32.dll
0x00007ffd2ab60000 - 0x00007ffd2ac08000 	C:\WINDOWS\System32\sechost.dll
0x00007ffd287d0000 - 0x00007ffd287f8000 	C:\WINDOWS\System32\bcrypt.dll
0x00007ffd29360000 - 0x00007ffd29477000 	C:\WINDOWS\System32\RPCRT4.dll
0x00007ffd27e60000 - 0x00007ffd27ead000 	C:\WINDOWS\SYSTEM32\POWRPROF.dll
0x00007ffd22d70000 - 0x00007ffd22d79000 	C:\WINDOWS\SYSTEM32\WSOCK32.dll
0x00007ffd1e770000 - 0x00007ffd1e7a4000 	C:\WINDOWS\SYSTEM32\WINMM.dll
0x00007ffd29a70000 - 0x00007ffd29ae1000 	C:\WINDOWS\System32\WS2_32.dll
0x00007ffd1e8b0000 - 0x00007ffd1e8ba000 	C:\WINDOWS\SYSTEM32\VERSION.dll
0x00007ffd27e40000 - 0x00007ffd27e53000 	C:\WINDOWS\SYSTEM32\UMPDC.dll
0x00007ffd26f80000 - 0x00007ffd26f98000 	C:\WINDOWS\SYSTEM32\kernel.appcore.dll
0x00007ffd1e950000 - 0x00007ffd1e95a000 	c:\Users\Luis García Díaz\.vscode\extensions\redhat.java-1.26.0-win32-x64\jre\17.0.9-win32-x86_64\bin\jimage.dll
0x00007ffd258c0000 - 0x00007ffd25af3000 	C:\WINDOWS\SYSTEM32\DBGHELP.DLL
0x00007ffd28c30000 - 0x00007ffd28fb9000 	C:\WINDOWS\System32\combase.dll
0x00007ffd29bf0000 - 0x00007ffd29cc7000 	C:\WINDOWS\System32\OLEAUT32.dll
0x00007ffd1e5d0000 - 0x00007ffd1e602000 	C:\WINDOWS\SYSTEM32\dbgcore.DLL
0x00007ffd282e0000 - 0x00007ffd2835a000 	C:\WINDOWS\System32\bcryptPrimitives.dll
0x00007ffd18740000 - 0x00007ffd1874e000 	c:\Users\Luis García Díaz\.vscode\extensions\redhat.java-1.26.0-win32-x64\jre\17.0.9-win32-x86_64\bin\instrument.dll
0x00007ffd13650000 - 0x00007ffd13675000 	c:\Users\Luis García Díaz\.vscode\extensions\redhat.java-1.26.0-win32-x64\jre\17.0.9-win32-x86_64\bin\java.dll
0x00007ffd13630000 - 0x00007ffd13648000 	c:\Users\Luis García Díaz\.vscode\extensions\redhat.java-1.26.0-win32-x64\jre\17.0.9-win32-x86_64\bin\zip.dll
0x00007ffd2a1b0000 - 0x00007ffd2aa0a000 	C:\WINDOWS\System32\SHELL32.dll
0x00007ffd25e90000 - 0x00007ffd26786000 	C:\WINDOWS\SYSTEM32\windows.storage.dll
0x00007ffd25d50000 - 0x00007ffd25e8e000 	C:\WINDOWS\SYSTEM32\wintypes.dll
0x00007ffd29660000 - 0x00007ffd29753000 	C:\WINDOWS\System32\SHCORE.dll
0x00007ffd290c0000 - 0x00007ffd2911e000 	C:\WINDOWS\System32\shlwapi.dll
0x00007ffd27ec0000 - 0x00007ffd27ee6000 	C:\WINDOWS\SYSTEM32\profapi.dll
0x00007ffd0dd60000 - 0x00007ffd0dd79000 	C:\Users\Luis García Díaz\.vscode\extensions\redhat.java-1.26.0-win32-x64\jre\17.0.9-win32-x86_64\bin\net.dll
0x00007ffd21c00000 - 0x00007ffd21d37000 	C:\WINDOWS\SYSTEM32\WINHTTP.dll
0x00007ffd273f0000 - 0x00007ffd27459000 	C:\WINDOWS\system32\mswsock.dll
0x00007ffd0d870000 - 0x00007ffd0d886000 	C:\Users\Luis García Díaz\.vscode\extensions\redhat.java-1.26.0-win32-x64\jre\17.0.9-win32-x86_64\bin\nio.dll
0x00007ffd17340000 - 0x00007ffd17350000 	c:\Users\Luis García Díaz\.vscode\extensions\redhat.java-1.26.0-win32-x64\jre\17.0.9-win32-x86_64\bin\verify.dll

dbghelp: loaded successfully - version: 4.0.5 - missing functions: none
symbol engine: initialized successfully - sym options: 0x614 - pdb path: .;c:\Users\Luis García Díaz\.vscode\extensions\redhat.java-1.26.0-win32-x64\jre\17.0.9-win32-x86_64\bin;C:\WINDOWS\SYSTEM32;C:\WINDOWS\WinSxS\amd64_microsoft.windows.common-controls_6595b64144ccf1df_6.0.22621.2506_none_270c5ae97388e100;c:\Users\Luis García Díaz\.vscode\extensions\redhat.java-1.26.0-win32-x64\jre\17.0.9-win32-x86_64\bin\server

VM Arguments:
jvm_args: --add-modules=ALL-SYSTEM --add-opens=java.base/java.util=ALL-UNNAMED --add-opens=java.base/java.lang=ALL-UNNAMED --add-opens=java.base/sun.nio.fs=ALL-UNNAMED -Declipse.application=org.eclipse.jdt.ls.core.id1 -Dosgi.bundles.defaultStartLevel=4 -Declipse.product=org.eclipse.jdt.ls.core.product -Djava.import.generatesMetadataFilesAtProjectRoot=false -DDetectVMInstallationsJob.disabled=true -Dfile.encoding=utf8 -XX:+UseParallelGC -XX:GCTimeRatio=4 -XX:AdaptiveSizePolicyWeight=90 -Dsun.zip.disableMemoryMapping=true -Xmx1G -Xms100m -Xlog:disable -javaagent:c:\Users\Luis García Díaz\.vscode\extensions\redhat.java-1.26.0-win32-x64\lombok\lombok-1.18.31-3454.jar 
java_command: c:\Users\Luis García Díaz\.vscode\extensions\redhat.java-1.26.0-win32-x64\server\plugins\org.eclipse.equinox.launcher_1.6.700.v20231214-2017.jar -configuration c:\Users\Luis García Díaz\AppData\Roaming\Code\User\globalStorage\redhat.java\1.26.0\config_ss_win -data c:\Users\Luis García Díaz\AppData\Roaming\Code\User\workspaceStorage\9f5ca029dd32ae4ab79c50f7157500ab\redhat.java\ss_ws --stdio
java_class_path (initial): c:\Users\Luis García Díaz\.vscode\extensions\redhat.java-1.26.0-win32-x64\server\plugins\org.eclipse.equinox.launcher_1.6.700.v20231214-2017.jar
Launcher Type: SUN_STANDARD

[Global flags]
    uintx AdaptiveSizePolicyWeight                 = 90                                        {product} {command line}
     intx CICompilerCount                          = 12                                        {product} {ergonomic}
    uintx GCTimeRatio                              = 4                                         {product} {command line}
   size_t InitialHeapSize                          = 104857600                                 {product} {command line}
   size_t MaxHeapSize                              = 1073741824                                {product} {command line}
   size_t MaxNewSize                               = 357564416                                 {product} {ergonomic}
   size_t MinHeapDeltaBytes                        = 524288                                    {product} {ergonomic}
   size_t MinHeapSize                              = 104857600                                 {product} {command line}
   size_t NewSize                                  = 34603008                                  {product} {ergonomic}
    uintx NonNMethodCodeHeapSize                   = 7602480                                {pd product} {ergonomic}
    uintx NonProfiledCodeHeapSize                  = 122027880                              {pd product} {ergonomic}
   size_t OldSize                                  = 70254592                                  {product} {ergonomic}
    uintx ProfiledCodeHeapSize                     = 122027880                              {pd product} {ergonomic}
    uintx ReservedCodeCacheSize                    = 251658240                              {pd product} {ergonomic}
     bool SegmentedCodeCache                       = true                                      {product} {ergonomic}
   size_t SoftMaxHeapSize                          = 1073741824                             {manageable} {ergonomic}
     bool UseCompressedClassPointers               = true                           {product lp64_product} {ergonomic}
     bool UseCompressedOops                        = true                           {product lp64_product} {ergonomic}
     bool UseLargePagesIndividualAllocation        = false                                  {pd product} {ergonomic}
     bool UseParallelGC                            = true                                      {product} {command line}

Logging:
Log output configuration:
 #0: stdout all=off uptime,level,tags
 #1: stderr all=off uptime,level,tags

Environment Variables:
PATH=C:\Program Files\Common Files\Oracle\Java\javapath;C:\WINDOWS\system32;C:\WINDOWS;C:\WINDOWS\System32\Wbem;C:\WINDOWS\System32\WindowsPowerShell\v1.0\;C:\WINDOWS\System32\OpenSSH\;C:\Program Files\dotnet\;C:\Program Files\NVIDIA Corporation\NVIDIA NvDLISR;C:\Program Files (x86)\NVIDIA Corporation\PhysX\Common;C:\Program Files\MySQL\MySQL Server 8.0\bin;C:\Users\Luis García Díaz\AppData\Local\Programs\Python\Launcher\;C:\Users\Luis García Díaz\AppData\Local\Programs\Python\Python311\Scripts\;C:\Users\Luis García Díaz\AppData\Local\Programs\Python\Python311\;C:\Users\Luis García Díaz\AppData\Local\Microsoft\WindowsApps;C:\Users\Luis García Díaz\AppData\Local\Programs\Microsoft VS Code\bin;C:\Users\Luis García Díaz\AppData\Local\GitHubDesktop\bin
USERNAME=Luis García Díaz
OS=Windows_NT
PROCESSOR_IDENTIFIER=AMD64 Family 25 Model 68 Stepping 1, AuthenticAMD
TMP=C:\Users\LUISGA~1\AppData\Local\Temp
TEMP=C:\Users\LUISGA~1\AppData\Local\Temp



Periodic native trim disabled


---------------  S Y S T E M  ---------------

OS:
 Windows 11 , 64 bit Build 22621 (10.0.22621.2506)
OS uptime: 1 days 16:53 hours
Hyper-V role detected

CPU: total 16 (initial active 16) (16 cores per cpu, 2 threads per core) family 25 model 68 stepping 1 microcode 0x0, cx8, cmov, fxsr, ht, mmx, 3dnowpref, sse, sse2, sse3, ssse3, sse4a, sse4.1, sse4.2, popcnt, lzcnt, tsc, tscinvbit, avx, avx2, aes, erms, clmul, bmi1, bmi2, adx, sha, fma, vzeroupper, clflush, clflushopt, hv
Processor Information for all 16 processors :
  Max Mhz: 3201, Current Mhz: 3201, Mhz Limit: 3201

Memory: 4k page, system-wide physical 15628M (6000M free)
TotalPageFile size 62732M (AvailPageFile size 5M)
current process WorkingSet (physical memory assigned to process): 45M, peak: 45M
current process commit charge ("private bytes"): 206M, peak: 206M

vm_info: OpenJDK 64-Bit Server VM (17.0.9+9) for windows-amd64 JRE (17.0.9+9), built on Oct 26 2023 14:01:42 by "admin" with MS VC++ 16.10 / 16.11 (VS2019)

END.
