#
# There is insufficient memory for the Java Runtime Environment to continue.
# Native memory allocation (mmap) failed to map 65536 bytes for Failed to commit metaspace.
# Possible reasons:
#   The system is out of physical RAM or swap space
#   The process is running with CompressedOops enabled, and the Java Heap may be blocking the growth of the native heap
# Possible solutions:
#   Reduce memory load on the system
#   Increase physical memory or swap space
#   Check if swap backing store is full
#   Decrease Java heap size (-Xmx/-Xms)
#   Decrease number of Java threads
#   Decrease Java thread stack sizes (-Xss)
#   Set larger code cache with -XX:ReservedCodeCacheSize=
#   JVM is running with Unscaled Compressed Oops mode in which the Java heap is
#     placed in the first 4GB address space. The Java Heap base address is the
#     maximum limit for the native heap growth. Please use -XX:HeapBaseMinAddress
#     to set the Java Heap base and to place the Java Heap above 4GB virtual address.
# This output file may be truncated or incomplete.
#
#  Out of Memory Error (virtualSpaceNode.cpp:110), pid=65920, tid=65960
#
# JRE version: OpenJDK Runtime Environment Temurin-17.0.9+9 (17.0.9+9) (build 17.0.9+9)
# Java VM: OpenJDK 64-Bit Server VM Temurin-17.0.9+9 (17.0.9+9, mixed mode, tiered, compressed oops, compressed class ptrs, parallel gc, windows-amd64)
# No core dump will be written. Minidumps are not enabled by default on client versions of Windows
#

---------------  S U M M A R Y ------------

Command Line: --add-modules=ALL-SYSTEM --add-opens=java.base/java.util=ALL-UNNAMED --add-opens=java.base/java.lang=ALL-UNNAMED --add-opens=java.base/sun.nio.fs=ALL-UNNAMED -Declipse.application=org.eclipse.jdt.ls.core.id1 -Dosgi.bundles.defaultStartLevel=4 -Declipse.product=org.eclipse.jdt.ls.core.product -Djava.import.generatesMetadataFilesAtProjectRoot=false -DDetectVMInstallationsJob.disabled=true -Dfile.encoding=utf8 -XX:+UseParallelGC -XX:GCTimeRatio=4 -XX:AdaptiveSizePolicyWeight=90 -Dsun.zip.disableMemoryMapping=true -Xmx1G -Xms100m -Xlog:disable -javaagent:c:\Users\Luis García Díaz\.vscode\extensions\redhat.java-1.26.0-win32-x64\lombok\lombok-1.18.31-3454.jar -XX:+HeapDumpOnOutOfMemoryError -XX:HeapDumpPath=c:\Users\Luis García Díaz\AppData\Roaming\Code\User\workspaceStorage\9f5ca029dd32ae4ab79c50f7157500ab\redhat.java -Daether.dependencyCollector.impl=bf c:\Users\Luis García Díaz\.vscode\extensions\redhat.java-1.26.0-win32-x64\server\plugins\org.eclipse.equinox.launcher_1.6.700.v20231214-2017.jar -configuration c:\Users\Luis García Díaz\AppData\Roaming\Code\User\globalStorage\redhat.java\1.26.0\config_win -data c:\Users\Luis García Díaz\AppData\Roaming\Code\User\workspaceStorage\9f5ca029dd32ae4ab79c50f7157500ab\redhat.java\jdt_ws --stdio

Host: AMD Ryzen 7 6800HS with Radeon Graphics         , 16 cores, 15G,  Windows 11 , 64 bit Build 22621 (10.0.22621.2506)
Time: Mon Jan 22 10:49:38 2024 Hora estándar romance elapsed time: 0.284381 seconds (0d 0h 0m 0s)

---------------  T H R E A D  ---------------

Current thread (0x000001d99a3bec20):  JavaThread "main" [_thread_in_vm, id=65960, stack(0x000000b813f00000,0x000000b814000000)]

Stack: [0x000000b813f00000,0x000000b814000000]
Native frames: (J=compiled Java code, j=interpreted, Vv=VM code, C=native code)
V  [jvm.dll+0x67cf49]
V  [jvm.dll+0x83478a]
V  [jvm.dll+0x83624e]
V  [jvm.dll+0x8368b3]
V  [jvm.dll+0x247f1f]
V  [jvm.dll+0x83044b]
V  [jvm.dll+0x621776]
V  [jvm.dll+0x1c1fee]
V  [jvm.dll+0x6240d1]
V  [jvm.dll+0x622116]
V  [jvm.dll+0x36f2e2]
V  [jvm.dll+0x1e3c8b]
V  [jvm.dll+0x543087]
V  [jvm.dll+0x1f2e27]
V  [jvm.dll+0x7adb8b]
V  [jvm.dll+0x7aef5c]
V  [jvm.dll+0x7af2a8]
V  [jvm.dll+0x2401ee]
V  [jvm.dll+0x382e4e]
C  0x000001d9a44bae1b

The last pc belongs to new (printed below).
Java frames: (J=compiled Java code, j=interpreted, Vv=VM code)
j  sun.security.util.DisabledAlgorithmConstraints$Constraints.<init>(Ljava/lang/String;Ljava/util/Set;)V+612 java.base@17.0.9
j  sun.security.util.DisabledAlgorithmConstraints.<init>(Ljava/lang/String;Lsun/security/util/AlgorithmDecomposer;)V+119 java.base@17.0.9
j  sun.security.util.DisabledAlgorithmConstraints.<init>(Ljava/lang/String;)V+9 java.base@17.0.9
j  sun.security.util.DisabledAlgorithmConstraints$JarHolder.<clinit>()V+6 java.base@17.0.9
v  ~StubRoutines::call_stub
j  sun.security.util.DisabledAlgorithmConstraints.jarConstraints()Lsun/security/util/DisabledAlgorithmConstraints;+0 java.base@17.0.9
j  sun.security.pkcs.SignerInfo.<clinit>()V+0 java.base@17.0.9
v  ~StubRoutines::call_stub
j  sun.security.pkcs.PKCS7.parseSignedData(Lsun/security/util/DerValue;)V+619 java.base@17.0.9
j  sun.security.pkcs.PKCS7.parse(Lsun/security/util/DerInputStream;Z)V+40 java.base@17.0.9
j  sun.security.pkcs.PKCS7.parse(Lsun/security/util/DerInputStream;)V+11 java.base@17.0.9
j  sun.security.pkcs.PKCS7.<init>([B)V+50 java.base@17.0.9
j  sun.security.util.SignatureFileVerifier.<init>(Ljava/util/ArrayList;Lsun/security/util/ManifestDigester;Ljava/lang/String;[B)V+40 java.base@17.0.9
j  java.util.jar.JarVerifier.processEntry(Lsun/security/util/ManifestEntryVerifier;)V+322 java.base@17.0.9
j  java.util.jar.JarVerifier.update(I[BIILsun/security/util/ManifestEntryVerifier;)V+39 java.base@17.0.9
j  java.util.jar.JarFile.initializeVerifier()V+163 java.base@17.0.9
j  java.util.jar.JarFile.ensureInitialization()V+41 java.base@17.0.9
j  java.util.jar.JavaUtilJarAccessImpl.ensureInitialization(Ljava/util/jar/JarFile;)V+1 java.base@17.0.9
j  jdk.internal.loader.URLClassPath$JarLoader$2.getManifest()Ljava/util/jar/Manifest;+10 java.base@17.0.9
j  jdk.internal.loader.BuiltinClassLoader.defineClass(Ljava/lang/String;Ljdk/internal/loader/Resource;)Ljava/lang/Class;+29 java.base@17.0.9
j  jdk.internal.loader.BuiltinClassLoader.findClassOnClassPathOrNull(Ljava/lang/String;)Ljava/lang/Class;+37 java.base@17.0.9
j  jdk.internal.loader.BuiltinClassLoader.loadClassOrNull(Ljava/lang/String;Z)Ljava/lang/Class;+111 java.base@17.0.9
j  jdk.internal.loader.BuiltinClassLoader.loadClass(Ljava/lang/String;Z)Ljava/lang/Class;+3 java.base@17.0.9
j  jdk.internal.loader.ClassLoaders$AppClassLoader.loadClass(Ljava/lang/String;Z)Ljava/lang/Class;+36 java.base@17.0.9
j  java.lang.ClassLoader.loadClass(Ljava/lang/String;)Ljava/lang/Class;+3 java.base@17.0.9
v  ~StubRoutines::call_stub
j  java.lang.Class.forName0(Ljava/lang/String;ZLjava/lang/ClassLoader;Ljava/lang/Class;)Ljava/lang/Class;+0 java.base@17.0.9
j  java.lang.Class.forName(Ljava/lang/String;ZLjava/lang/ClassLoader;)Ljava/lang/Class;+43 java.base@17.0.9
j  sun.launcher.LauncherHelper.loadMainClass(ILjava/lang/String;)Ljava/lang/Class;+95 java.base@17.0.9
j  sun.launcher.LauncherHelper.checkAndLoadMain(ZILjava/lang/String;)Ljava/lang/Class;+42 java.base@17.0.9
v  ~StubRoutines::call_stub
new  187 new  [0x000001d9a44bac80, 0x000001d9a44baea0]  544 bytes
[MachCode]
  0x000001d9a44bac80: 4883 ec08 | c5fa 1104 | 24eb 1f48 | 83ec 10c5 | fb11 0424 | eb14 4883 | ec10 4889 | 0424 48c7 
  0x000001d9a44baca0: 4424 0800 | 0000 00eb | 0150 410f | b755 010f | cac1 ea10 | 488b 4de8 | 488b 4908 | 488b 4908 
  0x000001d9a44bacc0: 488b 4108 | 807c 1004 | 070f 85d6 | 0000 0066 | 8b54 d148 | 488b 4928 | 488b 4cd1 | 0851 80b9 
  0x000001d9a44bace0: 3301 0000 | 040f 85b9 | 0000 008b | 5108 f7c2 | 0100 0000 | 0f85 aa00 | 0000 498b | 8708 0100 
  0x000001d9a44bad00: 0048 8d1c | 1049 3b9f | 1801 0000 | 0f87 9200 | 0000 4989 | 9f08 0100 | 00e9 0000 | 0000 4883 
  0x000001d9a44bad20: ea10 0f84 | 0f00 0000 | 33c9 c1ea | 0348 894c | d008 48ff | ca75 f648 | c700 0100 | 0000 5933 
  0x000001d9a44bad40: f689 700c | 48c1 e903 | 8948 0849 | ba2f 3526 | eafc 7f00 | 0041 803a | 000f 8440 | 0000 0050 
  0x000001d9a44bad60: 488b c848 | 83ec 20f7 | c40f 0000 | 000f 841a | 0000 0048 | 83ec 0849 | bae0 2bdc | e9fc 7f00 
  0x000001d9a44bad80: 0041 ffd2 | 4883 c408 | e90d 0000 | 0049 bae0 | 2bdc e9fc | 7f00 0041 | ffd2 4883 | c420 58e9 
  0x000001d9a44bada0: cd00 0000 | 5948 8b55 | e848 8b52 | 0848 8b52 | 0845 0fb7 | 4501 410f | c841 c1e8 | 10e8 0500 
  0x000001d9a44badc0: 0000 e9aa | 0000 0048 | 8d44 2408 | 4c89 6dc0 | 498b cfc5 | f877 4989 | afa8 0200 | 0049 8987 
  0x000001d9a44bade0: 9802 0000 | 4883 ec20 | f7c4 0f00 | 0000 0f84 | 1a00 0000 | 4883 ec08 | 49ba 002e | a6e9 fc7f 
  0x000001d9a44bae00: 0000 41ff | d248 83c4 | 08e9 0d00 | 0000 49ba | 002e a6e9 | fc7f 0000 | 41ff d248 | 83c4 2049 
  0x000001d9a44bae20: c787 9802 | 0000 0000 | 0000 49c7 | 87a8 0200 | 0000 0000 | 0049 c787 | a002 0000 | 0000 0000 
  0x000001d9a44bae40: c5f8 7749 | 817f 0800 | 0000 000f | 8405 0000 | 00e9 aa60 | feff 498b | 87f0 0200 | 0049 c787 
  0x000001d9a44bae60: f002 0000 | 0000 0000 | 4c8b 6dc0 | 4c8b 75c8 | c341 0fb6 | 5d03 4983 | c503 49ba | 909a 28ea 
  0x000001d9a44bae80: fc7f 0000 | 41ff 24da | 0000 0000 | 0000 0000 | 0000 0000 | 0000 0000 | 0000 0000 | 0000 0000 
[/MachCode]

---------------  P R O C E S S  ---------------

Threads class SMR info:
_java_thread_list=0x000001d9b56202e0, length=17, elements={
0x000001d99a3bec20, 0x000001d9ae242030, 0x000001d9ae243560, 0x000001d9ae24aef0,
0x000001d9ae24da90, 0x000001d9b343bd00, 0x000001d9b3443e10, 0x000001d9b344a130,
0x000001d9b344ca70, 0x000001d9b3454f80, 0x000001d99a420320, 0x000001d9b35c7b80,
0x000001d9b36238a0, 0x000001d9b551cc30, 0x000001d9b551d150, 0x000001d9b5604ce0,
0x000001d9b560f090
}

Java Threads: ( => current thread )
=>0x000001d99a3bec20 JavaThread "main" [_thread_in_vm, id=65960, stack(0x000000b813f00000,0x000000b814000000)]
  0x000001d9ae242030 JavaThread "Reference Handler" daemon [_thread_blocked, id=65984, stack(0x000000b814200000,0x000000b814300000)]
  0x000001d9ae243560 JavaThread "Finalizer" daemon [_thread_blocked, id=65988, stack(0x000000b814300000,0x000000b814400000)]
  0x000001d9ae24aef0 JavaThread "Signal Dispatcher" daemon [_thread_blocked, id=66000, stack(0x000000b814400000,0x000000b814500000)]
  0x000001d9ae24da90 JavaThread "Attach Listener" daemon [_thread_blocked, id=66004, stack(0x000000b814500000,0x000000b814600000)]
  0x000001d9b343bd00 JavaThread "Service Thread" daemon [_thread_blocked, id=66008, stack(0x000000b814600000,0x000000b814700000)]
  0x000001d9b3443e10 JavaThread "Monitor Deflation Thread" daemon [_thread_blocked, id=66012, stack(0x000000b814700000,0x000000b814800000)]
  0x000001d9b344a130 JavaThread "C2 CompilerThread0" daemon [_thread_blocked, id=66016, stack(0x000000b814800000,0x000000b814900000)]
  0x000001d9b344ca70 JavaThread "C1 CompilerThread0" daemon [_thread_blocked, id=66020, stack(0x000000b814900000,0x000000b814a00000)]
  0x000001d9b3454f80 JavaThread "Sweeper thread" daemon [_thread_blocked, id=66024, stack(0x000000b814a00000,0x000000b814b00000)]
  0x000001d99a420320 JavaThread "Common-Cleaner" daemon [_thread_blocked, id=66064, stack(0x000000b814b00000,0x000000b814c00000)]
  0x000001d9b35c7b80 JavaThread "C1 CompilerThread1" daemon [_thread_blocked, id=66096, stack(0x000000b814c00000,0x000000b814d00000)]
  0x000001d9b36238a0 JavaThread "C2 CompilerThread1" daemon [_thread_blocked, id=66120, stack(0x000000b814d00000,0x000000b814e00000)]
  0x000001d9b551cc30 JavaThread "C1 CompilerThread2" daemon [_thread_blocked, id=66204, stack(0x000000b814e00000,0x000000b814f00000)]
  0x000001d9b551d150 JavaThread "C1 CompilerThread3" daemon [_thread_blocked, id=66208, stack(0x000000b814f00000,0x000000b815000000)]
  0x000001d9b5604ce0 JavaThread "Notification Thread" daemon [_thread_blocked, id=66216, stack(0x000000b815000000,0x000000b815100000)]
  0x000001d9b560f090 JavaThread "C2 CompilerThread2" daemon [_thread_blocked, id=66232, stack(0x000000b815200000,0x000000b815300000)]

Other Threads:
  0x000001d99a46e050 VMThread "VM Thread" [stack: 0x000000b814100000,0x000000b814200000] [id=65976]
  0x000001d9b5604650 WatcherThread [stack: 0x000000b815100000,0x000000b815200000] [id=66220]
  0x000001d99a3d3400 GCTaskThread "GC Thread#0" [stack: 0x000000b814000000,0x000000b814100000] [id=65968]

Threads with active compile tasks:

VM state: not at safepoint (normal execution)

VM Mutex/Monitor currently owned by a thread:  ([mutex/lock_event])
[0x000001d99824bd60] Metaspace_lock - owner thread: 0x000001d99a3bec20

Heap address: 0x00000000c0000000, size: 1024 MB, Compressed Oops mode: 32-bit

CDS archive(s) not mapped
Compressed class space mapped at: 0x0000000100000000-0x0000000140000000, reserved size: 1073741824
Narrow klass base: 0x0000000000000000, Narrow klass shift: 3, Narrow klass range: 0x140000000

GC Precious Log:
 CPUs: 16 total, 16 available
 Memory: 15628M
 Large Page Support: Disabled
 NUMA Support: Disabled
 Compressed Oops: Enabled (32-bit)
 Alignments: Space 512K, Generation 512K, Heap 2M
 Heap Min Capacity: 100M
 Heap Initial Capacity: 100M
 Heap Max Capacity: 1G
 Pre-touch: Disabled
 Parallel Workers: 13

Heap:
 PSYoungGen      total 29696K, used 12968K [0x00000000eab00000, 0x00000000ecc00000, 0x0000000100000000)
  eden space 25600K, 50% used [0x00000000eab00000,0x00000000eb7aa388,0x00000000ec400000)
  from space 4096K, 0% used [0x00000000ec800000,0x00000000ec800000,0x00000000ecc00000)
  to   space 4096K, 0% used [0x00000000ec400000,0x00000000ec400000,0x00000000ec800000)
 ParOldGen       total 68608K, used 0K [0x00000000c0000000, 0x00000000c4300000, 0x00000000eab00000)
  object space 68608K, 0% used [0x00000000c0000000,0x00000000c0000000,0x00000000c4300000)
 Metaspace       used 8079K, committed 8128K, reserved 1114112K
  class space    used 797K, committed 832K, reserved 1048576K

Card table byte_map: [0x000001d999d50000,0x000001d999f60000] _byte_map_base: 0x000001d999750000

Marking Bits: (ParMarkBitMap*) 0x00007ffcea27d0b0
 Begin Bits: [0x000001d9ac050000, 0x000001d9ad050000)
 End Bits:   [0x000001d9ad050000, 0x000001d9ae050000)

Polling page: 0x000001d998340000

Metaspace:

Usage:
  Non-class:      7.11 MB used.
      Class:    797.80 KB used.
       Both:      7.89 MB used.

Virtual space:
  Non-class space:       64.00 MB reserved,       7.12 MB ( 11%) committed,  1 nodes.
      Class space:        1.00 GB reserved,     832.00 KB ( <1%) committed,  1 nodes.
             Both:        1.06 GB reserved,       7.94 MB ( <1%) committed. 

Chunk freelists:
   Non-Class:  8.00 MB
       Class:  15.09 MB
        Both:  23.09 MB

MaxMetaspaceSize: unlimited
CompressedClassSpaceSize: 1.00 GB
Initial GC threshold: 21.00 MB
Current GC threshold: 21.00 MB
CDS: off
MetaspaceReclaimPolicy: balanced
 - commit_granule_bytes: 65536.
 - commit_granule_words: 8192.
 - virtual_space_node_default_size: 8388608.
 - enlarge_chunks_in_place: 1.
 - new_chunks_are_fully_committed: 0.
 - uncommit_free_chunks: 1.
 - use_allocation_guard: 0.
 - handle_deallocations: 1.


Internal statistics:

num_allocs_failed_limit: 0.
num_arena_births: 14.
num_arena_deaths: 0.
num_vsnodes_births: 2.
num_vsnodes_deaths: 0.
num_space_committed: 127.
num_space_uncommitted: 0.
num_chunks_returned_to_freelist: 0.
num_chunks_taken_from_freelist: 47.
num_chunk_merges: 0.
num_chunk_splits: 24.
num_chunks_enlarged: 18.
num_inconsistent_stats: 0.

CodeHeap 'non-profiled nmethods': size=119168Kb used=191Kb max_used=191Kb free=118976Kb
 bounds [0x000001d9a4bf0000, 0x000001d9a4e60000, 0x000001d9ac050000]
CodeHeap 'profiled nmethods': size=119104Kb used=842Kb max_used=842Kb free=118261Kb
 bounds [0x000001d99d050000, 0x000001d99d2c0000, 0x000001d9a44a0000]
CodeHeap 'non-nmethods': size=7488Kb used=2817Kb max_used=2832Kb free=4671Kb
 bounds [0x000001d9a44a0000, 0x000001d9a4770000, 0x000001d9a4bf0000]
 total_blobs=992 nmethods=576 adapters=328
 compilation: enabled
              stopped_count=0, restarted_count=0
 full_count=0

Compilation events (20 events):
Event: 0.281 Thread 0x000001d9b551cc30 nmethod 571 0x000001d9a4c1c510 code [0x000001d9a4c1c6a0, 0x000001d9a4c1c778]
Event: 0.281 Thread 0x000001d9b35c7b80 nmethod 568 0x000001d99d120990 code [0x000001d99d120b40, 0x000001d99d120d38]
Event: 0.281 Thread 0x000001d9b344ca70 nmethod 570 0x000001d99d120e10 code [0x000001d99d120fc0, 0x000001d99d121208]
Event: 0.281 Thread 0x000001d9b560f090 nmethod 551 0x000001d9a4c1c810 code [0x000001d9a4c1c9a0, 0x000001d9a4c1ca88]
Event: 0.281 Thread 0x000001d9b560f090  558       4       java.lang.StringLatin1::lastIndexOf (40 bytes)
Event: 0.281 Thread 0x000001d9b551d150 nmethod 561 0x000001d99d11d510 code [0x000001d99d11d9c0, 0x000001d99d11fae8]
Event: 0.282 Thread 0x000001d9b551d150  572       3       java.util.regex.Pattern::isSupplementary (21 bytes)
Event: 0.282 Thread 0x000001d9b344ca70  573       3       java.lang.Character::isSurrogate (18 bytes)
Event: 0.282 Thread 0x000001d9b344ca70 nmethod 573 0x000001d99d121310 code [0x000001d99d1214a0, 0x000001d99d121638]
Event: 0.282 Thread 0x000001d9b551d150 nmethod 572 0x000001d99d121710 code [0x000001d99d1218c0, 0x000001d99d121b38]
Event: 0.283 Thread 0x000001d9b551d150  574       3       java.lang.reflect.Modifier::isPublic (12 bytes)
Event: 0.283 Thread 0x000001d9b35c7b80  575       3       java.lang.Enum::equals (11 bytes)
Event: 0.283 Thread 0x000001d9b551d150 nmethod 574 0x000001d99d121c10 code [0x000001d99d121da0, 0x000001d99d121ef8]
Event: 0.283 Thread 0x000001d9b344a130 nmethod 545 0x000001d9a4c1cb90 code [0x000001d9a4c1cd60, 0x000001d9a4c1d398]
Event: 0.283 Thread 0x000001d9b35c7b80 nmethod 575 0x000001d99d121f90 code [0x000001d99d122120, 0x000001d99d122298]
Event: 0.283 Thread 0x000001d9b551d150  576       3       java.util.regex.Pattern::peek (26 bytes)
Event: 0.283 Thread 0x000001d9b344a130  569       4       java.lang.Integer::parseInt (264 bytes)
Event: 0.283 Thread 0x000001d9b560f090 nmethod 558 0x000001d9a4c1d810 code [0x000001d9a4c1d980, 0x000001d9a4c1dad8]
Event: 0.283 Thread 0x000001d9b560f090  555       4       java.lang.CharacterData::of (136 bytes)
Event: 0.283 Thread 0x000001d9b551d150 nmethod 576 0x000001d99d122310 code [0x000001d99d1224c0, 0x000001d99d122728]

GC Heap History (0 events):
No events

Dll operation events (8 events):
Event: 0.007 Loaded shared library c:\Users\Luis García Díaz\.vscode\extensions\redhat.java-1.26.0-win32-x64\jre\17.0.9-win32-x86_64\bin\java.dll
Event: 0.119 Loaded shared library c:\Users\Luis García Díaz\.vscode\extensions\redhat.java-1.26.0-win32-x64\jre\17.0.9-win32-x86_64\bin\zip.dll
Event: 0.121 Loaded shared library C:\Users\Luis García Díaz\.vscode\extensions\redhat.java-1.26.0-win32-x64\jre\17.0.9-win32-x86_64\bin\instrument.dll
Event: 0.132 Loaded shared library C:\Users\Luis García Díaz\.vscode\extensions\redhat.java-1.26.0-win32-x64\jre\17.0.9-win32-x86_64\bin\net.dll
Event: 0.133 Loaded shared library C:\Users\Luis García Díaz\.vscode\extensions\redhat.java-1.26.0-win32-x64\jre\17.0.9-win32-x86_64\bin\nio.dll
Event: 0.138 Loaded shared library C:\Users\Luis García Díaz\.vscode\extensions\redhat.java-1.26.0-win32-x64\jre\17.0.9-win32-x86_64\bin\zip.dll
Event: 0.148 Loaded shared library C:\Users\Luis García Díaz\.vscode\extensions\redhat.java-1.26.0-win32-x64\jre\17.0.9-win32-x86_64\bin\jimage.dll
Event: 0.190 Loaded shared library c:\Users\Luis García Díaz\.vscode\extensions\redhat.java-1.26.0-win32-x64\jre\17.0.9-win32-x86_64\bin\verify.dll

Deoptimization events (20 events):
Event: 0.241 Thread 0x000001d99a3bec20 DEOPT PACKING pc=0x000001d99d06bc80 sp=0x000000b813ffc9f0
Event: 0.241 Thread 0x000001d99a3bec20 DEOPT UNPACKING pc=0x000001d9a44f6e43 sp=0x000000b813ffbeb0 mode 0
Event: 0.243 Thread 0x000001d99a3bec20 DEOPT PACKING pc=0x000001d99d06bc80 sp=0x000000b813ffa7b0
Event: 0.243 Thread 0x000001d99a3bec20 DEOPT UNPACKING pc=0x000001d9a44f6e43 sp=0x000000b813ff9c70 mode 0
Event: 0.244 Thread 0x000001d99a3bec20 DEOPT PACKING pc=0x000001d99d06bc80 sp=0x000000b813ff9750
Event: 0.244 Thread 0x000001d99a3bec20 DEOPT UNPACKING pc=0x000001d9a44f6e43 sp=0x000000b813ff8c10 mode 0
Event: 0.244 Thread 0x000001d99a3bec20 DEOPT PACKING pc=0x000001d99d06bc80 sp=0x000000b813ff9750
Event: 0.244 Thread 0x000001d99a3bec20 DEOPT UNPACKING pc=0x000001d9a44f6e43 sp=0x000000b813ff8c10 mode 0
Event: 0.246 Thread 0x000001d99a3bec20 DEOPT PACKING pc=0x000001d99d06bc80 sp=0x000000b813ffabc0
Event: 0.246 Thread 0x000001d99a3bec20 DEOPT UNPACKING pc=0x000001d9a44f6e43 sp=0x000000b813ffa080 mode 0
Event: 0.247 Thread 0x000001d99a3bec20 DEOPT PACKING pc=0x000001d99d06bc80 sp=0x000000b813ffaef0
Event: 0.247 Thread 0x000001d99a3bec20 DEOPT UNPACKING pc=0x000001d9a44f6e43 sp=0x000000b813ffa3b0 mode 0
Event: 0.272 Thread 0x000001d99a3bec20 Uncommon trap: trap_request=0xffffff45 fr.pc=0x000001d9a4c07c18 relative=0x0000000000000098
Event: 0.272 Thread 0x000001d99a3bec20 Uncommon trap: reason=unstable_if action=reinterpret pc=0x000001d9a4c07c18 method=java.net.URI.match(CJJ)Z @ 45 c2
Event: 0.272 Thread 0x000001d99a3bec20 DEOPT PACKING pc=0x000001d9a4c07c18 sp=0x000000b813ffc7c0
Event: 0.272 Thread 0x000001d99a3bec20 DEOPT UNPACKING pc=0x000001d9a44f66a3 sp=0x000000b813ffc748 mode 2
Event: 0.276 Thread 0x000001d99a3bec20 Uncommon trap: trap_request=0xffffff45 fr.pc=0x000001d9a4c1a46c relative=0x000000000000060c
Event: 0.276 Thread 0x000001d99a3bec20 Uncommon trap: reason=unstable_if action=reinterpret pc=0x000001d9a4c1a46c method=java.lang.String.replace(Ljava/lang/CharSequence;Ljava/lang/CharSequence;)Ljava/lang/String; @ 48 c2
Event: 0.276 Thread 0x000001d99a3bec20 DEOPT PACKING pc=0x000001d9a4c1a46c sp=0x000000b813ffc730
Event: 0.276 Thread 0x000001d99a3bec20 DEOPT UNPACKING pc=0x000001d9a44f66a3 sp=0x000000b813ffc6b0 mode 2

Classes unloaded (0 events):
No events

Classes redefined (0 events):
No events

Internal exceptions (4 events):
Event: 0.099 Thread 0x000001d99a3bec20 Exception <a 'java/lang/NoSuchMethodError'{0x00000000eacb36d0}: 'void java.lang.invoke.DirectMethodHandle$Holder.invokeStatic(java.lang.Object, java.lang.Object, java.lang.Object)'> (0x00000000eacb36d0) 
thrown [s\src\hotspot\share\interpreter\linkResolver.cpp, line 759]
Event: 0.152 Thread 0x000001d99a3bec20 Exception <a 'java/lang/NoSuchMethodError'{0x00000000eadab960}: 'java.lang.Object java.lang.invoke.DirectMethodHandle$Holder.invokeStaticInit(java.lang.Object)'> (0x00000000eadab960) 
thrown [s\src\hotspot\share\interpreter\linkResolver.cpp, line 759]
Event: 0.152 Thread 0x000001d99a3bec20 Exception <a 'java/lang/NoSuchMethodError'{0x00000000eadb1930}: 'java.lang.Object java.lang.invoke.Invokers$Holder.invoke_MT(java.lang.Object, java.lang.Object, java.lang.Object)'> (0x00000000eadb1930) 
thrown [s\src\hotspot\share\interpreter\linkResolver.cpp, line 759]
Event: 0.202 Thread 0x000001d99a3bec20 Exception <a 'java/lang/reflect/InvocationTargetException'{0x00000000eb107af0}> (0x00000000eb107af0) 
thrown [s\src\hotspot\share\runtime\reflection.cpp, line 1121]

VM Operations (4 events):
Event: 0.103 Executing VM operation: HandshakeAllThreads
Event: 0.103 Executing VM operation: HandshakeAllThreads done
Event: 0.163 Executing VM operation: HandshakeAllThreads
Event: 0.163 Executing VM operation: HandshakeAllThreads done

Events (20 events):
Event: 0.281 loading class java/util/StringTokenizer done
Event: 0.281 loading class sun/security/util/DisabledAlgorithmConstraints$KeySizeConstraint
Event: 0.281 loading class sun/security/util/DisabledAlgorithmConstraints$Constraint
Event: 0.281 loading class sun/security/util/DisabledAlgorithmConstraints$Constraint done
Event: 0.281 loading class sun/security/util/DisabledAlgorithmConstraints$KeySizeConstraint done
Event: 0.281 loading class sun/security/util/DisabledAlgorithmConstraints$Constraint$Operator
Event: 0.282 loading class sun/security/util/DisabledAlgorithmConstraints$Constraint$Operator done
Event: 0.282 loading class sun/security/util/DisabledAlgorithmConstraints$1
Event: 0.282 loading class sun/security/util/DisabledAlgorithmConstraints$1 done
Event: 0.282 loading class sun/security/util/DisabledAlgorithmConstraints$DisabledConstraint
Event: 0.282 loading class sun/security/util/DisabledAlgorithmConstraints$DisabledConstraint done
Event: 0.282 loading class sun/security/util/DisabledAlgorithmConstraints$Constraints$Holder
Event: 0.282 loading class sun/security/util/DisabledAlgorithmConstraints$Constraints$Holder done
Event: 0.282 loading class java/util/regex/CharPredicates
Event: 0.282 loading class java/util/regex/CharPredicates done
Event: 0.283 loading class java/util/regex/Pattern$BnM
Event: 0.283 loading class java/util/regex/Pattern$BnM done
Event: 0.283 loading class java/util/regex/Pattern$SliceS
Event: 0.283 loading class java/util/regex/Pattern$SliceS done
Event: 0.283 loading class sun/security/util/DisabledAlgorithmConstraints$DenyAfterConstraint


Dynamic libraries:
0x00007ff61f880000 - 0x00007ff61f88e000 	c:\Users\Luis García Díaz\.vscode\extensions\redhat.java-1.26.0-win32-x64\jre\17.0.9-win32-x86_64\bin\java.exe
0x00007ffd2ac50000 - 0x00007ffd2ae67000 	C:\WINDOWS\SYSTEM32\ntdll.dll
0x00007ffd2aa10000 - 0x00007ffd2aad4000 	C:\WINDOWS\System32\KERNEL32.DLL
0x00007ffd28420000 - 0x00007ffd287c6000 	C:\WINDOWS\System32\KERNELBASE.dll
0x00007ffd28030000 - 0x00007ffd28141000 	C:\WINDOWS\System32\ucrtbase.dll
0x00007ffd136a0000 - 0x00007ffd136bb000 	c:\Users\Luis García Díaz\.vscode\extensions\redhat.java-1.26.0-win32-x64\jre\17.0.9-win32-x86_64\bin\VCRUNTIME140.dll
0x00007ffd13680000 - 0x00007ffd13697000 	c:\Users\Luis García Díaz\.vscode\extensions\redhat.java-1.26.0-win32-x64\jre\17.0.9-win32-x86_64\bin\jli.dll
0x00007ffd29140000 - 0x00007ffd292ee000 	C:\WINDOWS\System32\USER32.dll
0x00007ffd28800000 - 0x00007ffd28826000 	C:\WINDOWS\System32\win32u.dll
0x00007ffd14620000 - 0x00007ffd148b3000 	C:\WINDOWS\WinSxS\amd64_microsoft.windows.common-controls_6595b64144ccf1df_6.0.22621.2506_none_270c5ae97388e100\COMCTL32.dll
0x00007ffd29330000 - 0x00007ffd29359000 	C:\WINDOWS\System32\GDI32.dll
0x00007ffd289b0000 - 0x00007ffd28a57000 	C:\WINDOWS\System32\msvcrt.dll
0x00007ffd281c0000 - 0x00007ffd282d8000 	C:\WINDOWS\System32\gdi32full.dll
0x00007ffd27f90000 - 0x00007ffd2802a000 	C:\WINDOWS\System32\msvcp_win.dll
0x00007ffd292f0000 - 0x00007ffd29321000 	C:\WINDOWS\System32\IMM32.DLL
0x00007ffd245a0000 - 0x00007ffd245ac000 	c:\Users\Luis García Díaz\.vscode\extensions\redhat.java-1.26.0-win32-x64\jre\17.0.9-win32-x86_64\bin\vcruntime140_1.dll
0x00007ffcebfe0000 - 0x00007ffcec06d000 	c:\Users\Luis García Díaz\.vscode\extensions\redhat.java-1.26.0-win32-x64\jre\17.0.9-win32-x86_64\bin\msvcp140.dll
0x00007ffce96e0000 - 0x00007ffcea341000 	c:\Users\Luis García Díaz\.vscode\extensions\redhat.java-1.26.0-win32-x64\jre\17.0.9-win32-x86_64\bin\server\jvm.dll
0x00007ffd29920000 - 0x00007ffd299d3000 	C:\WINDOWS\System32\ADVAPI32.dll
0x00007ffd2ab60000 - 0x00007ffd2ac08000 	C:\WINDOWS\System32\sechost.dll
0x00007ffd287d0000 - 0x00007ffd287f8000 	C:\WINDOWS\System32\bcrypt.dll
0x00007ffd29360000 - 0x00007ffd29477000 	C:\WINDOWS\System32\RPCRT4.dll
0x00007ffd22d70000 - 0x00007ffd22d79000 	C:\WINDOWS\SYSTEM32\WSOCK32.dll
0x00007ffd27e60000 - 0x00007ffd27ead000 	C:\WINDOWS\SYSTEM32\POWRPROF.dll
0x00007ffd1e770000 - 0x00007ffd1e7a4000 	C:\WINDOWS\SYSTEM32\WINMM.dll
0x00007ffd29a70000 - 0x00007ffd29ae1000 	C:\WINDOWS\System32\WS2_32.dll
0x00007ffd1e8b0000 - 0x00007ffd1e8ba000 	C:\WINDOWS\SYSTEM32\VERSION.dll
0x00007ffd27e40000 - 0x00007ffd27e53000 	C:\WINDOWS\SYSTEM32\UMPDC.dll
0x00007ffd26f80000 - 0x00007ffd26f98000 	C:\WINDOWS\SYSTEM32\kernel.appcore.dll
0x00007ffd1e950000 - 0x00007ffd1e95a000 	c:\Users\Luis García Díaz\.vscode\extensions\redhat.java-1.26.0-win32-x64\jre\17.0.9-win32-x86_64\bin\jimage.dll
0x00007ffd258c0000 - 0x00007ffd25af3000 	C:\WINDOWS\SYSTEM32\DBGHELP.DLL
0x00007ffd28c30000 - 0x00007ffd28fb9000 	C:\WINDOWS\System32\combase.dll
0x00007ffd29bf0000 - 0x00007ffd29cc7000 	C:\WINDOWS\System32\OLEAUT32.dll
0x00007ffd1e5d0000 - 0x00007ffd1e602000 	C:\WINDOWS\SYSTEM32\dbgcore.DLL
0x00007ffd282e0000 - 0x00007ffd2835a000 	C:\WINDOWS\System32\bcryptPrimitives.dll
0x00007ffd18740000 - 0x00007ffd1874e000 	c:\Users\Luis García Díaz\.vscode\extensions\redhat.java-1.26.0-win32-x64\jre\17.0.9-win32-x86_64\bin\instrument.dll
0x00007ffd13650000 - 0x00007ffd13675000 	c:\Users\Luis García Díaz\.vscode\extensions\redhat.java-1.26.0-win32-x64\jre\17.0.9-win32-x86_64\bin\java.dll
0x00007ffd13630000 - 0x00007ffd13648000 	c:\Users\Luis García Díaz\.vscode\extensions\redhat.java-1.26.0-win32-x64\jre\17.0.9-win32-x86_64\bin\zip.dll
0x00007ffd2a1b0000 - 0x00007ffd2aa0a000 	C:\WINDOWS\System32\SHELL32.dll
0x00007ffd25e90000 - 0x00007ffd26786000 	C:\WINDOWS\SYSTEM32\windows.storage.dll
0x00007ffd25d50000 - 0x00007ffd25e8e000 	C:\WINDOWS\SYSTEM32\wintypes.dll
0x00007ffd29660000 - 0x00007ffd29753000 	C:\WINDOWS\System32\SHCORE.dll
0x00007ffd290c0000 - 0x00007ffd2911e000 	C:\WINDOWS\System32\shlwapi.dll
0x00007ffd27ec0000 - 0x00007ffd27ee6000 	C:\WINDOWS\SYSTEM32\profapi.dll
0x00007ffd0dd60000 - 0x00007ffd0dd79000 	C:\Users\Luis García Díaz\.vscode\extensions\redhat.java-1.26.0-win32-x64\jre\17.0.9-win32-x86_64\bin\net.dll
0x00007ffd21c00000 - 0x00007ffd21d37000 	C:\WINDOWS\SYSTEM32\WINHTTP.dll
0x00007ffd273f0000 - 0x00007ffd27459000 	C:\WINDOWS\system32\mswsock.dll
0x00007ffd0d870000 - 0x00007ffd0d886000 	C:\Users\Luis García Díaz\.vscode\extensions\redhat.java-1.26.0-win32-x64\jre\17.0.9-win32-x86_64\bin\nio.dll
0x00007ffd17340000 - 0x00007ffd17350000 	c:\Users\Luis García Díaz\.vscode\extensions\redhat.java-1.26.0-win32-x64\jre\17.0.9-win32-x86_64\bin\verify.dll

dbghelp: loaded successfully - version: 4.0.5 - missing functions: none
symbol engine: initialized successfully - sym options: 0x614 - pdb path: .;c:\Users\Luis García Díaz\.vscode\extensions\redhat.java-1.26.0-win32-x64\jre\17.0.9-win32-x86_64\bin;C:\WINDOWS\SYSTEM32;C:\WINDOWS\WinSxS\amd64_microsoft.windows.common-controls_6595b64144ccf1df_6.0.22621.2506_none_270c5ae97388e100;c:\Users\Luis García Díaz\.vscode\extensions\redhat.java-1.26.0-win32-x64\jre\17.0.9-win32-x86_64\bin\server

VM Arguments:
jvm_args: --add-modules=ALL-SYSTEM --add-opens=java.base/java.util=ALL-UNNAMED --add-opens=java.base/java.lang=ALL-UNNAMED --add-opens=java.base/sun.nio.fs=ALL-UNNAMED -Declipse.application=org.eclipse.jdt.ls.core.id1 -Dosgi.bundles.defaultStartLevel=4 -Declipse.product=org.eclipse.jdt.ls.core.product -Djava.import.generatesMetadataFilesAtProjectRoot=false -DDetectVMInstallationsJob.disabled=true -Dfile.encoding=utf8 -XX:+UseParallelGC -XX:GCTimeRatio=4 -XX:AdaptiveSizePolicyWeight=90 -Dsun.zip.disableMemoryMapping=true -Xmx1G -Xms100m -Xlog:disable -javaagent:c:\Users\Luis García Díaz\.vscode\extensions\redhat.java-1.26.0-win32-x64\lombok\lombok-1.18.31-3454.jar -XX:+HeapDumpOnOutOfMemoryError -XX:HeapDumpPath=c:\Users\Luis García Díaz\AppData\Roaming\Code\User\workspaceStorage\9f5ca029dd32ae4ab79c50f7157500ab\redhat.java -Daether.dependencyCollector.impl=bf 
java_command: c:\Users\Luis García Díaz\.vscode\extensions\redhat.java-1.26.0-win32-x64\server\plugins\org.eclipse.equinox.launcher_1.6.700.v20231214-2017.jar -configuration c:\Users\Luis García Díaz\AppData\Roaming\Code\User\globalStorage\redhat.java\1.26.0\config_win -data c:\Users\Luis García Díaz\AppData\Roaming\Code\User\workspaceStorage\9f5ca029dd32ae4ab79c50f7157500ab\redhat.java\jdt_ws --stdio
java_class_path (initial): c:\Users\Luis García Díaz\.vscode\extensions\redhat.java-1.26.0-win32-x64\server\plugins\org.eclipse.equinox.launcher_1.6.700.v20231214-2017.jar
Launcher Type: SUN_STANDARD

[Global flags]
    uintx AdaptiveSizePolicyWeight                 = 90                                        {product} {command line}
     intx CICompilerCount                          = 12                                        {product} {ergonomic}
    uintx GCTimeRatio                              = 4                                         {product} {command line}
     bool HeapDumpOnOutOfMemoryError               = true                                   {manageable} {command line}
    ccstr HeapDumpPath                             = c:\Users\Luis García Díaz\AppData\Roaming\Code\User\workspaceStorage\9f5ca029dd32ae4ab79c50f7157500ab\redhat.java         {manageable} {command line}
   size_t InitialHeapSize                          = 104857600                                 {product} {command line}
   size_t MaxHeapSize                              = 1073741824                                {product} {command line}
   size_t MaxNewSize                               = 357564416                                 {product} {ergonomic}
   size_t MinHeapDeltaBytes                        = 524288                                    {product} {ergonomic}
   size_t MinHeapSize                              = 104857600                                 {product} {command line}
   size_t NewSize                                  = 34603008                                  {product} {ergonomic}
    uintx NonNMethodCodeHeapSize                   = 7602480                                {pd product} {ergonomic}
    uintx NonProfiledCodeHeapSize                  = 122027880                              {pd product} {ergonomic}
   size_t OldSize                                  = 70254592                                  {product} {ergonomic}
    uintx ProfiledCodeHeapSize                     = 122027880                              {pd product} {ergonomic}
    uintx ReservedCodeCacheSize                    = 251658240                              {pd product} {ergonomic}
     bool SegmentedCodeCache                       = true                                      {product} {ergonomic}
   size_t SoftMaxHeapSize                          = 1073741824                             {manageable} {ergonomic}
     bool UseCompressedClassPointers               = true                           {product lp64_product} {ergonomic}
     bool UseCompressedOops                        = true                           {product lp64_product} {ergonomic}
     bool UseLargePagesIndividualAllocation        = false                                  {pd product} {ergonomic}
     bool UseParallelGC                            = true                                      {product} {command line}

Logging:
Log output configuration:
 #0: stdout all=off uptime,level,tags
 #1: stderr all=off uptime,level,tags

Environment Variables:
PATH=C:\Program Files\Common Files\Oracle\Java\javapath;C:\WINDOWS\system32;C:\WINDOWS;C:\WINDOWS\System32\Wbem;C:\WINDOWS\System32\WindowsPowerShell\v1.0\;C:\WINDOWS\System32\OpenSSH\;C:\Program Files\dotnet\;C:\Program Files\NVIDIA Corporation\NVIDIA NvDLISR;C:\Program Files (x86)\NVIDIA Corporation\PhysX\Common;C:\Program Files\MySQL\MySQL Server 8.0\bin;C:\Users\Luis García Díaz\AppData\Local\Programs\Python\Launcher\;C:\Users\Luis García Díaz\AppData\Local\Programs\Python\Python311\Scripts\;C:\Users\Luis García Díaz\AppData\Local\Programs\Python\Python311\;C:\Users\Luis García Díaz\AppData\Local\Microsoft\WindowsApps;C:\Users\Luis García Díaz\AppData\Local\Programs\Microsoft VS Code\bin;C:\Users\Luis García Díaz\AppData\Local\GitHubDesktop\bin
USERNAME=Luis García Díaz
OS=Windows_NT
PROCESSOR_IDENTIFIER=AMD64 Family 25 Model 68 Stepping 1, AuthenticAMD
TMP=C:\Users\LUISGA~1\AppData\Local\Temp
TEMP=C:\Users\LUISGA~1\AppData\Local\Temp



Periodic native trim disabled


---------------  S Y S T E M  ---------------

OS:
 Windows 11 , 64 bit Build 22621 (10.0.22621.2506)
OS uptime: 1 days 16:53 hours
Hyper-V role detected

CPU: total 16 (initial active 16) (16 cores per cpu, 2 threads per core) family 25 model 68 stepping 1 microcode 0x0, cx8, cmov, fxsr, ht, mmx, 3dnowpref, sse, sse2, sse3, ssse3, sse4a, sse4.1, sse4.2, popcnt, lzcnt, tsc, tscinvbit, avx, avx2, aes, erms, clmul, bmi1, bmi2, adx, sha, fma, vzeroupper, clflush, clflushopt, hv
Processor Information for all 16 processors :
  Max Mhz: 3201, Current Mhz: 3201, Mhz Limit: 3201

Memory: 4k page, system-wide physical 15628M (5994M free)
TotalPageFile size 62732M (AvailPageFile size 3M)
current process WorkingSet (physical memory assigned to process): 50M, peak: 50M
current process commit charge ("private bytes"): 207M, peak: 207M

vm_info: OpenJDK 64-Bit Server VM (17.0.9+9) for windows-amd64 JRE (17.0.9+9), built on Oct 26 2023 14:01:42 by "admin" with MS VC++ 16.10 / 16.11 (VS2019)

END.
