#
# There is insufficient memory for the Java Runtime Environment to continue.
# Native memory allocation (mmap) failed to map 65536 bytes for Failed to commit metaspace.
# Possible reasons:
#   The system is out of physical RAM or swap space
#   The process is running with CompressedOops enabled, and the Java Heap may be blocking the growth of the native heap
# Possible solutions:
#   Reduce memory load on the system
#   Increase physical memory or swap space
#   Check if swap backing store is full
#   Decrease Java heap size (-Xmx/-Xms)
#   Decrease number of Java threads
#   Decrease Java thread stack sizes (-Xss)
#   Set larger code cache with -XX:ReservedCodeCacheSize=
#   JVM is running with Unscaled Compressed Oops mode in which the Java heap is
#     placed in the first 4GB address space. The Java Heap base address is the
#     maximum limit for the native heap growth. Please use -XX:HeapBaseMinAddress
#     to set the Java Heap base and to place the Java Heap above 4GB virtual address.
# This output file may be truncated or incomplete.
#
#  Out of Memory Error (virtualSpaceNode.cpp:110), pid=66256, tid=66280
#
# JRE version: OpenJDK Runtime Environment Temurin-17.0.9+9 (17.0.9+9) (build 17.0.9+9)
# Java VM: OpenJDK 64-Bit Server VM Temurin-17.0.9+9 (17.0.9+9, mixed mode, tiered, compressed oops, compressed class ptrs, parallel gc, windows-amd64)
# No core dump will be written. Minidumps are not enabled by default on client versions of Windows
#

---------------  S U M M A R Y ------------

Command Line: --add-modules=ALL-SYSTEM --add-opens=java.base/java.util=ALL-UNNAMED --add-opens=java.base/java.lang=ALL-UNNAMED --add-opens=java.base/sun.nio.fs=ALL-UNNAMED -Declipse.application=org.eclipse.jdt.ls.core.id1 -Dosgi.bundles.defaultStartLevel=4 -Declipse.product=org.eclipse.jdt.ls.core.product -Djava.import.generatesMetadataFilesAtProjectRoot=false -DDetectVMInstallationsJob.disabled=true -Dfile.encoding=utf8 -XX:+UseParallelGC -XX:GCTimeRatio=4 -XX:AdaptiveSizePolicyWeight=90 -Dsun.zip.disableMemoryMapping=true -Xmx1G -Xms100m -Xlog:disable -javaagent:c:\Users\Luis García Díaz\.vscode\extensions\redhat.java-1.26.0-win32-x64\lombok\lombok-1.18.31-3454.jar -XX:+HeapDumpOnOutOfMemoryError -XX:HeapDumpPath=c:\Users\Luis García Díaz\AppData\Roaming\Code\User\workspaceStorage\9f5ca029dd32ae4ab79c50f7157500ab\redhat.java -Daether.dependencyCollector.impl=bf c:\Users\Luis García Díaz\.vscode\extensions\redhat.java-1.26.0-win32-x64\server\plugins\org.eclipse.equinox.launcher_1.6.700.v20231214-2017.jar -configuration c:\Users\Luis García Díaz\AppData\Roaming\Code\User\globalStorage\redhat.java\1.26.0\config_win -data c:\Users\Luis García Díaz\AppData\Roaming\Code\User\workspaceStorage\9f5ca029dd32ae4ab79c50f7157500ab\redhat.java\jdt_ws --stdio

Host: AMD Ryzen 7 6800HS with Radeon Graphics         , 16 cores, 15G,  Windows 11 , 64 bit Build 22621 (10.0.22621.2506)
Time: Mon Jan 22 10:49:38 2024 Hora estándar romance elapsed time: 0.202958 seconds (0d 0h 0m 0s)

---------------  T H R E A D  ---------------

Current thread (0x0000029c3f3e0440):  JavaThread "main" [_thread_in_vm, id=66280, stack(0x000000ef6fa00000,0x000000ef6fb00000)]

Stack: [0x000000ef6fa00000,0x000000ef6fb00000]
Native frames: (J=compiled Java code, j=interpreted, Vv=VM code, C=native code)
V  [jvm.dll+0x67cf49]
V  [jvm.dll+0x83478a]
V  [jvm.dll+0x83624e]
V  [jvm.dll+0x8368b3]
V  [jvm.dll+0x247f1f]
V  [jvm.dll+0x83044b]
V  [jvm.dll+0x621776]
V  [jvm.dll+0x6217da]
V  [jvm.dll+0x62400a]
V  [jvm.dll+0x622116]
V  [jvm.dll+0x24588c]
V  [jvm.dll+0x6d3dfd]
V  [jvm.dll+0x6d483f]
V  [jvm.dll+0x373e84]
V  [jvm.dll+0x372f04]
V  [jvm.dll+0x372ea8]
V  [jvm.dll+0x382e8a]
C  0x0000029c494dae05

The last pc belongs to new (printed below).
Java frames: (J=compiled Java code, j=interpreted, Vv=VM code)
j  sun.security.util.Cache.newSoftMemoryCache(I)Lsun/security/util/Cache;+0 java.base@17.0.9
j  sun.security.provider.X509Factory.<clinit>()V+3 java.base@17.0.9
v  ~StubRoutines::call_stub
j  java.lang.Class.forName0(Ljava/lang/String;ZLjava/lang/ClassLoader;Ljava/lang/Class;)Ljava/lang/Class;+0 java.base@17.0.9
j  java.lang.Class.forName(Ljava/lang/String;)Ljava/lang/Class;+11 java.base@17.0.9
j  java.security.Provider$Service.getImplClass()Ljava/lang/Class;+64 java.base@17.0.9
j  java.security.Provider$Service.getDefaultConstructor()Ljava/lang/reflect/Constructor;+46 java.base@17.0.9
j  java.security.Provider$Service.newInstanceOf()Ljava/lang/Object;+1 java.base@17.0.9
j  java.security.Provider$Service.newInstanceUtil(Ljava/lang/Class;Ljava/lang/Object;)Ljava/lang/Object;+5 java.base@17.0.9
j  java.security.Provider$Service.newInstance(Ljava/lang/Object;)Ljava/lang/Object;+227 java.base@17.0.9
j  sun.security.jca.GetInstance.getInstance(Ljava/security/Provider$Service;Ljava/lang/Class;)Lsun/security/jca/GetInstance$Instance;+2 java.base@17.0.9
j  sun.security.jca.GetInstance.getInstance(Ljava/lang/String;Ljava/lang/Class;Ljava/lang/String;)Lsun/security/jca/GetInstance$Instance;+56 java.base@17.0.9
j  java.security.cert.CertificateFactory.getInstance(Ljava/lang/String;)Ljava/security/cert/CertificateFactory;+12 java.base@17.0.9
j  sun.security.pkcs.PKCS7.parseSignedData(Lsun/security/util/DerValue;)V+131 java.base@17.0.9
j  sun.security.pkcs.PKCS7.parse(Lsun/security/util/DerInputStream;Z)V+40 java.base@17.0.9
j  sun.security.pkcs.PKCS7.parse(Lsun/security/util/DerInputStream;)V+11 java.base@17.0.9
j  sun.security.pkcs.PKCS7.<init>([B)V+50 java.base@17.0.9
j  sun.security.util.SignatureFileVerifier.<init>(Ljava/util/ArrayList;Lsun/security/util/ManifestDigester;Ljava/lang/String;[B)V+40 java.base@17.0.9
j  java.util.jar.JarVerifier.processEntry(Lsun/security/util/ManifestEntryVerifier;)V+322 java.base@17.0.9
j  java.util.jar.JarVerifier.update(I[BIILsun/security/util/ManifestEntryVerifier;)V+39 java.base@17.0.9
j  java.util.jar.JarFile.initializeVerifier()V+163 java.base@17.0.9
j  java.util.jar.JarFile.ensureInitialization()V+41 java.base@17.0.9
j  java.util.jar.JavaUtilJarAccessImpl.ensureInitialization(Ljava/util/jar/JarFile;)V+1 java.base@17.0.9
j  jdk.internal.loader.URLClassPath$JarLoader$2.getManifest()Ljava/util/jar/Manifest;+10 java.base@17.0.9
j  jdk.internal.loader.BuiltinClassLoader.defineClass(Ljava/lang/String;Ljdk/internal/loader/Resource;)Ljava/lang/Class;+29 java.base@17.0.9
j  jdk.internal.loader.BuiltinClassLoader.findClassOnClassPathOrNull(Ljava/lang/String;)Ljava/lang/Class;+37 java.base@17.0.9
j  jdk.internal.loader.BuiltinClassLoader.loadClassOrNull(Ljava/lang/String;Z)Ljava/lang/Class;+111 java.base@17.0.9
j  jdk.internal.loader.BuiltinClassLoader.loadClass(Ljava/lang/String;Z)Ljava/lang/Class;+3 java.base@17.0.9
j  jdk.internal.loader.ClassLoaders$AppClassLoader.loadClass(Ljava/lang/String;Z)Ljava/lang/Class;+36 java.base@17.0.9
j  java.lang.ClassLoader.loadClass(Ljava/lang/String;)Ljava/lang/Class;+3 java.base@17.0.9
v  ~StubRoutines::call_stub
j  java.lang.Class.forName0(Ljava/lang/String;ZLjava/lang/ClassLoader;Ljava/lang/Class;)Ljava/lang/Class;+0 java.base@17.0.9
j  java.lang.Class.forName(Ljava/lang/String;ZLjava/lang/ClassLoader;)Ljava/lang/Class;+43 java.base@17.0.9
j  sun.launcher.LauncherHelper.loadMainClass(ILjava/lang/String;)Ljava/lang/Class;+95 java.base@17.0.9
j  sun.launcher.LauncherHelper.checkAndLoadMain(ZILjava/lang/String;)Ljava/lang/Class;+42 java.base@17.0.9
v  ~StubRoutines::call_stub
new  187 new  [0x0000029c494dac80, 0x0000029c494daea0]  544 bytes
[MachCode]
  0x0000029c494dac80: 4883 ec08 | c5fa 1104 | 24eb 1f48 | 83ec 10c5 | fb11 0424 | eb14 4883 | ec10 4889 | 0424 48c7 
  0x0000029c494daca0: 4424 0800 | 0000 00eb | 0150 410f | b755 010f | cac1 ea10 | 488b 4de8 | 488b 4908 | 488b 4908 
  0x0000029c494dacc0: 488b 4108 | 807c 1004 | 070f 85d6 | 0000 0066 | 8b54 d148 | 488b 4928 | 488b 4cd1 | 0851 80b9 
  0x0000029c494dace0: 3301 0000 | 040f 85b9 | 0000 008b | 5108 f7c2 | 0100 0000 | 0f85 aa00 | 0000 498b | 8708 0100 
  0x0000029c494dad00: 0048 8d1c | 1049 3b9f | 1801 0000 | 0f87 9200 | 0000 4989 | 9f08 0100 | 00e9 0000 | 0000 4883 
  0x0000029c494dad20: ea10 0f84 | 0f00 0000 | 33c9 c1ea | 0348 894c | d008 48ff | ca75 f648 | c700 0100 | 0000 5933 
  0x0000029c494dad40: f689 700c | 48c1 e903 | 8948 0849 | ba2f 3526 | eafc 7f00 | 0041 803a | 000f 8440 | 0000 0050 
  0x0000029c494dad60: 488b c848 | 83ec 20f7 | c40f 0000 | 000f 841a | 0000 0048 | 83ec 0849 | bae0 2bdc | e9fc 7f00 
  0x0000029c494dad80: 0041 ffd2 | 4883 c408 | e90d 0000 | 0049 bae0 | 2bdc e9fc | 7f00 0041 | ffd2 4883 | c420 58e9 
  0x0000029c494dada0: cd00 0000 | 5948 8b55 | e848 8b52 | 0848 8b52 | 0845 0fb7 | 4501 410f | c841 c1e8 | 10e8 0500 
  0x0000029c494dadc0: 0000 e9aa | 0000 0048 | 8d44 2408 | 4c89 6dc0 | 498b cfc5 | f877 4989 | afa8 0200 | 0049 8987 
  0x0000029c494dade0: 9802 0000 | 4883 ec20 | f7c4 0f00 | 0000 0f84 | 1a00 0000 | 4883 ec08 | 49ba 002e | a6e9 fc7f 
  0x0000029c494dae00: 0000 41ff | d248 83c4 | 08e9 0d00 | 0000 49ba | 002e a6e9 | fc7f 0000 | 41ff d248 | 83c4 2049 
  0x0000029c494dae20: c787 9802 | 0000 0000 | 0000 49c7 | 87a8 0200 | 0000 0000 | 0049 c787 | a002 0000 | 0000 0000 
  0x0000029c494dae40: c5f8 7749 | 817f 0800 | 0000 000f | 8405 0000 | 00e9 aa60 | feff 498b | 87f0 0200 | 0049 c787 
  0x0000029c494dae60: f002 0000 | 0000 0000 | 4c8b 6dc0 | 4c8b 75c8 | c341 0fb6 | 5d03 4983 | c503 49ba | 909a 28ea 
  0x0000029c494dae80: fc7f 0000 | 41ff 24da | 0000 0000 | 0000 0000 | 0000 0000 | 0000 0000 | 0000 0000 | 0000 0000 
[/MachCode]

---------------  P R O C E S S  ---------------

Threads class SMR info:
_java_thread_list=0x0000029c5a5cac20, length=17, elements={
0x0000029c3f3e0440, 0x0000029c5326a020, 0x0000029c5326b350, 0x0000029c58463450,
0x0000029c58463d20, 0x0000029c3f48d790, 0x0000029c3f48e960, 0x0000029c5844c6e0,
0x0000029c5844df30, 0x0000029c5844f020, 0x0000029c585113a0, 0x0000029c584d3e00,
0x0000029c3f442940, 0x0000029c5857d1f0, 0x0000029c585db060, 0x0000029c5a5854d0,
0x0000029c5a673de0
}

Java Threads: ( => current thread )
=>0x0000029c3f3e0440 JavaThread "main" [_thread_in_vm, id=66280, stack(0x000000ef6fa00000,0x000000ef6fb00000)]
  0x0000029c5326a020 JavaThread "Reference Handler" daemon [_thread_blocked, id=66308, stack(0x000000ef6fd00000,0x000000ef6fe00000)]
  0x0000029c5326b350 JavaThread "Finalizer" daemon [_thread_blocked, id=66312, stack(0x000000ef6fe00000,0x000000ef6ff00000)]
  0x0000029c58463450 JavaThread "Signal Dispatcher" daemon [_thread_blocked, id=66344, stack(0x000000ef6ff00000,0x000000ef70000000)]
  0x0000029c58463d20 JavaThread "Attach Listener" daemon [_thread_blocked, id=66348, stack(0x000000ef70000000,0x000000ef70100000)]
  0x0000029c3f48d790 JavaThread "Service Thread" daemon [_thread_blocked, id=66352, stack(0x000000ef70100000,0x000000ef70200000)]
  0x0000029c3f48e960 JavaThread "Monitor Deflation Thread" daemon [_thread_blocked, id=66356, stack(0x000000ef70200000,0x000000ef70300000)]
  0x0000029c5844c6e0 JavaThread "C2 CompilerThread0" daemon [_thread_blocked, id=66360, stack(0x000000ef70300000,0x000000ef70400000)]
  0x0000029c5844df30 JavaThread "C1 CompilerThread0" daemon [_thread_blocked, id=66364, stack(0x000000ef70400000,0x000000ef70500000)]
  0x0000029c5844f020 JavaThread "Sweeper thread" daemon [_thread_blocked, id=66368, stack(0x000000ef70500000,0x000000ef70600000)]
  0x0000029c585113a0 JavaThread "Common-Cleaner" daemon [_thread_blocked, id=66376, stack(0x000000ef70600000,0x000000ef70700000)]
  0x0000029c584d3e00 JavaThread "C1 CompilerThread1" daemon [_thread_blocked, id=66384, stack(0x000000ef70700000,0x000000ef70800000)]
  0x0000029c3f442940 JavaThread "C1 CompilerThread2" daemon [_thread_blocked, id=66388, stack(0x000000ef70800000,0x000000ef70900000)]
  0x0000029c5857d1f0 JavaThread "C2 CompilerThread1" daemon [_thread_blocked, id=66408, stack(0x000000ef70900000,0x000000ef70a00000)]
  0x0000029c585db060 JavaThread "C2 CompilerThread2" daemon [_thread_blocked, id=66412, stack(0x000000ef70a00000,0x000000ef70b00000)]
  0x0000029c5a5854d0 JavaThread "C1 CompilerThread3" daemon [_thread_blocked, id=66416, stack(0x000000ef70b00000,0x000000ef70c00000)]
  0x0000029c5a673de0 JavaThread "Notification Thread" daemon [_thread_blocked, id=66428, stack(0x000000ef70c00000,0x000000ef70d00000)]

Other Threads:
  0x0000029c3f486c70 VMThread "VM Thread" [stack: 0x000000ef6fc00000,0x000000ef6fd00000] [id=66296]
  0x0000029c5a6742c0 WatcherThread [stack: 0x000000ef70d00000,0x000000ef70e00000] [id=66432]
  0x0000029c3f3f58b0 GCTaskThread "GC Thread#0" [stack: 0x000000ef6fb00000,0x000000ef6fc00000] [id=66288]

Threads with active compile tasks:

VM state: not at safepoint (normal execution)

VM Mutex/Monitor currently owned by a thread:  ([mutex/lock_event])
[0x0000029c3f3dd7f0] Metaspace_lock - owner thread: 0x0000029c3f3e0440

Heap address: 0x00000000c0000000, size: 1024 MB, Compressed Oops mode: 32-bit

CDS archive(s) not mapped
Compressed class space mapped at: 0x0000000100000000-0x0000000140000000, reserved size: 1073741824
Narrow klass base: 0x0000000000000000, Narrow klass shift: 3, Narrow klass range: 0x140000000

GC Precious Log:
 CPUs: 16 total, 16 available
 Memory: 15628M
 Large Page Support: Disabled
 NUMA Support: Disabled
 Compressed Oops: Enabled (32-bit)
 Alignments: Space 512K, Generation 512K, Heap 2M
 Heap Min Capacity: 100M
 Heap Initial Capacity: 100M
 Heap Max Capacity: 1G
 Pre-touch: Disabled
 Parallel Workers: 13

Heap:
 PSYoungGen      total 29696K, used 11142K [0x00000000eab00000, 0x00000000ecc00000, 0x0000000100000000)
  eden space 25600K, 43% used [0x00000000eab00000,0x00000000eb5e1a88,0x00000000ec400000)
  from space 4096K, 0% used [0x00000000ec800000,0x00000000ec800000,0x00000000ecc00000)
  to   space 4096K, 0% used [0x00000000ec400000,0x00000000ec400000,0x00000000ec800000)
 ParOldGen       total 68608K, used 0K [0x00000000c0000000, 0x00000000c4300000, 0x00000000eab00000)
  object space 68608K, 0% used [0x00000000c0000000,0x00000000c0000000,0x00000000c4300000)
 Metaspace       used 7149K, committed 7232K, reserved 1114112K
  class space    used 699K, committed 768K, reserved 1048576K

Card table byte_map: [0x0000029c3eda0000,0x0000029c3efb0000] _byte_map_base: 0x0000029c3e7a0000

Marking Bits: (ParMarkBitMap*) 0x00007ffcea27d0b0
 Begin Bits: [0x0000029c51070000, 0x0000029c52070000)
 End Bits:   [0x0000029c52070000, 0x0000029c53070000)

Polling page: 0x0000029c3eb90000

Metaspace:

Usage:
  Non-class:      6.30 MB used.
      Class:    699.49 KB used.
       Both:      6.98 MB used.

Virtual space:
  Non-class space:       64.00 MB reserved,       6.31 MB ( 10%) committed,  1 nodes.
      Class space:        1.00 GB reserved,     768.00 KB ( <1%) committed,  1 nodes.
             Both:        1.06 GB reserved,       7.06 MB ( <1%) committed. 

Chunk freelists:
   Non-Class:  9.00 MB
       Class:  15.21 MB
        Both:  24.21 MB

MaxMetaspaceSize: unlimited
CompressedClassSpaceSize: 1.00 GB
Initial GC threshold: 21.00 MB
Current GC threshold: 21.00 MB
CDS: off
MetaspaceReclaimPolicy: balanced
 - commit_granule_bytes: 65536.
 - commit_granule_words: 8192.
 - virtual_space_node_default_size: 8388608.
 - enlarge_chunks_in_place: 1.
 - new_chunks_are_fully_committed: 0.
 - uncommit_free_chunks: 1.
 - use_allocation_guard: 0.
 - handle_deallocations: 1.


Internal statistics:

num_allocs_failed_limit: 0.
num_arena_births: 14.
num_arena_deaths: 0.
num_vsnodes_births: 2.
num_vsnodes_deaths: 0.
num_space_committed: 113.
num_space_uncommitted: 0.
num_chunks_returned_to_freelist: 0.
num_chunks_taken_from_freelist: 47.
num_chunk_merges: 0.
num_chunk_splits: 24.
num_chunks_enlarged: 17.
num_inconsistent_stats: 0.

CodeHeap 'non-profiled nmethods': size=119168Kb used=155Kb max_used=155Kb free=119012Kb
 bounds [0x0000029c49c10000, 0x0000029c49e80000, 0x0000029c51070000]
CodeHeap 'profiled nmethods': size=119104Kb used=741Kb max_used=741Kb free=118363Kb
 bounds [0x0000029c42070000, 0x0000029c422e0000, 0x0000029c494c0000]
CodeHeap 'non-nmethods': size=7488Kb used=2802Kb max_used=2821Kb free=4685Kb
 bounds [0x0000029c494c0000, 0x0000029c49790000, 0x0000029c49c10000]
 total_blobs=908 nmethods=511 adapters=309
 compilation: enabled
              stopped_count=0, restarted_count=0
 full_count=0

Compilation events (20 events):
Event: 0.198 Thread 0x0000029c584d3e00 nmethod 498 0x0000029c4211b790 code [0x0000029c4211bae0, 0x0000029c4211d448]
Event: 0.198 Thread 0x0000029c3f442940 nmethod 505 0x0000029c4211dc90 code [0x0000029c4211de40, 0x0000029c4211e0a8]
Event: 0.198 Thread 0x0000029c5857d1f0 nmethod 502 0x0000029c49c35190 code [0x0000029c49c35300, 0x0000029c49c353f8]
Event: 0.199 Thread 0x0000029c5a5854d0 nmethod 497 0x0000029c4211e190 code [0x0000029c4211eaa0, 0x0000029c42123018]
Event: 0.199 Thread 0x0000029c5844c6e0 nmethod 503 0x0000029c49c35510 code [0x0000029c49c356a0, 0x0000029c49c35838]
Event: 0.199 Thread 0x0000029c5844c6e0  506       4       java.lang.String::charAt (25 bytes)
Event: 0.200 Thread 0x0000029c5844c6e0 nmethod 506 0x0000029c49c35a10 code [0x0000029c49c35ba0, 0x0000029c49c35c88]
Event: 0.200 Thread 0x0000029c5844df30  507       3       java.lang.Number::<init> (5 bytes)
Event: 0.201 Thread 0x0000029c5844df30 nmethod 507 0x0000029c42124890 code [0x0000029c42124a20, 0x0000029c42124b78]
Event: 0.201 Thread 0x0000029c5844df30  508       3       java.lang.Integer::parseInt (264 bytes)
Event: 0.201 Thread 0x0000029c5a5854d0  509       3       java.lang.Integer::parseInt (7 bytes)
Event: 0.201 Thread 0x0000029c3f442940  510       3       sun.security.util.ObjectIdentifier::checkOidSize (86 bytes)
Event: 0.201 Thread 0x0000029c5a5854d0 nmethod 509 0x0000029c42124c10 code [0x0000029c42124da0, 0x0000029c42124ec8]
Event: 0.201 Thread 0x0000029c585db060 nmethod 501 0x0000029c49c35d90 code [0x0000029c49c35f40, 0x0000029c49c36508]
Event: 0.202 Thread 0x0000029c3f442940 nmethod 510 0x0000029c42124f90 code [0x0000029c421252a0, 0x0000029c42126028]
Event: 0.202 Thread 0x0000029c5a5854d0  511       1       sun.instrument.TransformerManager::getSnapshotTransformerList (5 bytes)
Event: 0.202 Thread 0x0000029c5a5854d0 nmethod 511 0x0000029c49c36910 code [0x0000029c49c36aa0, 0x0000029c49c36b78]
Event: 0.202 Thread 0x0000029c5a5854d0  512       1       sun.instrument.TransformerManager$TransformerInfo::transformer (5 bytes)
Event: 0.202 Thread 0x0000029c5844df30 nmethod 508 0x0000029c42126590 code [0x0000029c42126a20, 0x0000029c421287d8]
Event: 0.202 Thread 0x0000029c5a5854d0 nmethod 512 0x0000029c49c36c10 code [0x0000029c49c36da0, 0x0000029c49c36e78]

GC Heap History (0 events):
No events

Dll operation events (8 events):
Event: 0.004 Loaded shared library c:\Users\Luis García Díaz\.vscode\extensions\redhat.java-1.26.0-win32-x64\jre\17.0.9-win32-x86_64\bin\java.dll
Event: 0.076 Loaded shared library c:\Users\Luis García Díaz\.vscode\extensions\redhat.java-1.26.0-win32-x64\jre\17.0.9-win32-x86_64\bin\zip.dll
Event: 0.077 Loaded shared library C:\Users\Luis García Díaz\.vscode\extensions\redhat.java-1.26.0-win32-x64\jre\17.0.9-win32-x86_64\bin\instrument.dll
Event: 0.085 Loaded shared library C:\Users\Luis García Díaz\.vscode\extensions\redhat.java-1.26.0-win32-x64\jre\17.0.9-win32-x86_64\bin\net.dll
Event: 0.086 Loaded shared library C:\Users\Luis García Díaz\.vscode\extensions\redhat.java-1.26.0-win32-x64\jre\17.0.9-win32-x86_64\bin\nio.dll
Event: 0.090 Loaded shared library C:\Users\Luis García Díaz\.vscode\extensions\redhat.java-1.26.0-win32-x64\jre\17.0.9-win32-x86_64\bin\zip.dll
Event: 0.098 Loaded shared library C:\Users\Luis García Díaz\.vscode\extensions\redhat.java-1.26.0-win32-x64\jre\17.0.9-win32-x86_64\bin\jimage.dll
Event: 0.134 Loaded shared library c:\Users\Luis García Díaz\.vscode\extensions\redhat.java-1.26.0-win32-x64\jre\17.0.9-win32-x86_64\bin\verify.dll

Deoptimization events (18 events):
Event: 0.142 Thread 0x0000029c3f3e0440 DEOPT PACKING pc=0x0000029c420c5c22 sp=0x000000ef6fafba80
Event: 0.142 Thread 0x0000029c3f3e0440 DEOPT UNPACKING pc=0x0000029c49516e43 sp=0x000000ef6fafaee0 mode 0
Event: 0.168 Thread 0x0000029c3f3e0440 Uncommon trap: trap_request=0xffffff45 fr.pc=0x0000029c49c262f8 relative=0x00000000000000f8
Event: 0.168 Thread 0x0000029c3f3e0440 Uncommon trap: reason=unstable_if action=reinterpret pc=0x0000029c49c262f8 method=java.lang.StringCoding.hasNegatives([BII)Z @ 12 c2
Event: 0.169 Thread 0x0000029c3f3e0440 DEOPT PACKING pc=0x0000029c49c262f8 sp=0x000000ef6fafd200
Event: 0.169 Thread 0x0000029c3f3e0440 DEOPT UNPACKING pc=0x0000029c495166a3 sp=0x000000ef6fafd1a8 mode 2
Event: 0.178 Thread 0x0000029c3f3e0440 DEOPT PACKING pc=0x0000029c4208b180 sp=0x000000ef6faf74e0
Event: 0.178 Thread 0x0000029c3f3e0440 DEOPT UNPACKING pc=0x0000029c49516e43 sp=0x000000ef6faf69a0 mode 0
Event: 0.181 Thread 0x0000029c3f3e0440 Uncommon trap: trap_request=0xffffff45 fr.pc=0x0000029c49c2e55c relative=0x000000000000005c
Event: 0.181 Thread 0x0000029c3f3e0440 Uncommon trap: reason=unstable_if action=reinterpret pc=0x0000029c49c2e55c method=java.lang.String.isLatin1()Z @ 10 c2
Event: 0.181 Thread 0x0000029c3f3e0440 DEOPT PACKING pc=0x0000029c49c2e55c sp=0x000000ef6fafe2c0
Event: 0.181 Thread 0x0000029c3f3e0440 DEOPT UNPACKING pc=0x0000029c495166a3 sp=0x000000ef6fafe250 mode 2
Event: 0.182 Thread 0x0000029c3f3e0440 Uncommon trap: trap_request=0xffffff45 fr.pc=0x0000029c49c1e274 relative=0x0000000000000074
Event: 0.182 Thread 0x0000029c3f3e0440 Uncommon trap: reason=unstable_if action=reinterpret pc=0x0000029c49c1e274 method=java.lang.String.isLatin1()Z @ 10 c2
Event: 0.182 Thread 0x0000029c3f3e0440 DEOPT PACKING pc=0x0000029c49c1e274 sp=0x000000ef6fafecd0
Event: 0.182 Thread 0x0000029c3f3e0440 DEOPT UNPACKING pc=0x0000029c495166a3 sp=0x000000ef6fafec10 mode 2
Event: 0.184 Thread 0x0000029c3f3e0440 DEOPT PACKING pc=0x0000029c4208b180 sp=0x000000ef6fafc9d0
Event: 0.184 Thread 0x0000029c3f3e0440 DEOPT UNPACKING pc=0x0000029c49516e43 sp=0x000000ef6fafbe90 mode 0

Classes unloaded (0 events):
No events

Classes redefined (0 events):
No events

Internal exceptions (4 events):
Event: 0.062 Thread 0x0000029c3f3e0440 Exception <a 'java/lang/NoSuchMethodError'{0x00000000eacb3678}: 'void java.lang.invoke.DirectMethodHandle$Holder.invokeStatic(java.lang.Object, java.lang.Object, java.lang.Object)'> (0x00000000eacb3678) 
thrown [s\src\hotspot\share\interpreter\linkResolver.cpp, line 759]
Event: 0.101 Thread 0x0000029c3f3e0440 Exception <a 'java/lang/NoSuchMethodError'{0x00000000eae2b920}: 'java.lang.Object java.lang.invoke.DirectMethodHandle$Holder.invokeStaticInit(java.lang.Object)'> (0x00000000eae2b920) 
thrown [s\src\hotspot\share\interpreter\linkResolver.cpp, line 759]
Event: 0.101 Thread 0x0000029c3f3e0440 Exception <a 'java/lang/NoSuchMethodError'{0x00000000eae318f0}: 'java.lang.Object java.lang.invoke.Invokers$Holder.invoke_MT(java.lang.Object, java.lang.Object, java.lang.Object)'> (0x00000000eae318f0) 
thrown [s\src\hotspot\share\interpreter\linkResolver.cpp, line 759]
Event: 0.145 Thread 0x0000029c3f3e0440 Exception <a 'java/lang/reflect/InvocationTargetException'{0x00000000eb188150}> (0x00000000eb188150) 
thrown [s\src\hotspot\share\runtime\reflection.cpp, line 1121]

VM Operations (4 events):
Event: 0.065 Executing VM operation: HandshakeAllThreads
Event: 0.065 Executing VM operation: HandshakeAllThreads done
Event: 0.111 Executing VM operation: HandshakeAllThreads
Event: 0.111 Executing VM operation: HandshakeAllThreads done

Events (20 events):
Event: 0.200 loading class java/math/BigInteger
Event: 0.200 loading class java/math/BigInteger done
Event: 0.200 loading class sun/security/x509/AlgorithmId
Event: 0.201 loading class sun/security/x509/AlgorithmId done
Event: 0.201 loading class java/security/cert/CertificateFactory
Event: 0.201 loading class java/security/cert/CertificateFactory done
Event: 0.201 loading class java/security/cert/CertificateFactorySpi
Event: 0.201 loading class java/security/cert/CertificateFactorySpi done
Event: 0.201 loading class sun/security/jca/GetInstance
Event: 0.201 loading class sun/security/jca/GetInstance done
Event: 0.201 loading class jdk/internal/event/SecurityProviderServiceEvent
Event: 0.201 loading class jdk/internal/event/Event
Event: 0.201 loading class jdk/internal/event/Event done
Event: 0.201 loading class jdk/internal/event/SecurityProviderServiceEvent done
Event: 0.202 loading class sun/security/provider/X509Factory
Event: 0.202 loading class sun/security/provider/X509Factory done
Event: 0.202 loading class sun/security/util/Cache
Event: 0.202 loading class sun/security/util/Cache done
Event: 0.202 loading class sun/security/util/MemoryCache
Event: 0.202 loading class sun/security/util/MemoryCache done


Dynamic libraries:
0x00007ff61f880000 - 0x00007ff61f88e000 	c:\Users\Luis García Díaz\.vscode\extensions\redhat.java-1.26.0-win32-x64\jre\17.0.9-win32-x86_64\bin\java.exe
0x00007ffd2ac50000 - 0x00007ffd2ae67000 	C:\WINDOWS\SYSTEM32\ntdll.dll
0x00007ffd2aa10000 - 0x00007ffd2aad4000 	C:\WINDOWS\System32\KERNEL32.DLL
0x00007ffd28420000 - 0x00007ffd287c6000 	C:\WINDOWS\System32\KERNELBASE.dll
0x00007ffd28030000 - 0x00007ffd28141000 	C:\WINDOWS\System32\ucrtbase.dll
0x00007ffd13680000 - 0x00007ffd13697000 	c:\Users\Luis García Díaz\.vscode\extensions\redhat.java-1.26.0-win32-x64\jre\17.0.9-win32-x86_64\bin\jli.dll
0x00007ffd136a0000 - 0x00007ffd136bb000 	c:\Users\Luis García Díaz\.vscode\extensions\redhat.java-1.26.0-win32-x64\jre\17.0.9-win32-x86_64\bin\VCRUNTIME140.dll
0x00007ffd29140000 - 0x00007ffd292ee000 	C:\WINDOWS\System32\USER32.dll
0x00007ffd14620000 - 0x00007ffd148b3000 	C:\WINDOWS\WinSxS\amd64_microsoft.windows.common-controls_6595b64144ccf1df_6.0.22621.2506_none_270c5ae97388e100\COMCTL32.dll
0x00007ffd28800000 - 0x00007ffd28826000 	C:\WINDOWS\System32\win32u.dll
0x00007ffd29330000 - 0x00007ffd29359000 	C:\WINDOWS\System32\GDI32.dll
0x00007ffd289b0000 - 0x00007ffd28a57000 	C:\WINDOWS\System32\msvcrt.dll
0x00007ffd281c0000 - 0x00007ffd282d8000 	C:\WINDOWS\System32\gdi32full.dll
0x00007ffd27f90000 - 0x00007ffd2802a000 	C:\WINDOWS\System32\msvcp_win.dll
0x00007ffd292f0000 - 0x00007ffd29321000 	C:\WINDOWS\System32\IMM32.DLL
0x00007ffd245a0000 - 0x00007ffd245ac000 	c:\Users\Luis García Díaz\.vscode\extensions\redhat.java-1.26.0-win32-x64\jre\17.0.9-win32-x86_64\bin\vcruntime140_1.dll
0x00007ffcebfe0000 - 0x00007ffcec06d000 	c:\Users\Luis García Díaz\.vscode\extensions\redhat.java-1.26.0-win32-x64\jre\17.0.9-win32-x86_64\bin\msvcp140.dll
0x00007ffce96e0000 - 0x00007ffcea341000 	c:\Users\Luis García Díaz\.vscode\extensions\redhat.java-1.26.0-win32-x64\jre\17.0.9-win32-x86_64\bin\server\jvm.dll
0x00007ffd29920000 - 0x00007ffd299d3000 	C:\WINDOWS\System32\ADVAPI32.dll
0x00007ffd2ab60000 - 0x00007ffd2ac08000 	C:\WINDOWS\System32\sechost.dll
0x00007ffd287d0000 - 0x00007ffd287f8000 	C:\WINDOWS\System32\bcrypt.dll
0x00007ffd29360000 - 0x00007ffd29477000 	C:\WINDOWS\System32\RPCRT4.dll
0x00007ffd27e60000 - 0x00007ffd27ead000 	C:\WINDOWS\SYSTEM32\POWRPROF.dll
0x00007ffd22d70000 - 0x00007ffd22d79000 	C:\WINDOWS\SYSTEM32\WSOCK32.dll
0x00007ffd29a70000 - 0x00007ffd29ae1000 	C:\WINDOWS\System32\WS2_32.dll
0x00007ffd1e8b0000 - 0x00007ffd1e8ba000 	C:\WINDOWS\SYSTEM32\VERSION.dll
0x00007ffd1e770000 - 0x00007ffd1e7a4000 	C:\WINDOWS\SYSTEM32\WINMM.dll
0x00007ffd27e40000 - 0x00007ffd27e53000 	C:\WINDOWS\SYSTEM32\UMPDC.dll
0x00007ffd26f80000 - 0x00007ffd26f98000 	C:\WINDOWS\SYSTEM32\kernel.appcore.dll
0x00007ffd1e950000 - 0x00007ffd1e95a000 	c:\Users\Luis García Díaz\.vscode\extensions\redhat.java-1.26.0-win32-x64\jre\17.0.9-win32-x86_64\bin\jimage.dll
0x00007ffd258c0000 - 0x00007ffd25af3000 	C:\WINDOWS\SYSTEM32\DBGHELP.DLL
0x00007ffd28c30000 - 0x00007ffd28fb9000 	C:\WINDOWS\System32\combase.dll
0x00007ffd29bf0000 - 0x00007ffd29cc7000 	C:\WINDOWS\System32\OLEAUT32.dll
0x00007ffd1e5d0000 - 0x00007ffd1e602000 	C:\WINDOWS\SYSTEM32\dbgcore.DLL
0x00007ffd282e0000 - 0x00007ffd2835a000 	C:\WINDOWS\System32\bcryptPrimitives.dll
0x00007ffd18740000 - 0x00007ffd1874e000 	c:\Users\Luis García Díaz\.vscode\extensions\redhat.java-1.26.0-win32-x64\jre\17.0.9-win32-x86_64\bin\instrument.dll
0x00007ffd13650000 - 0x00007ffd13675000 	c:\Users\Luis García Díaz\.vscode\extensions\redhat.java-1.26.0-win32-x64\jre\17.0.9-win32-x86_64\bin\java.dll
0x00007ffd13630000 - 0x00007ffd13648000 	c:\Users\Luis García Díaz\.vscode\extensions\redhat.java-1.26.0-win32-x64\jre\17.0.9-win32-x86_64\bin\zip.dll
0x00007ffd2a1b0000 - 0x00007ffd2aa0a000 	C:\WINDOWS\System32\SHELL32.dll
0x00007ffd25e90000 - 0x00007ffd26786000 	C:\WINDOWS\SYSTEM32\windows.storage.dll
0x00007ffd25d50000 - 0x00007ffd25e8e000 	C:\WINDOWS\SYSTEM32\wintypes.dll
0x00007ffd29660000 - 0x00007ffd29753000 	C:\WINDOWS\System32\SHCORE.dll
0x00007ffd290c0000 - 0x00007ffd2911e000 	C:\WINDOWS\System32\shlwapi.dll
0x00007ffd27ec0000 - 0x00007ffd27ee6000 	C:\WINDOWS\SYSTEM32\profapi.dll
0x00007ffd0dd60000 - 0x00007ffd0dd79000 	C:\Users\Luis García Díaz\.vscode\extensions\redhat.java-1.26.0-win32-x64\jre\17.0.9-win32-x86_64\bin\net.dll
0x00007ffd21c00000 - 0x00007ffd21d37000 	C:\WINDOWS\SYSTEM32\WINHTTP.dll
0x00007ffd273f0000 - 0x00007ffd27459000 	C:\WINDOWS\system32\mswsock.dll
0x00007ffd0d870000 - 0x00007ffd0d886000 	C:\Users\Luis García Díaz\.vscode\extensions\redhat.java-1.26.0-win32-x64\jre\17.0.9-win32-x86_64\bin\nio.dll
0x00007ffd17340000 - 0x00007ffd17350000 	c:\Users\Luis García Díaz\.vscode\extensions\redhat.java-1.26.0-win32-x64\jre\17.0.9-win32-x86_64\bin\verify.dll

dbghelp: loaded successfully - version: 4.0.5 - missing functions: none
symbol engine: initialized successfully - sym options: 0x614 - pdb path: .;c:\Users\Luis García Díaz\.vscode\extensions\redhat.java-1.26.0-win32-x64\jre\17.0.9-win32-x86_64\bin;C:\WINDOWS\SYSTEM32;C:\WINDOWS\WinSxS\amd64_microsoft.windows.common-controls_6595b64144ccf1df_6.0.22621.2506_none_270c5ae97388e100;c:\Users\Luis García Díaz\.vscode\extensions\redhat.java-1.26.0-win32-x64\jre\17.0.9-win32-x86_64\bin\server

VM Arguments:
jvm_args: --add-modules=ALL-SYSTEM --add-opens=java.base/java.util=ALL-UNNAMED --add-opens=java.base/java.lang=ALL-UNNAMED --add-opens=java.base/sun.nio.fs=ALL-UNNAMED -Declipse.application=org.eclipse.jdt.ls.core.id1 -Dosgi.bundles.defaultStartLevel=4 -Declipse.product=org.eclipse.jdt.ls.core.product -Djava.import.generatesMetadataFilesAtProjectRoot=false -DDetectVMInstallationsJob.disabled=true -Dfile.encoding=utf8 -XX:+UseParallelGC -XX:GCTimeRatio=4 -XX:AdaptiveSizePolicyWeight=90 -Dsun.zip.disableMemoryMapping=true -Xmx1G -Xms100m -Xlog:disable -javaagent:c:\Users\Luis García Díaz\.vscode\extensions\redhat.java-1.26.0-win32-x64\lombok\lombok-1.18.31-3454.jar -XX:+HeapDumpOnOutOfMemoryError -XX:HeapDumpPath=c:\Users\Luis García Díaz\AppData\Roaming\Code\User\workspaceStorage\9f5ca029dd32ae4ab79c50f7157500ab\redhat.java -Daether.dependencyCollector.impl=bf 
java_command: c:\Users\Luis García Díaz\.vscode\extensions\redhat.java-1.26.0-win32-x64\server\plugins\org.eclipse.equinox.launcher_1.6.700.v20231214-2017.jar -configuration c:\Users\Luis García Díaz\AppData\Roaming\Code\User\globalStorage\redhat.java\1.26.0\config_win -data c:\Users\Luis García Díaz\AppData\Roaming\Code\User\workspaceStorage\9f5ca029dd32ae4ab79c50f7157500ab\redhat.java\jdt_ws --stdio
java_class_path (initial): c:\Users\Luis García Díaz\.vscode\extensions\redhat.java-1.26.0-win32-x64\server\plugins\org.eclipse.equinox.launcher_1.6.700.v20231214-2017.jar
Launcher Type: SUN_STANDARD

[Global flags]
    uintx AdaptiveSizePolicyWeight                 = 90                                        {product} {command line}
     intx CICompilerCount                          = 12                                        {product} {ergonomic}
    uintx GCTimeRatio                              = 4                                         {product} {command line}
     bool HeapDumpOnOutOfMemoryError               = true                                   {manageable} {command line}
    ccstr HeapDumpPath                             = c:\Users\Luis García Díaz\AppData\Roaming\Code\User\workspaceStorage\9f5ca029dd32ae4ab79c50f7157500ab\redhat.java         {manageable} {command line}
   size_t InitialHeapSize                          = 104857600                                 {product} {command line}
   size_t MaxHeapSize                              = 1073741824                                {product} {command line}
   size_t MaxNewSize                               = 357564416                                 {product} {ergonomic}
   size_t MinHeapDeltaBytes                        = 524288                                    {product} {ergonomic}
   size_t MinHeapSize                              = 104857600                                 {product} {command line}
   size_t NewSize                                  = 34603008                                  {product} {ergonomic}
    uintx NonNMethodCodeHeapSize                   = 7602480                                {pd product} {ergonomic}
    uintx NonProfiledCodeHeapSize                  = 122027880                              {pd product} {ergonomic}
   size_t OldSize                                  = 70254592                                  {product} {ergonomic}
    uintx ProfiledCodeHeapSize                     = 122027880                              {pd product} {ergonomic}
    uintx ReservedCodeCacheSize                    = 251658240                              {pd product} {ergonomic}
     bool SegmentedCodeCache                       = true                                      {product} {ergonomic}
   size_t SoftMaxHeapSize                          = 1073741824                             {manageable} {ergonomic}
     bool UseCompressedClassPointers               = true                           {product lp64_product} {ergonomic}
     bool UseCompressedOops                        = true                           {product lp64_product} {ergonomic}
     bool UseLargePagesIndividualAllocation        = false                                  {pd product} {ergonomic}
     bool UseParallelGC                            = true                                      {product} {command line}

Logging:
Log output configuration:
 #0: stdout all=off uptime,level,tags
 #1: stderr all=off uptime,level,tags

Environment Variables:
PATH=C:\Program Files\Common Files\Oracle\Java\javapath;C:\WINDOWS\system32;C:\WINDOWS;C:\WINDOWS\System32\Wbem;C:\WINDOWS\System32\WindowsPowerShell\v1.0\;C:\WINDOWS\System32\OpenSSH\;C:\Program Files\dotnet\;C:\Program Files\NVIDIA Corporation\NVIDIA NvDLISR;C:\Program Files (x86)\NVIDIA Corporation\PhysX\Common;C:\Program Files\MySQL\MySQL Server 8.0\bin;C:\Users\Luis García Díaz\AppData\Local\Programs\Python\Launcher\;C:\Users\Luis García Díaz\AppData\Local\Programs\Python\Python311\Scripts\;C:\Users\Luis García Díaz\AppData\Local\Programs\Python\Python311\;C:\Users\Luis García Díaz\AppData\Local\Microsoft\WindowsApps;C:\Users\Luis García Díaz\AppData\Local\Programs\Microsoft VS Code\bin;C:\Users\Luis García Díaz\AppData\Local\GitHubDesktop\bin
USERNAME=Luis García Díaz
OS=Windows_NT
PROCESSOR_IDENTIFIER=AMD64 Family 25 Model 68 Stepping 1, AuthenticAMD
TMP=C:\Users\LUISGA~1\AppData\Local\Temp
TEMP=C:\Users\LUISGA~1\AppData\Local\Temp



Periodic native trim disabled


---------------  S Y S T E M  ---------------

OS:
 Windows 11 , 64 bit Build 22621 (10.0.22621.2506)
OS uptime: 1 days 16:53 hours
Hyper-V role detected

CPU: total 16 (initial active 16) (16 cores per cpu, 2 threads per core) family 25 model 68 stepping 1 microcode 0x0, cx8, cmov, fxsr, ht, mmx, 3dnowpref, sse, sse2, sse3, ssse3, sse4a, sse4.1, sse4.2, popcnt, lzcnt, tsc, tscinvbit, avx, avx2, aes, erms, clmul, bmi1, bmi2, adx, sha, fma, vzeroupper, clflush, clflushopt, hv
Processor Information for all 16 processors :
  Max Mhz: 3201, Current Mhz: 3201, Mhz Limit: 3201

Memory: 4k page, system-wide physical 15628M (6024M free)
TotalPageFile size 62732M (AvailPageFile size 209M)
current process WorkingSet (physical memory assigned to process): 47M, peak: 47M
current process commit charge ("private bytes"): 207M, peak: 207M

vm_info: OpenJDK 64-Bit Server VM (17.0.9+9) for windows-amd64 JRE (17.0.9+9), built on Oct 26 2023 14:01:42 by "admin" with MS VC++ 16.10 / 16.11 (VS2019)

END.
