#
# There is insufficient memory for the Java Runtime Environment to continue.
# Native memory allocation (malloc) failed to allocate 179296 bytes for Chunk::new
# Possible reasons:
#   The system is out of physical RAM or swap space
#   The process is running with CompressedOops enabled, and the Java Heap may be blocking the growth of the native heap
# Possible solutions:
#   Reduce memory load on the system
#   Increase physical memory or swap space
#   Check if swap backing store is full
#   Decrease Java heap size (-Xmx/-Xms)
#   Decrease number of Java threads
#   Decrease Java thread stack sizes (-Xss)
#   Set larger code cache with -XX:ReservedCodeCacheSize=
#   JVM is running with Unscaled Compressed Oops mode in which the Java heap is
#     placed in the first 4GB address space. The Java Heap base address is the
#     maximum limit for the native heap growth. Please use -XX:HeapBaseMinAddress
#     to set the Java Heap base and to place the Java Heap above 4GB virtual address.
# This output file may be truncated or incomplete.
#
#  Out of Memory Error (arena.cpp:191), pid=65576, tid=65804
#
# JRE version: OpenJDK Runtime Environment Temurin-17.0.9+9 (17.0.9+9) (build 17.0.9+9)
# Java VM: OpenJDK 64-Bit Server VM Temurin-17.0.9+9 (17.0.9+9, mixed mode, tiered, compressed oops, compressed class ptrs, parallel gc, windows-amd64)
# No core dump will be written. Minidumps are not enabled by default on client versions of Windows
#

---------------  S U M M A R Y ------------

Command Line: --add-modules=ALL-SYSTEM --add-opens=java.base/java.util=ALL-UNNAMED --add-opens=java.base/java.lang=ALL-UNNAMED --add-opens=java.base/sun.nio.fs=ALL-UNNAMED -Declipse.application=org.eclipse.jdt.ls.core.id1 -Dosgi.bundles.defaultStartLevel=4 -Declipse.product=org.eclipse.jdt.ls.core.product -Djava.import.generatesMetadataFilesAtProjectRoot=false -DDetectVMInstallationsJob.disabled=true -Dfile.encoding=utf8 -XX:+UseParallelGC -XX:GCTimeRatio=4 -XX:AdaptiveSizePolicyWeight=90 -Dsun.zip.disableMemoryMapping=true -Xmx1G -Xms100m -Xlog:disable -javaagent:c:\Users\Luis García Díaz\.vscode\extensions\redhat.java-1.26.0-win32-x64\lombok\lombok-1.18.31-3454.jar c:\Users\Luis García Díaz\.vscode\extensions\redhat.java-1.26.0-win32-x64\server\plugins\org.eclipse.equinox.launcher_1.6.700.v20231214-2017.jar -configuration c:\Users\Luis García Díaz\AppData\Roaming\Code\User\globalStorage\redhat.java\1.26.0\config_ss_win -data c:\Users\Luis García Díaz\AppData\Roaming\Code\User\workspaceStorage\9f5ca029dd32ae4ab79c50f7157500ab\redhat.java\ss_ws --stdio

Host: AMD Ryzen 7 6800HS with Radeon Graphics         , 16 cores, 15G,  Windows 11 , 64 bit Build 22621 (10.0.22621.2506)
Time: Mon Jan 22 10:49:37 2024 Hora estándar romance elapsed time: 0.300333 seconds (0d 0h 0m 0s)

---------------  T H R E A D  ---------------

Current thread (0x000001bf88203b90):  JavaThread "C2 CompilerThread1" daemon [_thread_in_native, id=65804, stack(0x0000003c60800000,0x0000003c60900000)]


Current CompileTask:
C2:    300  440 %     4       lombok.launch.PackageShader::apply @ 76 (252 bytes)

Stack: [0x0000003c60800000,0x0000003c60900000]
Native frames: (J=compiled Java code, j=interpreted, Vv=VM code, C=native code)
V  [jvm.dll+0x67cf49]
V  [jvm.dll+0x83478a]
V  [jvm.dll+0x83624e]
V  [jvm.dll+0x8368b3]
V  [jvm.dll+0x247f1f]
V  [jvm.dll+0xac43c]
V  [jvm.dll+0xaca8c]
V  [jvm.dll+0x2af45f]
V  [jvm.dll+0x5853f7]
V  [jvm.dll+0x222f62]
V  [jvm.dll+0x22334f]
V  [jvm.dll+0x21c476]
V  [jvm.dll+0x2198c1]
V  [jvm.dll+0x1a57cd]
V  [jvm.dll+0x2297ae]
V  [jvm.dll+0x22797c]
V  [jvm.dll+0x7e9877]
V  [jvm.dll+0x7e3c3a]
V  [jvm.dll+0x67be35]
C  [ucrtbase.dll+0x29363]
C  [KERNEL32.DLL+0x1257d]
C  [ntdll.dll+0x5aa58]


---------------  P R O C E S S  ---------------

Threads class SMR info:
_java_thread_list=0x000001bfa338e8e0, length=16, elements={
0x000001bf881a17b0, 0x000001bf9c01f010, 0x000001bf9c021090, 0x000001bf9c02ce10,
0x000001bf9c02d6e0, 0x000001bf9c02e750, 0x000001bfa121fb90, 0x000001bfa122a000,
0x000001bfa122b0b0, 0x000001bfa1234930, 0x000001bfa1313400, 0x000001bfa1374240,
0x000001bf88203b90, 0x000001bfa14cf810, 0x000001bfa14cfd30, 0x000001bfa341a170
}

Java Threads: ( => current thread )
  0x000001bf881a17b0 JavaThread "main" [_thread_in_vm, id=65604, stack(0x0000003c5fa00000,0x0000003c5fb00000)]
  0x000001bf9c01f010 JavaThread "Reference Handler" daemon [_thread_blocked, id=65620, stack(0x0000003c5fd00000,0x0000003c5fe00000)]
  0x000001bf9c021090 JavaThread "Finalizer" daemon [_thread_blocked, id=65624, stack(0x0000003c5fe00000,0x0000003c5ff00000)]
  0x000001bf9c02ce10 JavaThread "Signal Dispatcher" daemon [_thread_blocked, id=65636, stack(0x0000003c5ff00000,0x0000003c60000000)]
  0x000001bf9c02d6e0 JavaThread "Attach Listener" daemon [_thread_blocked, id=65648, stack(0x0000003c60000000,0x0000003c60100000)]
  0x000001bf9c02e750 JavaThread "Service Thread" daemon [_thread_blocked, id=65652, stack(0x0000003c60100000,0x0000003c60200000)]
  0x000001bfa121fb90 JavaThread "Monitor Deflation Thread" daemon [_thread_blocked, id=65656, stack(0x0000003c60200000,0x0000003c60300000)]
  0x000001bfa122a000 JavaThread "C2 CompilerThread0" daemon [_thread_blocked, id=65660, stack(0x0000003c60300000,0x0000003c60400000)]
  0x000001bfa122b0b0 JavaThread "C1 CompilerThread0" daemon [_thread_blocked, id=65664, stack(0x0000003c60400000,0x0000003c60500000)]
  0x000001bfa1234930 JavaThread "Sweeper thread" daemon [_thread_blocked, id=65668, stack(0x0000003c60500000,0x0000003c60600000)]
  0x000001bfa1313400 JavaThread "Common-Cleaner" daemon [_thread_blocked, id=65796, stack(0x0000003c60600000,0x0000003c60700000)]
  0x000001bfa1374240 JavaThread "C1 CompilerThread1" daemon [_thread_blocked, id=65800, stack(0x0000003c60700000,0x0000003c60800000)]
=>0x000001bf88203b90 JavaThread "C2 CompilerThread1" daemon [_thread_in_native, id=65804, stack(0x0000003c60800000,0x0000003c60900000)]
  0x000001bfa14cf810 JavaThread "C1 CompilerThread2" daemon [_thread_blocked, id=65840, stack(0x0000003c60900000,0x0000003c60a00000)]
  0x000001bfa14cfd30 JavaThread "C1 CompilerThread3" daemon [_thread_blocked, id=65844, stack(0x0000003c60a00000,0x0000003c60b00000)]
  0x000001bfa341a170 JavaThread "Notification Thread" daemon [_thread_blocked, id=65900, stack(0x0000003c60b00000,0x0000003c60c00000)]

Other Threads:
  0x000001bf8824e9c0 VMThread "VM Thread" [stack: 0x0000003c5fc00000,0x0000003c5fd00000] [id=65616]
  0x000001bfa33bf5f0 WatcherThread [stack: 0x0000003c60c00000,0x0000003c60d00000] [id=65904]
  0x000001bf881b63c0 GCTaskThread "GC Thread#0" [stack: 0x0000003c5fb00000,0x0000003c5fc00000] [id=65608]

Threads with active compile tasks:
C2 CompilerThread1      321  440 %     4       lombok.launch.PackageShader::apply @ 76 (252 bytes)

VM state: not at safepoint (normal execution)

VM Mutex/Monitor currently owned by a thread:  ([mutex/lock_event])
[0x000001bf8819c560] CodeCache_lock - owner thread: 0x0000000000000000

Heap address: 0x00000000c0000000, size: 1024 MB, Compressed Oops mode: 32-bit

CDS archive(s) not mapped
Compressed class space mapped at: 0x0000000100000000-0x0000000140000000, reserved size: 1073741824
Narrow klass base: 0x0000000000000000, Narrow klass shift: 3, Narrow klass range: 0x140000000

GC Precious Log:
 CPUs: 16 total, 16 available
 Memory: 15628M
 Large Page Support: Disabled
 NUMA Support: Disabled
 Compressed Oops: Enabled (32-bit)
 Alignments: Space 512K, Generation 512K, Heap 2M
 Heap Min Capacity: 100M
 Heap Initial Capacity: 100M
 Heap Max Capacity: 1G
 Pre-touch: Disabled
 Parallel Workers: 13

Heap:
 PSYoungGen      total 29696K, used 10373K [0x00000000eab00000, 0x00000000ecc00000, 0x0000000100000000)
  eden space 25600K, 40% used [0x00000000eab00000,0x00000000eb521718,0x00000000ec400000)
  from space 4096K, 0% used [0x00000000ec800000,0x00000000ec800000,0x00000000ecc00000)
  to   space 4096K, 0% used [0x00000000ec400000,0x00000000ec400000,0x00000000ec800000)
 ParOldGen       total 68608K, used 0K [0x00000000c0000000, 0x00000000c4300000, 0x00000000eab00000)
  object space 68608K, 0% used [0x00000000c0000000,0x00000000c0000000,0x00000000c4300000)
 Metaspace       used 6884K, committed 7040K, reserved 1114112K
  class space    used 673K, committed 768K, reserved 1048576K

Card table byte_map: [0x000001bf87b60000,0x000001bf87d70000] _byte_map_base: 0x000001bf87560000

Marking Bits: (ParMarkBitMap*) 0x00007ffcea27d0b0
 Begin Bits: [0x000001bf99e30000, 0x000001bf9ae30000)
 End Bits:   [0x000001bf9ae30000, 0x000001bf9be30000)

Polling page: 0x000001bf87950000

Metaspace:

Usage:
  Non-class:      6.07 MB used.
      Class:    673.59 KB used.
       Both:      6.72 MB used.

Virtual space:
  Non-class space:       64.00 MB reserved,       6.12 MB ( 10%) committed,  1 nodes.
      Class space:        1.00 GB reserved,     768.00 KB ( <1%) committed,  1 nodes.
             Both:        1.06 GB reserved,       6.88 MB ( <1%) committed. 

Chunk freelists:
   Non-Class:  9.00 MB
       Class:  15.21 MB
        Both:  24.21 MB

MaxMetaspaceSize: unlimited
CompressedClassSpaceSize: 1.00 GB
Initial GC threshold: 21.00 MB
Current GC threshold: 21.00 MB
CDS: off
MetaspaceReclaimPolicy: balanced
 - commit_granule_bytes: 65536.
 - commit_granule_words: 8192.
 - virtual_space_node_default_size: 8388608.
 - enlarge_chunks_in_place: 1.
 - new_chunks_are_fully_committed: 0.
 - uncommit_free_chunks: 1.
 - use_allocation_guard: 0.
 - handle_deallocations: 1.


Internal statistics:

num_allocs_failed_limit: 0.
num_arena_births: 14.
num_arena_deaths: 0.
num_vsnodes_births: 2.
num_vsnodes_deaths: 0.
num_space_committed: 110.
num_space_uncommitted: 0.
num_chunks_returned_to_freelist: 0.
num_chunks_taken_from_freelist: 47.
num_chunk_merges: 0.
num_chunk_splits: 24.
num_chunks_enlarged: 17.
num_inconsistent_stats: 0.

CodeHeap 'non-profiled nmethods': size=119168Kb used=134Kb max_used=134Kb free=119034Kb
 bounds [0x000001bf929d0000, 0x000001bf92c40000, 0x000001bf99e30000]
CodeHeap 'profiled nmethods': size=119104Kb used=704Kb max_used=704Kb free=118399Kb
 bounds [0x000001bf8ae30000, 0x000001bf8b0a0000, 0x000001bf92280000]
CodeHeap 'non-nmethods': size=7488Kb used=2798Kb max_used=2821Kb free=4689Kb
 bounds [0x000001bf92280000, 0x000001bf92550000, 0x000001bf929d0000]
 total_blobs=877 nmethods=484 adapters=305
 compilation: enabled
              stopped_count=0, restarted_count=0
 full_count=0

Compilation events (20 events):
Event: 0.293 Thread 0x000001bfa14cf810 nmethod 444 0x000001bf8aecb290 code [0x000001bf8aecb420, 0x000001bf8aecb5b8]
Event: 0.294 Thread 0x000001bfa14cf810  445       3       java.util.ArrayList::isEmpty (13 bytes)
Event: 0.294 Thread 0x000001bfa1374240 nmethod 443 0x000001bf8aecb690 code [0x000001bf8aecb840, 0x000001bf8aecba98]
Event: 0.294 Thread 0x000001bfa14cfd30  446       3       java.lang.StringBuilder::length (5 bytes)
Event: 0.294 Thread 0x000001bfa14cfd30 nmethod 446 0x000001bf8aecbb90 code [0x000001bf8aecbd20, 0x000001bf8aecbe38]
Event: 0.294 Thread 0x000001bfa14cf810 nmethod 445 0x000001bf8aecbf10 code [0x000001bf8aecc0a0, 0x000001bf8aecc218]
Event: 0.294 Thread 0x000001bfa122b0b0 nmethod 442 0x000001bf8aecc290 code [0x000001bf8aecc540, 0x000001bf8aecd658]
Event: 0.296 Thread 0x000001bfa14cfd30  447       3       java.util.Collections$UnmodifiableMap::get (11 bytes)
Event: 0.296 Thread 0x000001bfa14cfd30 nmethod 447 0x000001bf8aecdb10 code [0x000001bf8aecdcc0, 0x000001bf8aecde88]
Event: 0.296 Thread 0x000001bfa14cfd30  449       3       java.util.ArrayList$Itr::checkForComodification (23 bytes)
Event: 0.296 Thread 0x000001bfa122b0b0  448       3       java.util.ArrayList$Itr::next (66 bytes)
Event: 0.296 Thread 0x000001bfa1374240  450       3       java.util.Collections$UnmodifiableCollection$1::hasNext (10 bytes)
Event: 0.296 Thread 0x000001bfa1374240 nmethod 450 0x000001bf8aecdf90 code [0x000001bf8aece140, 0x000001bf8aece308]
Event: 0.296 Thread 0x000001bfa14cfd30 nmethod 449 0x000001bf8aece410 code [0x000001bf8aece5c0, 0x000001bf8aece788]
Event: 0.296 Thread 0x000001bfa122b0b0 nmethod 448 0x000001bf8aece890 code [0x000001bf8aecea80, 0x000001bf8aecee48]
Event: 0.297 Thread 0x000001bfa122b0b0  451       3       java.util.AbstractList::<init> (10 bytes)
Event: 0.297 Thread 0x000001bfa122b0b0 nmethod 451 0x000001bf8aecf010 code [0x000001bf8aecf1c0, 0x000001bf8aecf398]
Event: 0.298 Thread 0x000001bfa122b0b0  452       3       java.io.WinNTFileSystem::normalize (224 bytes)
Event: 0.298 Thread 0x000001bfa122a000  453 %     4       java.lang.StringLatin1::replace @ 79 (198 bytes)
Event: 0.298 Thread 0x000001bfa14cf810  454       3       java.util.ArrayList::grow (60 bytes)

GC Heap History (0 events):
No events

Dll operation events (8 events):
Event: 0.008 Loaded shared library c:\Users\Luis García Díaz\.vscode\extensions\redhat.java-1.26.0-win32-x64\jre\17.0.9-win32-x86_64\bin\java.dll
Event: 0.137 Loaded shared library c:\Users\Luis García Díaz\.vscode\extensions\redhat.java-1.26.0-win32-x64\jre\17.0.9-win32-x86_64\bin\zip.dll
Event: 0.141 Loaded shared library C:\Users\Luis García Díaz\.vscode\extensions\redhat.java-1.26.0-win32-x64\jre\17.0.9-win32-x86_64\bin\instrument.dll
Event: 0.154 Loaded shared library C:\Users\Luis García Díaz\.vscode\extensions\redhat.java-1.26.0-win32-x64\jre\17.0.9-win32-x86_64\bin\net.dll
Event: 0.156 Loaded shared library C:\Users\Luis García Díaz\.vscode\extensions\redhat.java-1.26.0-win32-x64\jre\17.0.9-win32-x86_64\bin\nio.dll
Event: 0.161 Loaded shared library C:\Users\Luis García Díaz\.vscode\extensions\redhat.java-1.26.0-win32-x64\jre\17.0.9-win32-x86_64\bin\zip.dll
Event: 0.174 Loaded shared library C:\Users\Luis García Díaz\.vscode\extensions\redhat.java-1.26.0-win32-x64\jre\17.0.9-win32-x86_64\bin\jimage.dll
Event: 0.236 Loaded shared library c:\Users\Luis García Díaz\.vscode\extensions\redhat.java-1.26.0-win32-x64\jre\17.0.9-win32-x86_64\bin\verify.dll

Deoptimization events (10 events):
Event: 0.252 Thread 0x000001bf881a17b0 DEOPT PACKING pc=0x000001bf8ae80a22 sp=0x0000003c5fafc830
Event: 0.252 Thread 0x000001bf881a17b0 DEOPT UNPACKING pc=0x000001bf922d6e43 sp=0x0000003c5fafbc90 mode 0
Event: 0.285 Thread 0x000001bf881a17b0 Uncommon trap: trap_request=0xffffff45 fr.pc=0x000001bf929e6078 relative=0x00000000000000f8
Event: 0.285 Thread 0x000001bf881a17b0 Uncommon trap: reason=unstable_if action=reinterpret pc=0x000001bf929e6078 method=java.lang.StringCoding.hasNegatives([BII)Z @ 12 c2
Event: 0.285 Thread 0x000001bf881a17b0 DEOPT PACKING pc=0x000001bf929e6078 sp=0x0000003c5fafd330
Event: 0.285 Thread 0x000001bf881a17b0 DEOPT UNPACKING pc=0x000001bf922d66a3 sp=0x0000003c5fafd2d8 mode 2
Event: 0.292 Thread 0x000001bf881a17b0 Uncommon trap: trap_request=0xffffff45 fr.pc=0x000001bf929de63c relative=0x00000000000004dc
Event: 0.292 Thread 0x000001bf881a17b0 Uncommon trap: reason=unstable_if action=reinterpret pc=0x000001bf929de63c method=java.util.HashMap.putVal(ILjava/lang/Object;Ljava/lang/Object;ZZ)Ljava/lang/Object; @ 69 c2
Event: 0.292 Thread 0x000001bf881a17b0 DEOPT PACKING pc=0x000001bf929de63c sp=0x0000003c5fafd320
Event: 0.292 Thread 0x000001bf881a17b0 DEOPT UNPACKING pc=0x000001bf922d66a3 sp=0x0000003c5fafd2a0 mode 2

Classes unloaded (0 events):
No events

Classes redefined (0 events):
No events

Internal exceptions (4 events):
Event: 0.115 Thread 0x000001bf881a17b0 Exception <a 'java/lang/NoSuchMethodError'{0x00000000eacb3690}: 'void java.lang.invoke.DirectMethodHandle$Holder.invokeStatic(java.lang.Object, java.lang.Object, java.lang.Object)'> (0x00000000eacb3690) 
thrown [s\src\hotspot\share\interpreter\linkResolver.cpp, line 759]
Event: 0.178 Thread 0x000001bf881a17b0 Exception <a 'java/lang/NoSuchMethodError'{0x00000000eadab9e0}: 'java.lang.Object java.lang.invoke.DirectMethodHandle$Holder.invokeStaticInit(java.lang.Object)'> (0x00000000eadab9e0) 
thrown [s\src\hotspot\share\interpreter\linkResolver.cpp, line 759]
Event: 0.179 Thread 0x000001bf881a17b0 Exception <a 'java/lang/NoSuchMethodError'{0x00000000eadb19b0}: 'java.lang.Object java.lang.invoke.Invokers$Holder.invoke_MT(java.lang.Object, java.lang.Object, java.lang.Object)'> (0x00000000eadb19b0) 
thrown [s\src\hotspot\share\interpreter\linkResolver.cpp, line 759]
Event: 0.250 Thread 0x000001bf881a17b0 Exception <a 'java/lang/reflect/InvocationTargetException'{0x00000000eb187b88}> (0x00000000eb187b88) 
thrown [s\src\hotspot\share\runtime\reflection.cpp, line 1121]

VM Operations (4 events):
Event: 0.120 Executing VM operation: HandshakeAllThreads
Event: 0.120 Executing VM operation: HandshakeAllThreads done
Event: 0.194 Executing VM operation: HandshakeAllThreads
Event: 0.194 Executing VM operation: HandshakeAllThreads done

Events (20 events):
Event: 0.262 loading class java/util/regex/Pattern$Branch
Event: 0.262 loading class java/util/regex/Pattern$Branch done
Event: 0.262 loading class java/util/regex/Pattern$StartS
Event: 0.262 loading class java/util/regex/Pattern$StartS done
Event: 0.262 loading class java/util/regex/Pattern$Curly
Event: 0.262 loading class java/util/regex/Pattern$Curly done
Event: 0.262 loading class java/util/regex/Pattern$Ques
Event: 0.262 loading class java/util/regex/Pattern$Ques done
Event: 0.262 loading class java/util/regex/Pattern$Loop
Event: 0.262 loading class java/util/regex/Pattern$Loop done
Event: 0.262 loading class java/util/regex/Pattern$Prolog
Event: 0.262 loading class java/util/regex/Pattern$Prolog done
Event: 0.263 loading class java/util/regex/Pattern$Dollar
Event: 0.263 loading class java/util/regex/Pattern$Dollar done
Event: 0.263 loading class java/util/regex/Pattern$GroupCurly
Event: 0.263 loading class java/util/regex/Pattern$GroupCurly done
Event: 0.277 loading class java/util/Collections$SingletonSet
Event: 0.277 loading class java/util/Collections$SingletonSet done
Event: 0.277 loading class java/util/Collections$1
Event: 0.277 loading class java/util/Collections$1 done


Dynamic libraries:
0x00007ff61f880000 - 0x00007ff61f88e000 	c:\Users\Luis García Díaz\.vscode\extensions\redhat.java-1.26.0-win32-x64\jre\17.0.9-win32-x86_64\bin\java.exe
0x00007ffd2ac50000 - 0x00007ffd2ae67000 	C:\WINDOWS\SYSTEM32\ntdll.dll
0x00007ffd2aa10000 - 0x00007ffd2aad4000 	C:\WINDOWS\System32\KERNEL32.DLL
0x00007ffd28420000 - 0x00007ffd287c6000 	C:\WINDOWS\System32\KERNELBASE.dll
0x00007ffd28030000 - 0x00007ffd28141000 	C:\WINDOWS\System32\ucrtbase.dll
0x00007ffd13680000 - 0x00007ffd13697000 	c:\Users\Luis García Díaz\.vscode\extensions\redhat.java-1.26.0-win32-x64\jre\17.0.9-win32-x86_64\bin\jli.dll
0x00007ffd136a0000 - 0x00007ffd136bb000 	c:\Users\Luis García Díaz\.vscode\extensions\redhat.java-1.26.0-win32-x64\jre\17.0.9-win32-x86_64\bin\VCRUNTIME140.dll
0x00007ffd29140000 - 0x00007ffd292ee000 	C:\WINDOWS\System32\USER32.dll
0x00007ffd28800000 - 0x00007ffd28826000 	C:\WINDOWS\System32\win32u.dll
0x00007ffd14620000 - 0x00007ffd148b3000 	C:\WINDOWS\WinSxS\amd64_microsoft.windows.common-controls_6595b64144ccf1df_6.0.22621.2506_none_270c5ae97388e100\COMCTL32.dll
0x00007ffd29330000 - 0x00007ffd29359000 	C:\WINDOWS\System32\GDI32.dll
0x00007ffd289b0000 - 0x00007ffd28a57000 	C:\WINDOWS\System32\msvcrt.dll
0x00007ffd281c0000 - 0x00007ffd282d8000 	C:\WINDOWS\System32\gdi32full.dll
0x00007ffd27f90000 - 0x00007ffd2802a000 	C:\WINDOWS\System32\msvcp_win.dll
0x00007ffd292f0000 - 0x00007ffd29321000 	C:\WINDOWS\System32\IMM32.DLL
0x00007ffd245a0000 - 0x00007ffd245ac000 	c:\Users\Luis García Díaz\.vscode\extensions\redhat.java-1.26.0-win32-x64\jre\17.0.9-win32-x86_64\bin\vcruntime140_1.dll
0x00007ffcebfe0000 - 0x00007ffcec06d000 	c:\Users\Luis García Díaz\.vscode\extensions\redhat.java-1.26.0-win32-x64\jre\17.0.9-win32-x86_64\bin\msvcp140.dll
0x00007ffce96e0000 - 0x00007ffcea341000 	c:\Users\Luis García Díaz\.vscode\extensions\redhat.java-1.26.0-win32-x64\jre\17.0.9-win32-x86_64\bin\server\jvm.dll
0x00007ffd29920000 - 0x00007ffd299d3000 	C:\WINDOWS\System32\ADVAPI32.dll
0x00007ffd2ab60000 - 0x00007ffd2ac08000 	C:\WINDOWS\System32\sechost.dll
0x00007ffd287d0000 - 0x00007ffd287f8000 	C:\WINDOWS\System32\bcrypt.dll
0x00007ffd29360000 - 0x00007ffd29477000 	C:\WINDOWS\System32\RPCRT4.dll
0x00007ffd27e60000 - 0x00007ffd27ead000 	C:\WINDOWS\SYSTEM32\POWRPROF.dll
0x00007ffd22d70000 - 0x00007ffd22d79000 	C:\WINDOWS\SYSTEM32\WSOCK32.dll
0x00007ffd1e770000 - 0x00007ffd1e7a4000 	C:\WINDOWS\SYSTEM32\WINMM.dll
0x00007ffd29a70000 - 0x00007ffd29ae1000 	C:\WINDOWS\System32\WS2_32.dll
0x00007ffd1e8b0000 - 0x00007ffd1e8ba000 	C:\WINDOWS\SYSTEM32\VERSION.dll
0x00007ffd27e40000 - 0x00007ffd27e53000 	C:\WINDOWS\SYSTEM32\UMPDC.dll
0x00007ffd26f80000 - 0x00007ffd26f98000 	C:\WINDOWS\SYSTEM32\kernel.appcore.dll
0x00007ffd1e950000 - 0x00007ffd1e95a000 	c:\Users\Luis García Díaz\.vscode\extensions\redhat.java-1.26.0-win32-x64\jre\17.0.9-win32-x86_64\bin\jimage.dll
0x00007ffd258c0000 - 0x00007ffd25af3000 	C:\WINDOWS\SYSTEM32\DBGHELP.DLL
0x00007ffd28c30000 - 0x00007ffd28fb9000 	C:\WINDOWS\System32\combase.dll
0x00007ffd29bf0000 - 0x00007ffd29cc7000 	C:\WINDOWS\System32\OLEAUT32.dll
0x00007ffd1e5d0000 - 0x00007ffd1e602000 	C:\WINDOWS\SYSTEM32\dbgcore.DLL
0x00007ffd282e0000 - 0x00007ffd2835a000 	C:\WINDOWS\System32\bcryptPrimitives.dll
0x00007ffd18740000 - 0x00007ffd1874e000 	c:\Users\Luis García Díaz\.vscode\extensions\redhat.java-1.26.0-win32-x64\jre\17.0.9-win32-x86_64\bin\instrument.dll
0x00007ffd13650000 - 0x00007ffd13675000 	c:\Users\Luis García Díaz\.vscode\extensions\redhat.java-1.26.0-win32-x64\jre\17.0.9-win32-x86_64\bin\java.dll
0x00007ffd13630000 - 0x00007ffd13648000 	c:\Users\Luis García Díaz\.vscode\extensions\redhat.java-1.26.0-win32-x64\jre\17.0.9-win32-x86_64\bin\zip.dll
0x00007ffd2a1b0000 - 0x00007ffd2aa0a000 	C:\WINDOWS\System32\SHELL32.dll
0x00007ffd25e90000 - 0x00007ffd26786000 	C:\WINDOWS\SYSTEM32\windows.storage.dll
0x00007ffd25d50000 - 0x00007ffd25e8e000 	C:\WINDOWS\SYSTEM32\wintypes.dll
0x00007ffd29660000 - 0x00007ffd29753000 	C:\WINDOWS\System32\SHCORE.dll
0x00007ffd290c0000 - 0x00007ffd2911e000 	C:\WINDOWS\System32\shlwapi.dll
0x00007ffd27ec0000 - 0x00007ffd27ee6000 	C:\WINDOWS\SYSTEM32\profapi.dll
0x00007ffd0dd60000 - 0x00007ffd0dd79000 	C:\Users\Luis García Díaz\.vscode\extensions\redhat.java-1.26.0-win32-x64\jre\17.0.9-win32-x86_64\bin\net.dll
0x00007ffd21c00000 - 0x00007ffd21d37000 	C:\WINDOWS\SYSTEM32\WINHTTP.dll
0x00007ffd273f0000 - 0x00007ffd27459000 	C:\WINDOWS\system32\mswsock.dll
0x00007ffd0d870000 - 0x00007ffd0d886000 	C:\Users\Luis García Díaz\.vscode\extensions\redhat.java-1.26.0-win32-x64\jre\17.0.9-win32-x86_64\bin\nio.dll
0x00007ffd17340000 - 0x00007ffd17350000 	c:\Users\Luis García Díaz\.vscode\extensions\redhat.java-1.26.0-win32-x64\jre\17.0.9-win32-x86_64\bin\verify.dll

dbghelp: loaded successfully - version: 4.0.5 - missing functions: none
symbol engine: initialized successfully - sym options: 0x614 - pdb path: .;c:\Users\Luis García Díaz\.vscode\extensions\redhat.java-1.26.0-win32-x64\jre\17.0.9-win32-x86_64\bin;C:\WINDOWS\SYSTEM32;C:\WINDOWS\WinSxS\amd64_microsoft.windows.common-controls_6595b64144ccf1df_6.0.22621.2506_none_270c5ae97388e100;c:\Users\Luis García Díaz\.vscode\extensions\redhat.java-1.26.0-win32-x64\jre\17.0.9-win32-x86_64\bin\server

VM Arguments:
jvm_args: --add-modules=ALL-SYSTEM --add-opens=java.base/java.util=ALL-UNNAMED --add-opens=java.base/java.lang=ALL-UNNAMED --add-opens=java.base/sun.nio.fs=ALL-UNNAMED -Declipse.application=org.eclipse.jdt.ls.core.id1 -Dosgi.bundles.defaultStartLevel=4 -Declipse.product=org.eclipse.jdt.ls.core.product -Djava.import.generatesMetadataFilesAtProjectRoot=false -DDetectVMInstallationsJob.disabled=true -Dfile.encoding=utf8 -XX:+UseParallelGC -XX:GCTimeRatio=4 -XX:AdaptiveSizePolicyWeight=90 -Dsun.zip.disableMemoryMapping=true -Xmx1G -Xms100m -Xlog:disable -javaagent:c:\Users\Luis García Díaz\.vscode\extensions\redhat.java-1.26.0-win32-x64\lombok\lombok-1.18.31-3454.jar 
java_command: c:\Users\Luis García Díaz\.vscode\extensions\redhat.java-1.26.0-win32-x64\server\plugins\org.eclipse.equinox.launcher_1.6.700.v20231214-2017.jar -configuration c:\Users\Luis García Díaz\AppData\Roaming\Code\User\globalStorage\redhat.java\1.26.0\config_ss_win -data c:\Users\Luis García Díaz\AppData\Roaming\Code\User\workspaceStorage\9f5ca029dd32ae4ab79c50f7157500ab\redhat.java\ss_ws --stdio
java_class_path (initial): c:\Users\Luis García Díaz\.vscode\extensions\redhat.java-1.26.0-win32-x64\server\plugins\org.eclipse.equinox.launcher_1.6.700.v20231214-2017.jar
Launcher Type: SUN_STANDARD

[Global flags]
    uintx AdaptiveSizePolicyWeight                 = 90                                        {product} {command line}
     intx CICompilerCount                          = 12                                        {product} {ergonomic}
    uintx GCTimeRatio                              = 4                                         {product} {command line}
   size_t InitialHeapSize                          = 104857600                                 {product} {command line}
   size_t MaxHeapSize                              = 1073741824                                {product} {command line}
   size_t MaxNewSize                               = 357564416                                 {product} {ergonomic}
   size_t MinHeapDeltaBytes                        = 524288                                    {product} {ergonomic}
   size_t MinHeapSize                              = 104857600                                 {product} {command line}
   size_t NewSize                                  = 34603008                                  {product} {ergonomic}
    uintx NonNMethodCodeHeapSize                   = 7602480                                {pd product} {ergonomic}
    uintx NonProfiledCodeHeapSize                  = 122027880                              {pd product} {ergonomic}
   size_t OldSize                                  = 70254592                                  {product} {ergonomic}
    uintx ProfiledCodeHeapSize                     = 122027880                              {pd product} {ergonomic}
    uintx ReservedCodeCacheSize                    = 251658240                              {pd product} {ergonomic}
     bool SegmentedCodeCache                       = true                                      {product} {ergonomic}
   size_t SoftMaxHeapSize                          = 1073741824                             {manageable} {ergonomic}
     bool UseCompressedClassPointers               = true                           {product lp64_product} {ergonomic}
     bool UseCompressedOops                        = true                           {product lp64_product} {ergonomic}
     bool UseLargePagesIndividualAllocation        = false                                  {pd product} {ergonomic}
     bool UseParallelGC                            = true                                      {product} {command line}

Logging:
Log output configuration:
 #0: stdout all=off uptime,level,tags
 #1: stderr all=off uptime,level,tags

Environment Variables:
PATH=C:\Program Files\Common Files\Oracle\Java\javapath;C:\WINDOWS\system32;C:\WINDOWS;C:\WINDOWS\System32\Wbem;C:\WINDOWS\System32\WindowsPowerShell\v1.0\;C:\WINDOWS\System32\OpenSSH\;C:\Program Files\dotnet\;C:\Program Files\NVIDIA Corporation\NVIDIA NvDLISR;C:\Program Files (x86)\NVIDIA Corporation\PhysX\Common;C:\Program Files\MySQL\MySQL Server 8.0\bin;C:\Users\Luis García Díaz\AppData\Local\Programs\Python\Launcher\;C:\Users\Luis García Díaz\AppData\Local\Programs\Python\Python311\Scripts\;C:\Users\Luis García Díaz\AppData\Local\Programs\Python\Python311\;C:\Users\Luis García Díaz\AppData\Local\Microsoft\WindowsApps;C:\Users\Luis García Díaz\AppData\Local\Programs\Microsoft VS Code\bin;C:\Users\Luis García Díaz\AppData\Local\GitHubDesktop\bin
USERNAME=Luis García Díaz
OS=Windows_NT
PROCESSOR_IDENTIFIER=AMD64 Family 25 Model 68 Stepping 1, AuthenticAMD
TMP=C:\Users\LUISGA~1\AppData\Local\Temp
TEMP=C:\Users\LUISGA~1\AppData\Local\Temp



Periodic native trim disabled


---------------  S Y S T E M  ---------------

OS:
 Windows 11 , 64 bit Build 22621 (10.0.22621.2506)
OS uptime: 1 days 16:53 hours
Hyper-V role detected

CPU: total 16 (initial active 16) (16 cores per cpu, 2 threads per core) family 25 model 68 stepping 1 microcode 0x0, cx8, cmov, fxsr, ht, mmx, 3dnowpref, sse, sse2, sse3, ssse3, sse4a, sse4.1, sse4.2, popcnt, lzcnt, tsc, tscinvbit, avx, avx2, aes, erms, clmul, bmi1, bmi2, adx, sha, fma, vzeroupper, clflush, clflushopt, hv
Processor Information for all 16 processors :
  Max Mhz: 3201, Current Mhz: 3201, Mhz Limit: 3201

Memory: 4k page, system-wide physical 15628M (5990M free)
TotalPageFile size 62732M (AvailPageFile size 13M)
current process WorkingSet (physical memory assigned to process): 46M, peak: 46M
current process commit charge ("private bytes"): 206M, peak: 206M

vm_info: OpenJDK 64-Bit Server VM (17.0.9+9) for windows-amd64 JRE (17.0.9+9), built on Oct 26 2023 14:01:42 by "admin" with MS VC++ 16.10 / 16.11 (VS2019)

END.
