#
# There is insufficient memory for the Java Runtime Environment to continue.
# Native memory allocation (malloc) failed to allocate 32744 bytes for ChunkPool::allocate
# Possible reasons:
#   The system is out of physical RAM or swap space
#   The process is running with CompressedOops enabled, and the Java Heap may be blocking the growth of the native heap
# Possible solutions:
#   Reduce memory load on the system
#   Increase physical memory or swap space
#   Check if swap backing store is full
#   Decrease Java heap size (-Xmx/-Xms)
#   Decrease number of Java threads
#   Decrease Java thread stack sizes (-Xss)
#   Set larger code cache with -XX:ReservedCodeCacheSize=
#   JVM is running with Unscaled Compressed Oops mode in which the Java heap is
#     placed in the first 4GB address space. The Java Heap base address is the
#     maximum limit for the native heap growth. Please use -XX:HeapBaseMinAddress
#     to set the Java Heap base and to place the Java Heap above 4GB virtual address.
# This output file may be truncated or incomplete.
#
#  Out of Memory Error (arena.cpp:79), pid=65940, tid=66048
#
# JRE version: OpenJDK Runtime Environment Temurin-17.0.9+9 (17.0.9+9) (build 17.0.9+9)
# Java VM: OpenJDK 64-Bit Server VM Temurin-17.0.9+9 (17.0.9+9, mixed mode, tiered, compressed oops, compressed class ptrs, parallel gc, windows-amd64)
# No core dump will be written. Minidumps are not enabled by default on client versions of Windows
#

---------------  S U M M A R Y ------------

Command Line: --add-modules=ALL-SYSTEM --add-opens=java.base/java.util=ALL-UNNAMED --add-opens=java.base/java.lang=ALL-UNNAMED --add-opens=java.base/sun.nio.fs=ALL-UNNAMED -Declipse.application=org.eclipse.jdt.ls.core.id1 -Dosgi.bundles.defaultStartLevel=4 -Declipse.product=org.eclipse.jdt.ls.core.product -Djava.import.generatesMetadataFilesAtProjectRoot=false -DDetectVMInstallationsJob.disabled=true -Dfile.encoding=utf8 -XX:+UseParallelGC -XX:GCTimeRatio=4 -XX:AdaptiveSizePolicyWeight=90 -Dsun.zip.disableMemoryMapping=true -Xmx1G -Xms100m -Xlog:disable -javaagent:c:\Users\Luis García Díaz\.vscode\extensions\redhat.java-1.26.0-win32-x64\lombok\lombok-1.18.31-3454.jar c:\Users\Luis García Díaz\.vscode\extensions\redhat.java-1.26.0-win32-x64\server\plugins\org.eclipse.equinox.launcher_1.6.700.v20231214-2017.jar -configuration c:\Users\Luis García Díaz\AppData\Roaming\Code\User\globalStorage\redhat.java\1.26.0\config_ss_win -data c:\Users\Luis García Díaz\AppData\Roaming\Code\User\workspaceStorage\9f5ca029dd32ae4ab79c50f7157500ab\redhat.java\ss_ws --stdio

Host: AMD Ryzen 7 6800HS with Radeon Graphics         , 16 cores, 15G,  Windows 11 , 64 bit Build 22621 (10.0.22621.2506)
Time: Mon Jan 22 10:49:38 2024 Hora estándar romance elapsed time: 0.278518 seconds (0d 0h 0m 0s)

---------------  T H R E A D  ---------------

Current thread (0x000001b8abbcb090):  JavaThread "C1 CompilerThread0" daemon [_thread_in_native, id=66048, stack(0x00000005b8600000,0x00000005b8700000)]


Current CompileTask:
C1:    278  551   !   3       java.lang.String::replace (258 bytes)

Stack: [0x00000005b8600000,0x00000005b8700000]
Native frames: (J=compiled Java code, j=interpreted, Vv=VM code, C=native code)
V  [jvm.dll+0x67cf49]
V  [jvm.dll+0x83478a]
V  [jvm.dll+0x83624e]
V  [jvm.dll+0x8368b3]
V  [jvm.dll+0x247f1f]
V  [jvm.dll+0xac65c]
V  [jvm.dll+0xaca8c]
V  [jvm.dll+0x17d23f]
V  [jvm.dll+0x17bd6b]
V  [jvm.dll+0x136313]
V  [jvm.dll+0x135c1f]
V  [jvm.dll+0x135e56]
V  [jvm.dll+0x1352ea]
V  [jvm.dll+0x136fa1]
V  [jvm.dll+0x2297ae]
V  [jvm.dll+0x22797c]
V  [jvm.dll+0x7e9877]
V  [jvm.dll+0x7e3c3a]
V  [jvm.dll+0x67be35]
C  [ucrtbase.dll+0x29363]
C  [KERNEL32.DLL+0x1257d]
C  [ntdll.dll+0x5aa58]


---------------  P R O C E S S  ---------------

Threads class SMR info:
_java_thread_list=0x000001b8abd388c0, length=17, elements={
0x000001b892b8ed20, 0x000001b8a6a1d010, 0x000001b892c38770, 0x000001b8abbb6f30,
0x000001b8abbb7800, 0x000001b8abbb8870, 0x000001b8abbbbc40, 0x000001b8abbc93c0,
0x000001b8abbcb090, 0x000001b8abbd3d40, 0x000001b8abd3ba10, 0x000001b8abd416a0,
0x000001b8abd41bc0, 0x000001b8abd48ba0, 0x000001b8abd490c0, 0x000001b8add0b100,
0x000001b8abd39bb0
}

Java Threads: ( => current thread )
  0x000001b892b8ed20 JavaThread "main" [_thread_in_vm, id=65964, stack(0x00000005b7c00000,0x00000005b7d00000)]
  0x000001b8a6a1d010 JavaThread "Reference Handler" daemon [_thread_blocked, id=65992, stack(0x00000005b7f00000,0x00000005b8000000)]
  0x000001b892c38770 JavaThread "Finalizer" daemon [_thread_blocked, id=65996, stack(0x00000005b8000000,0x00000005b8100000)]
  0x000001b8abbb6f30 JavaThread "Signal Dispatcher" daemon [_thread_blocked, id=66028, stack(0x00000005b8100000,0x00000005b8200000)]
  0x000001b8abbb7800 JavaThread "Attach Listener" daemon [_thread_blocked, id=66032, stack(0x00000005b8200000,0x00000005b8300000)]
  0x000001b8abbb8870 JavaThread "Service Thread" daemon [_thread_blocked, id=66036, stack(0x00000005b8300000,0x00000005b8400000)]
  0x000001b8abbbbc40 JavaThread "Monitor Deflation Thread" daemon [_thread_blocked, id=66040, stack(0x00000005b8400000,0x00000005b8500000)]
  0x000001b8abbc93c0 JavaThread "C2 CompilerThread0" daemon [_thread_in_native, id=66044, stack(0x00000005b8500000,0x00000005b8600000)]
=>0x000001b8abbcb090 JavaThread "C1 CompilerThread0" daemon [_thread_in_native, id=66048, stack(0x00000005b8600000,0x00000005b8700000)]
  0x000001b8abbd3d40 JavaThread "Sweeper thread" daemon [_thread_blocked, id=66052, stack(0x00000005b8700000,0x00000005b8800000)]
  0x000001b8abd3ba10 JavaThread "Common-Cleaner" daemon [_thread_blocked, id=66080, stack(0x00000005b8800000,0x00000005b8900000)]
  0x000001b8abd416a0 JavaThread "C1 CompilerThread1" daemon [_thread_in_vm, id=66124, stack(0x00000005b8900000,0x00000005b8a00000)]
  0x000001b8abd41bc0 JavaThread "C1 CompilerThread2" daemon [_thread_in_native, id=66128, stack(0x00000005b8a00000,0x00000005b8b00000)]
  0x000001b8abd48ba0 JavaThread "C2 CompilerThread1" daemon [_thread_in_native, id=66136, stack(0x00000005b8b00000,0x00000005b8c00000)]
  0x000001b8abd490c0 JavaThread "C2 CompilerThread2" daemon [_thread_in_native, id=66156, stack(0x00000005b8c00000,0x00000005b8d00000)]
  0x000001b8add0b100 JavaThread "C1 CompilerThread3" daemon [_thread_in_native, id=66212, stack(0x00000005b8d00000,0x00000005b8e00000)]
  0x000001b8abd39bb0 JavaThread "Notification Thread" daemon [_thread_blocked, id=66224, stack(0x00000005b8e00000,0x00000005b8f00000)]

Other Threads:
  0x000001b892c1b390 VMThread "VM Thread" [stack: 0x00000005b7e00000,0x00000005b7f00000] [id=65980]
  0x000001b8add6cb30 WatcherThread [stack: 0x00000005b8f00000,0x00000005b9000000] [id=66228]
  0x000001b892ba39a0 GCTaskThread "GC Thread#0" [stack: 0x00000005b7d00000,0x00000005b7e00000] [id=65972]

Threads with active compile tasks:
C2 CompilerThread0      289  545       4       java.util.Collections$UnmodifiableCollection::iterator (9 bytes)
C1 CompilerThread0      289  551   !   3       java.lang.String::replace (258 bytes)
C1 CompilerThread2      289  561       3       java.math.BigInteger::<init> (404 bytes)
C2 CompilerThread1      289  546       4       lombok.patcher.scripts.MethodLevelPatchScript::patch (21 bytes)
C2 CompilerThread2      289  537       4       java.util.HashSet::iterator (13 bytes)
C1 CompilerThread3      289  566       3       java.util.LinkedHashMap::newNode (23 bytes)

VM state: not at safepoint (normal execution)

VM Mutex/Monitor currently owned by a thread: None

Heap address: 0x00000000c0000000, size: 1024 MB, Compressed Oops mode: 32-bit

CDS archive(s) not mapped
Compressed class space mapped at: 0x0000000100000000-0x0000000140000000, reserved size: 1073741824
Narrow klass base: 0x0000000000000000, Narrow klass shift: 3, Narrow klass range: 0x140000000

GC Precious Log:
 CPUs: 16 total, 16 available
 Memory: 15628M
 Large Page Support: Disabled
 NUMA Support: Disabled
 Compressed Oops: Enabled (32-bit)
 Alignments: Space 512K, Generation 512K, Heap 2M
 Heap Min Capacity: 100M
 Heap Initial Capacity: 100M
 Heap Max Capacity: 1G
 Pre-touch: Disabled
 Parallel Workers: 13

Heap:
 PSYoungGen      total 29696K, used 13574K [0x00000000eab00000, 0x00000000ecc00000, 0x0000000100000000)
  eden space 25600K, 53% used [0x00000000eab00000,0x00000000eb841970,0x00000000ec400000)
  from space 4096K, 0% used [0x00000000ec800000,0x00000000ec800000,0x00000000ecc00000)
  to   space 4096K, 0% used [0x00000000ec400000,0x00000000ec400000,0x00000000ec800000)
 ParOldGen       total 68608K, used 0K [0x00000000c0000000, 0x00000000c4300000, 0x00000000eab00000)
  object space 68608K, 0% used [0x00000000c0000000,0x00000000c0000000,0x00000000c4300000)
 Metaspace       used 8433K, committed 8576K, reserved 1114112K
  class space    used 824K, committed 896K, reserved 1048576K

Card table byte_map: [0x000001b892520000,0x000001b892730000] _byte_map_base: 0x000001b891f20000

Marking Bits: (ParMarkBitMap*) 0x00007ffcea27d0b0
 Begin Bits: [0x000001b8a4820000, 0x000001b8a5820000)
 End Bits:   [0x000001b8a5820000, 0x000001b8a6820000)

Polling page: 0x000001b890ac0000

Metaspace:

Usage:
  Non-class:      7.43 MB used.
      Class:    824.43 KB used.
       Both:      8.24 MB used.

Virtual space:
  Non-class space:       64.00 MB reserved,       7.50 MB ( 12%) committed,  1 nodes.
      Class space:        1.00 GB reserved,     896.00 KB ( <1%) committed,  1 nodes.
             Both:        1.06 GB reserved,       8.38 MB ( <1%) committed. 

Chunk freelists:
   Non-Class:  8.00 MB
       Class:  15.09 MB
        Both:  23.09 MB

MaxMetaspaceSize: unlimited
CompressedClassSpaceSize: 1.00 GB
Initial GC threshold: 21.00 MB
Current GC threshold: 21.00 MB
CDS: off
MetaspaceReclaimPolicy: balanced
 - commit_granule_bytes: 65536.
 - commit_granule_words: 8192.
 - virtual_space_node_default_size: 8388608.
 - enlarge_chunks_in_place: 1.
 - new_chunks_are_fully_committed: 0.
 - uncommit_free_chunks: 1.
 - use_allocation_guard: 0.
 - handle_deallocations: 1.


Internal statistics:

num_allocs_failed_limit: 0.
num_arena_births: 14.
num_arena_deaths: 0.
num_vsnodes_births: 2.
num_vsnodes_deaths: 0.
num_space_committed: 134.
num_space_uncommitted: 0.
num_chunks_returned_to_freelist: 0.
num_chunks_taken_from_freelist: 48.
num_chunk_merges: 0.
num_chunk_splits: 24.
num_chunks_enlarged: 18.
num_inconsistent_stats: 0.

CodeHeap 'non-profiled nmethods': size=119168Kb used=175Kb max_used=175Kb free=118992Kb
 bounds [0x000001b89d3c0000, 0x000001b89d630000, 0x000001b8a4820000]
CodeHeap 'profiled nmethods': size=119104Kb used=816Kb max_used=816Kb free=118287Kb
 bounds [0x000001b895820000, 0x000001b895a90000, 0x000001b89cc70000]
CodeHeap 'non-nmethods': size=7488Kb used=2822Kb max_used=2831Kb free=4665Kb
 bounds [0x000001b89cc70000, 0x000001b89cf40000, 0x000001b89d3c0000]
 total_blobs=989 nmethods=565 adapters=336
 compilation: enabled
              stopped_count=0, restarted_count=0
 full_count=0

Compilation events (20 events):
Event: 0.272 Thread 0x000001b8abd416a0  540       3       sun.security.util.DerInputStream::getDerValue (76 bytes)
Event: 0.272 Thread 0x000001b8abbc93c0 nmethod 530 0x000001b89d3e9b90 code [0x000001b89d3e9d80, 0x000001b89d3ea508]
Event: 0.272 Thread 0x000001b8abd416a0 nmethod 540 0x000001b8958e1390 code [0x000001b8958e1540, 0x000001b8958e17a8]
Event: 0.273 Thread 0x000001b8abd416a0  542       3       sun.security.util.DerInputStream::available (10 bytes)
Event: 0.273 Thread 0x000001b8abd416a0 nmethod 542 0x000001b8958e1910 code [0x000001b8958e1aa0, 0x000001b8958e1bb8]
Event: 0.273 Thread 0x000001b8abd41bc0 nmethod 539 0x000001b8958e1c90 code [0x000001b8958e20a0, 0x000001b8958e3a78]
Event: 0.273 Thread 0x000001b8abd48ba0 nmethod 534 0x000001b89d3eb010 code [0x000001b89d3eb1a0, 0x000001b89d3eb4f8]
Event: 0.274 Thread 0x000001b8abd416a0  544       3       jdk.internal.org.objectweb.asm.ByteVector::put12 (64 bytes)
Event: 0.274 Thread 0x000001b8abd416a0 nmethod 544 0x000001b8958e4410 code [0x000001b8958e45c0, 0x000001b8958e47e8]
Event: 0.274 Thread 0x000001b8abbc93c0  545       4       java.util.Collections$UnmodifiableCollection::iterator (9 bytes)
Event: 0.274 Thread 0x000001b8abd48ba0  546       4       lombok.patcher.scripts.MethodLevelPatchScript::patch (21 bytes)
Event: 0.275 Thread 0x000001b8abd416a0  547       3       sun.instrument.InstrumentationImpl::transform (73 bytes)
Event: 0.275 Thread 0x000001b8add0b100  548   !   3       sun.instrument.TransformerManager::transform (100 bytes)
Event: 0.275 Thread 0x000001b8abbcb090  549       3       java.lang.instrument.ClassFileTransformer::transform (15 bytes)
Event: 0.275 Thread 0x000001b8abbcb090 nmethod 549 0x000001b8958e4990 code [0x000001b8958e4b40, 0x000001b8958e4cc8]
Event: 0.275 Thread 0x000001b8abd416a0 nmethod 547 0x000001b8958e4e10 code [0x000001b8958e4fe0, 0x000001b8958e5388]
Event: 0.275 Thread 0x000001b8add0b100 nmethod 548 0x000001b8958e5510 code [0x000001b8958e56e0, 0x000001b8958e5b88]
Event: 0.276 Thread 0x000001b8add0b100  550       3       lombok.eclipse.agent.EclipsePatcher$1::shouldTransform (79 bytes)
Event: 0.276 Thread 0x000001b8add0b100 nmethod 550 0x000001b8958e5e10 code [0x000001b8958e6080, 0x000001b8958e6a68]
Event: 0.276 Thread 0x000001b8abbcb090  551   !   3       java.lang.String::replace (258 bytes)

GC Heap History (0 events):
No events

Dll operation events (8 events):
Event: 0.007 Loaded shared library c:\Users\Luis García Díaz\.vscode\extensions\redhat.java-1.26.0-win32-x64\jre\17.0.9-win32-x86_64\bin\java.dll
Event: 0.119 Loaded shared library c:\Users\Luis García Díaz\.vscode\extensions\redhat.java-1.26.0-win32-x64\jre\17.0.9-win32-x86_64\bin\zip.dll
Event: 0.122 Loaded shared library C:\Users\Luis García Díaz\.vscode\extensions\redhat.java-1.26.0-win32-x64\jre\17.0.9-win32-x86_64\bin\instrument.dll
Event: 0.133 Loaded shared library C:\Users\Luis García Díaz\.vscode\extensions\redhat.java-1.26.0-win32-x64\jre\17.0.9-win32-x86_64\bin\net.dll
Event: 0.134 Loaded shared library C:\Users\Luis García Díaz\.vscode\extensions\redhat.java-1.26.0-win32-x64\jre\17.0.9-win32-x86_64\bin\nio.dll
Event: 0.138 Loaded shared library C:\Users\Luis García Díaz\.vscode\extensions\redhat.java-1.26.0-win32-x64\jre\17.0.9-win32-x86_64\bin\zip.dll
Event: 0.148 Loaded shared library C:\Users\Luis García Díaz\.vscode\extensions\redhat.java-1.26.0-win32-x64\jre\17.0.9-win32-x86_64\bin\jimage.dll
Event: 0.189 Loaded shared library c:\Users\Luis García Díaz\.vscode\extensions\redhat.java-1.26.0-win32-x64\jre\17.0.9-win32-x86_64\bin\verify.dll

Deoptimization events (20 events):
Event: 0.262 Thread 0x000001b892b8ed20 Uncommon trap: trap_request=0xffffffde fr.pc=0x000001b89d3e78a4 relative=0x0000000000000104
Event: 0.262 Thread 0x000001b892b8ed20 Uncommon trap: reason=class_check action=maybe_recompile pc=0x000001b89d3e78a4 method=jdk.internal.misc.Unsafe.allocateUninitializedArray(Ljava/lang/Class;I)Ljava/lang/Object; @ 51 c2
Event: 0.262 Thread 0x000001b892b8ed20 DEOPT PACKING pc=0x000001b89d3e78a4 sp=0x00000005b7cfbc30
Event: 0.262 Thread 0x000001b892b8ed20 DEOPT UNPACKING pc=0x000001b89ccc66a3 sp=0x00000005b7cfbbb8 mode 2
Event: 0.262 Thread 0x000001b892b8ed20 Uncommon trap: trap_request=0xffffffde fr.pc=0x000001b89d3e78a4 relative=0x0000000000000104
Event: 0.262 Thread 0x000001b892b8ed20 Uncommon trap: reason=class_check action=maybe_recompile pc=0x000001b89d3e78a4 method=jdk.internal.misc.Unsafe.allocateUninitializedArray(Ljava/lang/Class;I)Ljava/lang/Object; @ 51 c2
Event: 0.262 Thread 0x000001b892b8ed20 DEOPT PACKING pc=0x000001b89d3e78a4 sp=0x00000005b7cfbc30
Event: 0.262 Thread 0x000001b892b8ed20 DEOPT UNPACKING pc=0x000001b89ccc66a3 sp=0x00000005b7cfbbb8 mode 2
Event: 0.262 Thread 0x000001b892b8ed20 Uncommon trap: trap_request=0xffffffde fr.pc=0x000001b89d3e78a4 relative=0x0000000000000104
Event: 0.262 Thread 0x000001b892b8ed20 Uncommon trap: reason=class_check action=maybe_recompile pc=0x000001b89d3e78a4 method=jdk.internal.misc.Unsafe.allocateUninitializedArray(Ljava/lang/Class;I)Ljava/lang/Object; @ 51 c2
Event: 0.262 Thread 0x000001b892b8ed20 DEOPT PACKING pc=0x000001b89d3e78a4 sp=0x00000005b7cfbc70
Event: 0.262 Thread 0x000001b892b8ed20 DEOPT UNPACKING pc=0x000001b89ccc66a3 sp=0x00000005b7cfbbf8 mode 2
Event: 0.270 Thread 0x000001b892b8ed20 Uncommon trap: trap_request=0xffffff45 fr.pc=0x000001b89d3d8318 relative=0x0000000000000098
Event: 0.270 Thread 0x000001b892b8ed20 Uncommon trap: reason=unstable_if action=reinterpret pc=0x000001b89d3d8318 method=java.net.URI.match(CJJ)Z @ 45 c2
Event: 0.270 Thread 0x000001b892b8ed20 DEOPT PACKING pc=0x000001b89d3d8318 sp=0x00000005b7cfc8b0
Event: 0.270 Thread 0x000001b892b8ed20 DEOPT UNPACKING pc=0x000001b89ccc66a3 sp=0x00000005b7cfc838 mode 2
Event: 0.275 Thread 0x000001b892b8ed20 Uncommon trap: trap_request=0xffffff45 fr.pc=0x000001b89d3ea324 relative=0x00000000000005a4
Event: 0.275 Thread 0x000001b892b8ed20 Uncommon trap: reason=unstable_if action=reinterpret pc=0x000001b89d3ea324 method=java.lang.String.replace(Ljava/lang/CharSequence;Ljava/lang/CharSequence;)Ljava/lang/String; @ 48 c2
Event: 0.275 Thread 0x000001b892b8ed20 DEOPT PACKING pc=0x000001b89d3ea324 sp=0x00000005b7cfc830
Event: 0.275 Thread 0x000001b892b8ed20 DEOPT UNPACKING pc=0x000001b89ccc66a3 sp=0x00000005b7cfc7a0 mode 2

Classes unloaded (0 events):
No events

Classes redefined (0 events):
No events

Internal exceptions (4 events):
Event: 0.100 Thread 0x000001b892b8ed20 Exception <a 'java/lang/NoSuchMethodError'{0x00000000eacb3690}: 'void java.lang.invoke.DirectMethodHandle$Holder.invokeStatic(java.lang.Object, java.lang.Object, java.lang.Object)'> (0x00000000eacb3690) 
thrown [s\src\hotspot\share\interpreter\linkResolver.cpp, line 759]
Event: 0.151 Thread 0x000001b892b8ed20 Exception <a 'java/lang/NoSuchMethodError'{0x00000000eadab9e0}: 'java.lang.Object java.lang.invoke.DirectMethodHandle$Holder.invokeStaticInit(java.lang.Object)'> (0x00000000eadab9e0) 
thrown [s\src\hotspot\share\interpreter\linkResolver.cpp, line 759]
Event: 0.152 Thread 0x000001b892b8ed20 Exception <a 'java/lang/NoSuchMethodError'{0x00000000eadb19b0}: 'java.lang.Object java.lang.invoke.Invokers$Holder.invoke_MT(java.lang.Object, java.lang.Object, java.lang.Object)'> (0x00000000eadb19b0) 
thrown [s\src\hotspot\share\interpreter\linkResolver.cpp, line 759]
Event: 0.202 Thread 0x000001b892b8ed20 Exception <a 'java/lang/reflect/InvocationTargetException'{0x00000000eb108198}> (0x00000000eb108198) 
thrown [s\src\hotspot\share\runtime\reflection.cpp, line 1121]

VM Operations (4 events):
Event: 0.104 Executing VM operation: HandshakeAllThreads
Event: 0.104 Executing VM operation: HandshakeAllThreads done
Event: 0.162 Executing VM operation: HandshakeAllThreads
Event: 0.162 Executing VM operation: HandshakeAllThreads done

Events (20 events):
Event: 0.275 loading class java/util/TreeMap$KeyIterator
Event: 0.275 loading class java/util/TreeMap$PrivateEntryIterator
Event: 0.275 loading class java/util/TreeMap$PrivateEntryIterator done
Event: 0.275 loading class java/util/TreeMap$KeyIterator done
Event: 0.275 loading class sun/security/util/DisabledAlgorithmConstraints$Constraints
Event: 0.275 loading class sun/security/util/DisabledAlgorithmConstraints$Constraints done
Event: 0.275 loading class sun/security/util/CurveDB
Event: 0.276 loading class sun/security/util/CurveDB done
Event: 0.276 loading class java/security/spec/ECFieldFp
Event: 0.276 loading class java/security/spec/ECField
Event: 0.276 loading class java/security/spec/ECField done
Event: 0.276 loading class java/security/spec/ECFieldFp done
Event: 0.276 loading class java/security/spec/EllipticCurve
Event: 0.277 loading class java/security/spec/EllipticCurve done
Event: 0.277 loading class java/security/spec/ECPoint
Event: 0.277 loading class java/security/spec/ECPoint done
Event: 0.277 loading class sun/security/util/NamedCurve
Event: 0.277 loading class java/security/spec/ECParameterSpec
Event: 0.277 loading class java/security/spec/ECParameterSpec done
Event: 0.277 loading class sun/security/util/NamedCurve done


Dynamic libraries:
0x00007ff61f880000 - 0x00007ff61f88e000 	c:\Users\Luis García Díaz\.vscode\extensions\redhat.java-1.26.0-win32-x64\jre\17.0.9-win32-x86_64\bin\java.exe
0x00007ffd2ac50000 - 0x00007ffd2ae67000 	C:\WINDOWS\SYSTEM32\ntdll.dll
0x00007ffd2aa10000 - 0x00007ffd2aad4000 	C:\WINDOWS\System32\KERNEL32.DLL
0x00007ffd28420000 - 0x00007ffd287c6000 	C:\WINDOWS\System32\KERNELBASE.dll
0x00007ffd28030000 - 0x00007ffd28141000 	C:\WINDOWS\System32\ucrtbase.dll
0x00007ffd136a0000 - 0x00007ffd136bb000 	c:\Users\Luis García Díaz\.vscode\extensions\redhat.java-1.26.0-win32-x64\jre\17.0.9-win32-x86_64\bin\VCRUNTIME140.dll
0x00007ffd13680000 - 0x00007ffd13697000 	c:\Users\Luis García Díaz\.vscode\extensions\redhat.java-1.26.0-win32-x64\jre\17.0.9-win32-x86_64\bin\jli.dll
0x00007ffd29140000 - 0x00007ffd292ee000 	C:\WINDOWS\System32\USER32.dll
0x00007ffd14620000 - 0x00007ffd148b3000 	C:\WINDOWS\WinSxS\amd64_microsoft.windows.common-controls_6595b64144ccf1df_6.0.22621.2506_none_270c5ae97388e100\COMCTL32.dll
0x00007ffd28800000 - 0x00007ffd28826000 	C:\WINDOWS\System32\win32u.dll
0x00007ffd289b0000 - 0x00007ffd28a57000 	C:\WINDOWS\System32\msvcrt.dll
0x00007ffd29330000 - 0x00007ffd29359000 	C:\WINDOWS\System32\GDI32.dll
0x00007ffd281c0000 - 0x00007ffd282d8000 	C:\WINDOWS\System32\gdi32full.dll
0x00007ffd27f90000 - 0x00007ffd2802a000 	C:\WINDOWS\System32\msvcp_win.dll
0x00007ffd292f0000 - 0x00007ffd29321000 	C:\WINDOWS\System32\IMM32.DLL
0x00007ffd245a0000 - 0x00007ffd245ac000 	c:\Users\Luis García Díaz\.vscode\extensions\redhat.java-1.26.0-win32-x64\jre\17.0.9-win32-x86_64\bin\vcruntime140_1.dll
0x00007ffcebfe0000 - 0x00007ffcec06d000 	c:\Users\Luis García Díaz\.vscode\extensions\redhat.java-1.26.0-win32-x64\jre\17.0.9-win32-x86_64\bin\msvcp140.dll
0x00007ffce96e0000 - 0x00007ffcea341000 	c:\Users\Luis García Díaz\.vscode\extensions\redhat.java-1.26.0-win32-x64\jre\17.0.9-win32-x86_64\bin\server\jvm.dll
0x00007ffd29920000 - 0x00007ffd299d3000 	C:\WINDOWS\System32\ADVAPI32.dll
0x00007ffd2ab60000 - 0x00007ffd2ac08000 	C:\WINDOWS\System32\sechost.dll
0x00007ffd287d0000 - 0x00007ffd287f8000 	C:\WINDOWS\System32\bcrypt.dll
0x00007ffd29360000 - 0x00007ffd29477000 	C:\WINDOWS\System32\RPCRT4.dll
0x00007ffd27e60000 - 0x00007ffd27ead000 	C:\WINDOWS\SYSTEM32\POWRPROF.dll
0x00007ffd22d70000 - 0x00007ffd22d79000 	C:\WINDOWS\SYSTEM32\WSOCK32.dll
0x00007ffd1e770000 - 0x00007ffd1e7a4000 	C:\WINDOWS\SYSTEM32\WINMM.dll
0x00007ffd29a70000 - 0x00007ffd29ae1000 	C:\WINDOWS\System32\WS2_32.dll
0x00007ffd1e8b0000 - 0x00007ffd1e8ba000 	C:\WINDOWS\SYSTEM32\VERSION.dll
0x00007ffd27e40000 - 0x00007ffd27e53000 	C:\WINDOWS\SYSTEM32\UMPDC.dll
0x00007ffd26f80000 - 0x00007ffd26f98000 	C:\WINDOWS\SYSTEM32\kernel.appcore.dll
0x00007ffd1e950000 - 0x00007ffd1e95a000 	c:\Users\Luis García Díaz\.vscode\extensions\redhat.java-1.26.0-win32-x64\jre\17.0.9-win32-x86_64\bin\jimage.dll
0x00007ffd258c0000 - 0x00007ffd25af3000 	C:\WINDOWS\SYSTEM32\DBGHELP.DLL
0x00007ffd28c30000 - 0x00007ffd28fb9000 	C:\WINDOWS\System32\combase.dll
0x00007ffd29bf0000 - 0x00007ffd29cc7000 	C:\WINDOWS\System32\OLEAUT32.dll
0x00007ffd1e5d0000 - 0x00007ffd1e602000 	C:\WINDOWS\SYSTEM32\dbgcore.DLL
0x00007ffd282e0000 - 0x00007ffd2835a000 	C:\WINDOWS\System32\bcryptPrimitives.dll
0x00007ffd18740000 - 0x00007ffd1874e000 	c:\Users\Luis García Díaz\.vscode\extensions\redhat.java-1.26.0-win32-x64\jre\17.0.9-win32-x86_64\bin\instrument.dll
0x00007ffd13650000 - 0x00007ffd13675000 	c:\Users\Luis García Díaz\.vscode\extensions\redhat.java-1.26.0-win32-x64\jre\17.0.9-win32-x86_64\bin\java.dll
0x00007ffd13630000 - 0x00007ffd13648000 	c:\Users\Luis García Díaz\.vscode\extensions\redhat.java-1.26.0-win32-x64\jre\17.0.9-win32-x86_64\bin\zip.dll
0x00007ffd2a1b0000 - 0x00007ffd2aa0a000 	C:\WINDOWS\System32\SHELL32.dll
0x00007ffd25e90000 - 0x00007ffd26786000 	C:\WINDOWS\SYSTEM32\windows.storage.dll
0x00007ffd25d50000 - 0x00007ffd25e8e000 	C:\WINDOWS\SYSTEM32\wintypes.dll
0x00007ffd29660000 - 0x00007ffd29753000 	C:\WINDOWS\System32\SHCORE.dll
0x00007ffd290c0000 - 0x00007ffd2911e000 	C:\WINDOWS\System32\shlwapi.dll
0x00007ffd27ec0000 - 0x00007ffd27ee6000 	C:\WINDOWS\SYSTEM32\profapi.dll
0x00007ffd0dd60000 - 0x00007ffd0dd79000 	C:\Users\Luis García Díaz\.vscode\extensions\redhat.java-1.26.0-win32-x64\jre\17.0.9-win32-x86_64\bin\net.dll
0x00007ffd21c00000 - 0x00007ffd21d37000 	C:\WINDOWS\SYSTEM32\WINHTTP.dll
0x00007ffd273f0000 - 0x00007ffd27459000 	C:\WINDOWS\system32\mswsock.dll
0x00007ffd0d870000 - 0x00007ffd0d886000 	C:\Users\Luis García Díaz\.vscode\extensions\redhat.java-1.26.0-win32-x64\jre\17.0.9-win32-x86_64\bin\nio.dll
0x00007ffd17340000 - 0x00007ffd17350000 	c:\Users\Luis García Díaz\.vscode\extensions\redhat.java-1.26.0-win32-x64\jre\17.0.9-win32-x86_64\bin\verify.dll

dbghelp: loaded successfully - version: 4.0.5 - missing functions: none
symbol engine: initialized successfully - sym options: 0x614 - pdb path: .;c:\Users\Luis García Díaz\.vscode\extensions\redhat.java-1.26.0-win32-x64\jre\17.0.9-win32-x86_64\bin;C:\WINDOWS\SYSTEM32;C:\WINDOWS\WinSxS\amd64_microsoft.windows.common-controls_6595b64144ccf1df_6.0.22621.2506_none_270c5ae97388e100;c:\Users\Luis García Díaz\.vscode\extensions\redhat.java-1.26.0-win32-x64\jre\17.0.9-win32-x86_64\bin\server

VM Arguments:
jvm_args: --add-modules=ALL-SYSTEM --add-opens=java.base/java.util=ALL-UNNAMED --add-opens=java.base/java.lang=ALL-UNNAMED --add-opens=java.base/sun.nio.fs=ALL-UNNAMED -Declipse.application=org.eclipse.jdt.ls.core.id1 -Dosgi.bundles.defaultStartLevel=4 -Declipse.product=org.eclipse.jdt.ls.core.product -Djava.import.generatesMetadataFilesAtProjectRoot=false -DDetectVMInstallationsJob.disabled=true -Dfile.encoding=utf8 -XX:+UseParallelGC -XX:GCTimeRatio=4 -XX:AdaptiveSizePolicyWeight=90 -Dsun.zip.disableMemoryMapping=true -Xmx1G -Xms100m -Xlog:disable -javaagent:c:\Users\Luis García Díaz\.vscode\extensions\redhat.java-1.26.0-win32-x64\lombok\lombok-1.18.31-3454.jar 
java_command: c:\Users\Luis García Díaz\.vscode\extensions\redhat.java-1.26.0-win32-x64\server\plugins\org.eclipse.equinox.launcher_1.6.700.v20231214-2017.jar -configuration c:\Users\Luis García Díaz\AppData\Roaming\Code\User\globalStorage\redhat.java\1.26.0\config_ss_win -data c:\Users\Luis García Díaz\AppData\Roaming\Code\User\workspaceStorage\9f5ca029dd32ae4ab79c50f7157500ab\redhat.java\ss_ws --stdio
java_class_path (initial): c:\Users\Luis García Díaz\.vscode\extensions\redhat.java-1.26.0-win32-x64\server\plugins\org.eclipse.equinox.launcher_1.6.700.v20231214-2017.jar
Launcher Type: SUN_STANDARD

[Global flags]
    uintx AdaptiveSizePolicyWeight                 = 90                                        {product} {command line}
     intx CICompilerCount                          = 12                                        {product} {ergonomic}
    uintx GCTimeRatio                              = 4                                         {product} {command line}
   size_t InitialHeapSize                          = 104857600                                 {product} {command line}
   size_t MaxHeapSize                              = 1073741824                                {product} {command line}
   size_t MaxNewSize                               = 357564416                                 {product} {ergonomic}
   size_t MinHeapDeltaBytes                        = 524288                                    {product} {ergonomic}
   size_t MinHeapSize                              = 104857600                                 {product} {command line}
   size_t NewSize                                  = 34603008                                  {product} {ergonomic}
    uintx NonNMethodCodeHeapSize                   = 7602480                                {pd product} {ergonomic}
    uintx NonProfiledCodeHeapSize                  = 122027880                              {pd product} {ergonomic}
   size_t OldSize                                  = 70254592                                  {product} {ergonomic}
    uintx ProfiledCodeHeapSize                     = 122027880                              {pd product} {ergonomic}
    uintx ReservedCodeCacheSize                    = 251658240                              {pd product} {ergonomic}
     bool SegmentedCodeCache                       = true                                      {product} {ergonomic}
   size_t SoftMaxHeapSize                          = 1073741824                             {manageable} {ergonomic}
     bool UseCompressedClassPointers               = true                           {product lp64_product} {ergonomic}
     bool UseCompressedOops                        = true                           {product lp64_product} {ergonomic}
     bool UseLargePagesIndividualAllocation        = false                                  {pd product} {ergonomic}
     bool UseParallelGC                            = true                                      {product} {command line}

Logging:
Log output configuration:
 #0: stdout all=off uptime,level,tags
 #1: stderr all=off uptime,level,tags

Environment Variables:
PATH=C:\Program Files\Common Files\Oracle\Java\javapath;C:\WINDOWS\system32;C:\WINDOWS;C:\WINDOWS\System32\Wbem;C:\WINDOWS\System32\WindowsPowerShell\v1.0\;C:\WINDOWS\System32\OpenSSH\;C:\Program Files\dotnet\;C:\Program Files\NVIDIA Corporation\NVIDIA NvDLISR;C:\Program Files (x86)\NVIDIA Corporation\PhysX\Common;C:\Program Files\MySQL\MySQL Server 8.0\bin;C:\Users\Luis García Díaz\AppData\Local\Programs\Python\Launcher\;C:\Users\Luis García Díaz\AppData\Local\Programs\Python\Python311\Scripts\;C:\Users\Luis García Díaz\AppData\Local\Programs\Python\Python311\;C:\Users\Luis García Díaz\AppData\Local\Microsoft\WindowsApps;C:\Users\Luis García Díaz\AppData\Local\Programs\Microsoft VS Code\bin;C:\Users\Luis García Díaz\AppData\Local\GitHubDesktop\bin
USERNAME=Luis García Díaz
OS=Windows_NT
PROCESSOR_IDENTIFIER=AMD64 Family 25 Model 68 Stepping 1, AuthenticAMD
TMP=C:\Users\LUISGA~1\AppData\Local\Temp
TEMP=C:\Users\LUISGA~1\AppData\Local\Temp



Periodic native trim disabled


---------------  S Y S T E M  ---------------

OS:
 Windows 11 , 64 bit Build 22621 (10.0.22621.2506)
OS uptime: 1 days 16:53 hours
Hyper-V role detected

CPU: total 16 (initial active 16) (16 cores per cpu, 2 threads per core) family 25 model 68 stepping 1 microcode 0x0, cx8, cmov, fxsr, ht, mmx, 3dnowpref, sse, sse2, sse3, ssse3, sse4a, sse4.1, sse4.2, popcnt, lzcnt, tsc, tscinvbit, avx, avx2, aes, erms, clmul, bmi1, bmi2, adx, sha, fma, vzeroupper, clflush, clflushopt, hv
Processor Information for all 16 processors :
  Max Mhz: 3201, Current Mhz: 3201, Mhz Limit: 3201

Memory: 4k page, system-wide physical 15628M (5994M free)
TotalPageFile size 62732M (AvailPageFile size 4M)
current process WorkingSet (physical memory assigned to process): 53M, peak: 53M
current process commit charge ("private bytes"): 210M, peak: 210M

vm_info: OpenJDK 64-Bit Server VM (17.0.9+9) for windows-amd64 JRE (17.0.9+9), built on Oct 26 2023 14:01:42 by "admin" with MS VC++ 16.10 / 16.11 (VS2019)

END.
