#
# There is insufficient memory for the Java Runtime Environment to continue.
# Native memory allocation (mmap) failed to map 65536 bytes for Failed to commit metaspace.
# Possible reasons:
#   The system is out of physical RAM or swap space
#   The process is running with CompressedOops enabled, and the Java Heap may be blocking the growth of the native heap
# Possible solutions:
#   Reduce memory load on the system
#   Increase physical memory or swap space
#   Check if swap backing store is full
#   Decrease Java heap size (-Xmx/-Xms)
#   Decrease number of Java threads
#   Decrease Java thread stack sizes (-Xss)
#   Set larger code cache with -XX:ReservedCodeCacheSize=
#   JVM is running with Unscaled Compressed Oops mode in which the Java heap is
#     placed in the first 4GB address space. The Java Heap base address is the
#     maximum limit for the native heap growth. Please use -XX:HeapBaseMinAddress
#     to set the Java Heap base and to place the Java Heap above 4GB virtual address.
# This output file may be truncated or incomplete.
#
#  Out of Memory Error (virtualSpaceNode.cpp:110), pid=67188, tid=67216
#
# JRE version:  (17.0.9+9) (build )
# Java VM: OpenJDK 64-Bit Server VM (17.0.9+9, mixed mode, tiered, compressed oops, compressed class ptrs, parallel gc, windows-amd64)
# No core dump will be written. Minidumps are not enabled by default on client versions of Windows
#

---------------  S U M M A R Y ------------

Command Line: --add-modules=ALL-SYSTEM --add-opens=java.base/java.util=ALL-UNNAMED --add-opens=java.base/java.lang=ALL-UNNAMED --add-opens=java.base/sun.nio.fs=ALL-UNNAMED -Declipse.application=org.eclipse.jdt.ls.core.id1 -Dosgi.bundles.defaultStartLevel=4 -Declipse.product=org.eclipse.jdt.ls.core.product -Djava.import.generatesMetadataFilesAtProjectRoot=false -DDetectVMInstallationsJob.disabled=true -Dfile.encoding=utf8 -XX:+UseParallelGC -XX:GCTimeRatio=4 -XX:AdaptiveSizePolicyWeight=90 -Dsun.zip.disableMemoryMapping=true -Xmx1G -Xms100m -Xlog:disable -javaagent:c:\Users\Luis García Díaz\.vscode\extensions\redhat.java-1.26.0-win32-x64\lombok\lombok-1.18.31-3454.jar -XX:+HeapDumpOnOutOfMemoryError -XX:HeapDumpPath=c:\Users\Luis García Díaz\AppData\Roaming\Code\User\workspaceStorage\9f5ca029dd32ae4ab79c50f7157500ab\redhat.java -Daether.dependencyCollector.impl=bf c:\Users\Luis García Díaz\.vscode\extensions\redhat.java-1.26.0-win32-x64\server\plugins\org.eclipse.equinox.launcher_1.6.700.v20231214-2017.jar -configuration c:\Users\Luis García Díaz\AppData\Roaming\Code\User\globalStorage\redhat.java\1.26.0\config_win -data c:\Users\Luis García Díaz\AppData\Roaming\Code\User\workspaceStorage\9f5ca029dd32ae4ab79c50f7157500ab\redhat.java\jdt_ws --stdio

Host: AMD Ryzen 7 6800HS with Radeon Graphics         , 16 cores, 15G,  Windows 11 , 64 bit Build 22621 (10.0.22621.2506)
Time: Mon Jan 22 10:50:11 2024 Hora estándar romance elapsed time: 0.026189 seconds (0d 0h 0m 0s)

---------------  T H R E A D  ---------------

Current thread (0x000001d06593fc10):  JavaThread "Unknown thread" [_thread_in_vm, id=67216, stack(0x0000000c26100000,0x0000000c26200000)]

Stack: [0x0000000c26100000,0x0000000c26200000]
Native frames: (J=compiled Java code, j=interpreted, Vv=VM code, C=native code)
V  [jvm.dll+0x67cf49]
V  [jvm.dll+0x83478a]
V  [jvm.dll+0x83624e]
V  [jvm.dll+0x8368b3]
V  [jvm.dll+0x247f1f]
V  [jvm.dll+0x83044b]
V  [jvm.dll+0x621776]
V  [jvm.dll+0x6217da]
V  [jvm.dll+0x62400a]
V  [jvm.dll+0x622116]
V  [jvm.dll+0x23d880]
V  [jvm.dll+0x1eca2b]
V  [jvm.dll+0x1e23d1]
V  [jvm.dll+0x54305e]
V  [jvm.dll+0x1f2e27]
V  [jvm.dll+0x7adb8b]
V  [jvm.dll+0x7aef5c]
V  [jvm.dll+0x7af2a8]
V  [jvm.dll+0x832b3f]
V  [jvm.dll+0x8328ad]
V  [jvm.dll+0x8047ba]
V  [jvm.dll+0x805f5d]
V  [jvm.dll+0x36cf61]
V  [jvm.dll+0x7e4aac]
V  [jvm.dll+0x3f07af]
V  [jvm.dll+0x3f23e1]
C  [jli.dll+0x528f]
C  [ucrtbase.dll+0x29363]
C  [KERNEL32.DLL+0x1257d]
C  [ntdll.dll+0x5aa58]


---------------  P R O C E S S  ---------------

Threads class SMR info:
_java_thread_list=0x00007ffcea20ee98, length=0, elements={
}

Java Threads: ( => current thread )

Other Threads:
  0x000001d065954ba0 GCTaskThread "GC Thread#0" [stack: 0x0000000c26200000,0x0000000c26300000] [id=67268]

=>0x000001d06593fc10 (exited) JavaThread "Unknown thread" [_thread_in_vm, id=67216, stack(0x0000000c26100000,0x0000000c26200000)]

Threads with active compile tasks:

VM state: not at safepoint (not fully initialized)

VM Mutex/Monitor currently owned by a thread:  ([mutex/lock_event])
[0x000001d0637ee960] Metaspace_lock - owner thread: 0x000001d06593fc10

Heap address: 0x00000000c0000000, size: 1024 MB, Compressed Oops mode: 32-bit

CDS archive(s) not mapped
Compressed class space mapped at: 0x0000000100000000-0x0000000140000000, reserved size: 1073741824
Narrow klass base: 0x0000000000000000, Narrow klass shift: 3, Narrow klass range: 0x140000000

GC Precious Log:
 CPUs: 16 total, 16 available
 Memory: 15628M
 Large Page Support: Disabled
 NUMA Support: Disabled
 Compressed Oops: Enabled (32-bit)
 Alignments: Space 512K, Generation 512K, Heap 2M
 Heap Min Capacity: 100M
 Heap Initial Capacity: 100M
 Heap Max Capacity: 1G
 Pre-touch: Disabled
 Parallel Workers: 13

Heap:
 PSYoungGen      total 29696K, used 512K [0x00000000eab00000, 0x00000000ecc00000, 0x0000000100000000)
  eden space 25600K, 2% used [0x00000000eab00000,0x00000000eab80070,0x00000000ec400000)
  from space 4096K, 0% used [0x00000000ec800000,0x00000000ec800000,0x00000000ecc00000)
  to   space 4096K, 0% used [0x00000000ec400000,0x00000000ec400000,0x00000000ec800000)
 ParOldGen       total 68608K, used 0K [0x00000000c0000000, 0x00000000c4300000, 0x00000000eab00000)
  object space 68608K, 0% used [0x00000000c0000000,0x00000000c0000000,0x00000000c4300000)
 Metaspace       used 558K, committed 576K, reserved 1114112K
  class space    used 53K, committed 64K, reserved 1048576K

Card table byte_map: [0x000001d065300000,0x000001d065510000] _byte_map_base: 0x000001d064d00000

Marking Bits: (ParMarkBitMap*) 0x00007ffcea27d0b0
 Begin Bits: [0x000001d0775d0000, 0x000001d0785d0000)
 End Bits:   [0x000001d0785d0000, 0x000001d0795d0000)

GC Heap History (0 events):
No events

Dll operation events (1 events):
Event: 0.008 Loaded shared library c:\Users\Luis García Díaz\.vscode\extensions\redhat.java-1.26.0-win32-x64\jre\17.0.9-win32-x86_64\bin\java.dll

Deoptimization events (0 events):
No events

Classes unloaded (0 events):
No events

Classes redefined (0 events):
No events

Internal exceptions (0 events):
No events

VM Operations (0 events):
No events

Events (20 events):
Event: 0.021 loading class jdk/internal/reflect/UnsafeStaticFieldAccessorImpl done
Event: 0.021 loading class jdk/internal/reflect/CallerSensitive
Event: 0.021 loading class java/lang/annotation/Annotation
Event: 0.021 loading class java/lang/annotation/Annotation done
Event: 0.021 loading class jdk/internal/reflect/CallerSensitive done
Event: 0.021 loading class jdk/internal/reflect/NativeConstructorAccessorImpl
Event: 0.022 loading class jdk/internal/reflect/NativeConstructorAccessorImpl done
Event: 0.022 loading class java/lang/invoke/DirectMethodHandle
Event: 0.022 loading class java/lang/invoke/MethodHandle
Event: 0.022 loading class java/lang/invoke/MethodHandle done
Event: 0.022 loading class java/lang/invoke/DirectMethodHandle done
Event: 0.022 loading class java/lang/invoke/VarHandle
Event: 0.022 loading class java/lang/invoke/VarHandle done
Event: 0.022 loading class java/lang/invoke/MemberName
Event: 0.023 loading class java/lang/invoke/MemberName done
Event: 0.023 loading class java/lang/invoke/ResolvedMethodName
Event: 0.023 loading class java/lang/invoke/ResolvedMethodName done
Event: 0.023 loading class java/lang/invoke/MethodHandleNatives
Event: 0.023 loading class java/lang/invoke/MethodHandleNatives done
Event: 0.023 loading class java/lang/invoke/LambdaForm


Dynamic libraries:
0x00007ff61f880000 - 0x00007ff61f88e000 	c:\Users\Luis García Díaz\.vscode\extensions\redhat.java-1.26.0-win32-x64\jre\17.0.9-win32-x86_64\bin\java.exe
0x00007ffd2ac50000 - 0x00007ffd2ae67000 	C:\WINDOWS\SYSTEM32\ntdll.dll
0x00007ffd2aa10000 - 0x00007ffd2aad4000 	C:\WINDOWS\System32\KERNEL32.DLL
0x00007ffd28420000 - 0x00007ffd287c6000 	C:\WINDOWS\System32\KERNELBASE.dll
0x00007ffd28030000 - 0x00007ffd28141000 	C:\WINDOWS\System32\ucrtbase.dll
0x00007ffd136a0000 - 0x00007ffd136bb000 	c:\Users\Luis García Díaz\.vscode\extensions\redhat.java-1.26.0-win32-x64\jre\17.0.9-win32-x86_64\bin\VCRUNTIME140.dll
0x00007ffd13680000 - 0x00007ffd13697000 	c:\Users\Luis García Díaz\.vscode\extensions\redhat.java-1.26.0-win32-x64\jre\17.0.9-win32-x86_64\bin\jli.dll
0x00007ffd29140000 - 0x00007ffd292ee000 	C:\WINDOWS\System32\USER32.dll
0x00007ffd14620000 - 0x00007ffd148b3000 	C:\WINDOWS\WinSxS\amd64_microsoft.windows.common-controls_6595b64144ccf1df_6.0.22621.2506_none_270c5ae97388e100\COMCTL32.dll
0x00007ffd28800000 - 0x00007ffd28826000 	C:\WINDOWS\System32\win32u.dll
0x00007ffd289b0000 - 0x00007ffd28a57000 	C:\WINDOWS\System32\msvcrt.dll
0x00007ffd29330000 - 0x00007ffd29359000 	C:\WINDOWS\System32\GDI32.dll
0x00007ffd281c0000 - 0x00007ffd282d8000 	C:\WINDOWS\System32\gdi32full.dll
0x00007ffd27f90000 - 0x00007ffd2802a000 	C:\WINDOWS\System32\msvcp_win.dll
0x00007ffd292f0000 - 0x00007ffd29321000 	C:\WINDOWS\System32\IMM32.DLL
0x00007ffd245a0000 - 0x00007ffd245ac000 	c:\Users\Luis García Díaz\.vscode\extensions\redhat.java-1.26.0-win32-x64\jre\17.0.9-win32-x86_64\bin\vcruntime140_1.dll
0x00007ffcebfe0000 - 0x00007ffcec06d000 	c:\Users\Luis García Díaz\.vscode\extensions\redhat.java-1.26.0-win32-x64\jre\17.0.9-win32-x86_64\bin\msvcp140.dll
0x00007ffce96e0000 - 0x00007ffcea341000 	c:\Users\Luis García Díaz\.vscode\extensions\redhat.java-1.26.0-win32-x64\jre\17.0.9-win32-x86_64\bin\server\jvm.dll
0x00007ffd29920000 - 0x00007ffd299d3000 	C:\WINDOWS\System32\ADVAPI32.dll
0x00007ffd2ab60000 - 0x00007ffd2ac08000 	C:\WINDOWS\System32\sechost.dll
0x00007ffd287d0000 - 0x00007ffd287f8000 	C:\WINDOWS\System32\bcrypt.dll
0x00007ffd29360000 - 0x00007ffd29477000 	C:\WINDOWS\System32\RPCRT4.dll
0x00007ffd27e60000 - 0x00007ffd27ead000 	C:\WINDOWS\SYSTEM32\POWRPROF.dll
0x00007ffd22d70000 - 0x00007ffd22d79000 	C:\WINDOWS\SYSTEM32\WSOCK32.dll
0x00007ffd29a70000 - 0x00007ffd29ae1000 	C:\WINDOWS\System32\WS2_32.dll
0x00007ffd1e8b0000 - 0x00007ffd1e8ba000 	C:\WINDOWS\SYSTEM32\VERSION.dll
0x00007ffd1e770000 - 0x00007ffd1e7a4000 	C:\WINDOWS\SYSTEM32\WINMM.dll
0x00007ffd27e40000 - 0x00007ffd27e53000 	C:\WINDOWS\SYSTEM32\UMPDC.dll
0x00007ffd26f80000 - 0x00007ffd26f98000 	C:\WINDOWS\SYSTEM32\kernel.appcore.dll
0x00007ffd1e950000 - 0x00007ffd1e95a000 	c:\Users\Luis García Díaz\.vscode\extensions\redhat.java-1.26.0-win32-x64\jre\17.0.9-win32-x86_64\bin\jimage.dll
0x00007ffd258c0000 - 0x00007ffd25af3000 	C:\WINDOWS\SYSTEM32\DBGHELP.DLL
0x00007ffd28c30000 - 0x00007ffd28fb9000 	C:\WINDOWS\System32\combase.dll
0x00007ffd29bf0000 - 0x00007ffd29cc7000 	C:\WINDOWS\System32\OLEAUT32.dll
0x00007ffd1e5d0000 - 0x00007ffd1e602000 	C:\WINDOWS\SYSTEM32\dbgcore.DLL
0x00007ffd282e0000 - 0x00007ffd2835a000 	C:\WINDOWS\System32\bcryptPrimitives.dll
0x00007ffd18740000 - 0x00007ffd1874e000 	c:\Users\Luis García Díaz\.vscode\extensions\redhat.java-1.26.0-win32-x64\jre\17.0.9-win32-x86_64\bin\instrument.dll
0x00007ffd13650000 - 0x00007ffd13675000 	c:\Users\Luis García Díaz\.vscode\extensions\redhat.java-1.26.0-win32-x64\jre\17.0.9-win32-x86_64\bin\java.dll
0x00007ffd13630000 - 0x00007ffd13648000 	c:\Users\Luis García Díaz\.vscode\extensions\redhat.java-1.26.0-win32-x64\jre\17.0.9-win32-x86_64\bin\zip.dll

dbghelp: loaded successfully - version: 4.0.5 - missing functions: none
symbol engine: initialized successfully - sym options: 0x614 - pdb path: .;c:\Users\Luis García Díaz\.vscode\extensions\redhat.java-1.26.0-win32-x64\jre\17.0.9-win32-x86_64\bin;C:\WINDOWS\SYSTEM32;C:\WINDOWS\WinSxS\amd64_microsoft.windows.common-controls_6595b64144ccf1df_6.0.22621.2506_none_270c5ae97388e100;c:\Users\Luis García Díaz\.vscode\extensions\redhat.java-1.26.0-win32-x64\jre\17.0.9-win32-x86_64\bin\server

VM Arguments:
jvm_args: --add-modules=ALL-SYSTEM --add-opens=java.base/java.util=ALL-UNNAMED --add-opens=java.base/java.lang=ALL-UNNAMED --add-opens=java.base/sun.nio.fs=ALL-UNNAMED -Declipse.application=org.eclipse.jdt.ls.core.id1 -Dosgi.bundles.defaultStartLevel=4 -Declipse.product=org.eclipse.jdt.ls.core.product -Djava.import.generatesMetadataFilesAtProjectRoot=false -DDetectVMInstallationsJob.disabled=true -Dfile.encoding=utf8 -XX:+UseParallelGC -XX:GCTimeRatio=4 -XX:AdaptiveSizePolicyWeight=90 -Dsun.zip.disableMemoryMapping=true -Xmx1G -Xms100m -Xlog:disable -javaagent:c:\Users\Luis García Díaz\.vscode\extensions\redhat.java-1.26.0-win32-x64\lombok\lombok-1.18.31-3454.jar -XX:+HeapDumpOnOutOfMemoryError -XX:HeapDumpPath=c:\Users\Luis García Díaz\AppData\Roaming\Code\User\workspaceStorage\9f5ca029dd32ae4ab79c50f7157500ab\redhat.java -Daether.dependencyCollector.impl=bf 
java_command: c:\Users\Luis García Díaz\.vscode\extensions\redhat.java-1.26.0-win32-x64\server\plugins\org.eclipse.equinox.launcher_1.6.700.v20231214-2017.jar -configuration c:\Users\Luis García Díaz\AppData\Roaming\Code\User\globalStorage\redhat.java\1.26.0\config_win -data c:\Users\Luis García Díaz\AppData\Roaming\Code\User\workspaceStorage\9f5ca029dd32ae4ab79c50f7157500ab\redhat.java\jdt_ws --stdio
java_class_path (initial): c:\Users\Luis García Díaz\.vscode\extensions\redhat.java-1.26.0-win32-x64\server\plugins\org.eclipse.equinox.launcher_1.6.700.v20231214-2017.jar
Launcher Type: SUN_STANDARD

[Global flags]
    uintx AdaptiveSizePolicyWeight                 = 90                                        {product} {command line}
     intx CICompilerCount                          = 12                                        {product} {ergonomic}
    uintx GCTimeRatio                              = 4                                         {product} {command line}
     bool HeapDumpOnOutOfMemoryError               = true                                   {manageable} {command line}
    ccstr HeapDumpPath                             = c:\Users\Luis García Díaz\AppData\Roaming\Code\User\workspaceStorage\9f5ca029dd32ae4ab79c50f7157500ab\redhat.java         {manageable} {command line}
   size_t InitialHeapSize                          = 104857600                                 {product} {command line}
   size_t MaxHeapSize                              = 1073741824                                {product} {command line}
   size_t MaxNewSize                               = 357564416                                 {product} {ergonomic}
   size_t MinHeapDeltaBytes                        = 524288                                    {product} {ergonomic}
   size_t MinHeapSize                              = 104857600                                 {product} {command line}
   size_t NewSize                                  = 34603008                                  {product} {ergonomic}
    uintx NonNMethodCodeHeapSize                   = 7602480                                {pd product} {ergonomic}
    uintx NonProfiledCodeHeapSize                  = 122027880                              {pd product} {ergonomic}
   size_t OldSize                                  = 70254592                                  {product} {ergonomic}
    uintx ProfiledCodeHeapSize                     = 122027880                              {pd product} {ergonomic}
    uintx ReservedCodeCacheSize                    = 251658240                              {pd product} {ergonomic}
     bool SegmentedCodeCache                       = true                                      {product} {ergonomic}
   size_t SoftMaxHeapSize                          = 1073741824                             {manageable} {ergonomic}
     bool UseCompressedClassPointers               = true                           {product lp64_product} {ergonomic}
     bool UseCompressedOops                        = true                           {product lp64_product} {ergonomic}
     bool UseLargePagesIndividualAllocation        = false                                  {pd product} {ergonomic}
     bool UseParallelGC                            = true                                      {product} {command line}

Logging:
Log output configuration:
 #0: stdout all=off uptime,level,tags
 #1: stderr all=off uptime,level,tags

Environment Variables:
PATH=C:\Program Files\Common Files\Oracle\Java\javapath;C:\WINDOWS\system32;C:\WINDOWS;C:\WINDOWS\System32\Wbem;C:\WINDOWS\System32\WindowsPowerShell\v1.0\;C:\WINDOWS\System32\OpenSSH\;C:\Program Files\dotnet\;C:\Program Files\NVIDIA Corporation\NVIDIA NvDLISR;C:\Program Files (x86)\NVIDIA Corporation\PhysX\Common;C:\Program Files\MySQL\MySQL Server 8.0\bin;C:\Users\Luis García Díaz\AppData\Local\Programs\Python\Launcher\;C:\Users\Luis García Díaz\AppData\Local\Programs\Python\Python311\Scripts\;C:\Users\Luis García Díaz\AppData\Local\Programs\Python\Python311\;C:\Users\Luis García Díaz\AppData\Local\Microsoft\WindowsApps;C:\Users\Luis García Díaz\AppData\Local\Programs\Microsoft VS Code\bin;C:\Users\Luis García Díaz\AppData\Local\GitHubDesktop\bin
USERNAME=Luis García Díaz
OS=Windows_NT
PROCESSOR_IDENTIFIER=AMD64 Family 25 Model 68 Stepping 1, AuthenticAMD
TMP=C:\Users\LUISGA~1\AppData\Local\Temp
TEMP=C:\Users\LUISGA~1\AppData\Local\Temp



Periodic native trim disabled


---------------  S Y S T E M  ---------------

OS:
 Windows 11 , 64 bit Build 22621 (10.0.22621.2506)
OS uptime: 1 days 16:53 hours
Hyper-V role detected

CPU: total 16 (initial active 16) (16 cores per cpu, 2 threads per core) family 25 model 68 stepping 1 microcode 0x0, cx8, cmov, fxsr, ht, mmx, 3dnowpref, sse, sse2, sse3, ssse3, sse4a, sse4.1, sse4.2, popcnt, lzcnt, tsc, tscinvbit, avx, avx2, aes, erms, clmul, bmi1, bmi2, adx, sha, fma, vzeroupper, clflush, clflushopt, hv
Processor Information for all 16 processors :
  Max Mhz: 3201, Current Mhz: 3201, Mhz Limit: 3201

Memory: 4k page, system-wide physical 15628M (5868M free)
TotalPageFile size 62732M (AvailPageFile size 6M)
current process WorkingSet (physical memory assigned to process): 14M, peak: 14M
current process commit charge ("private bytes"): 147M, peak: 147M

vm_info: OpenJDK 64-Bit Server VM (17.0.9+9) for windows-amd64 JRE (17.0.9+9), built on Oct 26 2023 14:01:42 by "admin" with MS VC++ 16.10 / 16.11 (VS2019)

END.
