#
# There is insufficient memory for the Java Runtime Environment to continue.
# Native memory allocation (malloc) failed to allocate 238576 bytes for Chunk::new
# Possible reasons:
#   The system is out of physical RAM or swap space
#   The process is running with CompressedOops enabled, and the Java Heap may be blocking the growth of the native heap
# Possible solutions:
#   Reduce memory load on the system
#   Increase physical memory or swap space
#   Check if swap backing store is full
#   Decrease Java heap size (-Xmx/-Xms)
#   Decrease number of Java threads
#   Decrease Java thread stack sizes (-Xss)
#   Set larger code cache with -XX:ReservedCodeCacheSize=
#   JVM is running with Unscaled Compressed Oops mode in which the Java heap is
#     placed in the first 4GB address space. The Java Heap base address is the
#     maximum limit for the native heap growth. Please use -XX:HeapBaseMinAddress
#     to set the Java Heap base and to place the Java Heap above 4GB virtual address.
# This output file may be truncated or incomplete.
#
#  Out of Memory Error (arena.cpp:191), pid=68152, tid=68284
#
# JRE version: OpenJDK Runtime Environment Temurin-17.0.9+9 (17.0.9+9) (build 17.0.9+9)
# Java VM: OpenJDK 64-Bit Server VM Temurin-17.0.9+9 (17.0.9+9, mixed mode, tiered, compressed oops, compressed class ptrs, parallel gc, windows-amd64)
# No core dump will be written. Minidumps are not enabled by default on client versions of Windows
#

---------------  S U M M A R Y ------------

Command Line: --add-modules=ALL-SYSTEM --add-opens=java.base/java.util=ALL-UNNAMED --add-opens=java.base/java.lang=ALL-UNNAMED --add-opens=java.base/sun.nio.fs=ALL-UNNAMED -Declipse.application=org.eclipse.jdt.ls.core.id1 -Dosgi.bundles.defaultStartLevel=4 -Declipse.product=org.eclipse.jdt.ls.core.product -Djava.import.generatesMetadataFilesAtProjectRoot=false -DDetectVMInstallationsJob.disabled=true -Dfile.encoding=utf8 -XX:+UseParallelGC -XX:GCTimeRatio=4 -XX:AdaptiveSizePolicyWeight=90 -Dsun.zip.disableMemoryMapping=true -Xmx1G -Xms100m -Xlog:disable -javaagent:c:\Users\Luis García Díaz\.vscode\extensions\redhat.java-1.26.0-win32-x64\lombok\lombok-1.18.31-3454.jar -XX:+HeapDumpOnOutOfMemoryError -XX:HeapDumpPath=c:\Users\Luis García Díaz\AppData\Roaming\Code\User\workspaceStorage\9f5ca029dd32ae4ab79c50f7157500ab\redhat.java -Daether.dependencyCollector.impl=bf c:\Users\Luis García Díaz\.vscode\extensions\redhat.java-1.26.0-win32-x64\server\plugins\org.eclipse.equinox.launcher_1.6.700.v20231214-2017.jar -configuration c:\Users\Luis García Díaz\AppData\Roaming\Code\User\globalStorage\redhat.java\1.26.0\config_win -data c:\Users\Luis García Díaz\AppData\Roaming\Code\User\workspaceStorage\9f5ca029dd32ae4ab79c50f7157500ab\redhat.java\jdt_ws --stdio

Host: AMD Ryzen 7 6800HS with Radeon Graphics         , 16 cores, 15G,  Windows 11 , 64 bit Build 22621 (10.0.22621.2506)
Time: Mon Jan 22 10:50:24 2024 Hora estándar romance elapsed time: 0.306468 seconds (0d 0h 0m 0s)

---------------  T H R E A D  ---------------

Current thread (0x000001e27d56dac0):  JavaThread "C2 CompilerThread0" daemon [_thread_in_native, id=68284, stack(0x000000875ec00000,0x000000875ed00000)]


Current CompileTask:
C2:    306  647       4       lombok.patcher.PatchScript::classMatches (41 bytes)

Stack: [0x000000875ec00000,0x000000875ed00000]
Native frames: (J=compiled Java code, j=interpreted, Vv=VM code, C=native code)
V  [jvm.dll+0x67cf49]
V  [jvm.dll+0x83478a]
V  [jvm.dll+0x83624e]
V  [jvm.dll+0x8368b3]
V  [jvm.dll+0x247f1f]
V  [jvm.dll+0xac43c]
V  [jvm.dll+0xaca8c]
V  [jvm.dll+0x2af45f]
V  [jvm.dll+0x5853f7]
V  [jvm.dll+0x222f62]
V  [jvm.dll+0x22334f]
V  [jvm.dll+0x21c476]
V  [jvm.dll+0x2198c1]
V  [jvm.dll+0x1a57cd]
V  [jvm.dll+0x2297ae]
V  [jvm.dll+0x22797c]
V  [jvm.dll+0x7e9877]
V  [jvm.dll+0x7e3c3a]
V  [jvm.dll+0x67be35]
C  [ucrtbase.dll+0x29363]
C  [KERNEL32.DLL+0x1257d]
C  [ntdll.dll+0x5aa58]


---------------  P R O C E S S  ---------------

Threads class SMR info:
_java_thread_list=0x000001e27f6c2e10, length=17, elements={
0x000001e262582c40, 0x000001e26262ce60, 0x000001e26262e2f0, 0x000001e27d562890,
0x000001e27d5632c0, 0x000001e27d56b5e0, 0x000001e27d56cec0, 0x000001e27d56dac0,
0x000001e27d576bf0, 0x000001e27d578f80, 0x000001e2625e6480, 0x000001e27d71b250,
0x000001e27d743c50, 0x000001e27d774280, 0x000001e27d780fe0, 0x000001e27f6bf620,
0x000001e27f705b80
}

Java Threads: ( => current thread )
  0x000001e262582c40 JavaThread "main" [_thread_in_vm, id=68180, stack(0x000000875e300000,0x000000875e400000)]
  0x000001e26262ce60 JavaThread "Reference Handler" daemon [_thread_blocked, id=68196, stack(0x000000875e600000,0x000000875e700000)]
  0x000001e26262e2f0 JavaThread "Finalizer" daemon [_thread_blocked, id=68200, stack(0x000000875e700000,0x000000875e800000)]
  0x000001e27d562890 JavaThread "Signal Dispatcher" daemon [_thread_blocked, id=68264, stack(0x000000875e800000,0x000000875e900000)]
  0x000001e27d5632c0 JavaThread "Attach Listener" daemon [_thread_blocked, id=68268, stack(0x000000875e900000,0x000000875ea00000)]
  0x000001e27d56b5e0 JavaThread "Service Thread" daemon [_thread_blocked, id=68272, stack(0x000000875ea00000,0x000000875eb00000)]
  0x000001e27d56cec0 JavaThread "Monitor Deflation Thread" daemon [_thread_blocked, id=68276, stack(0x000000875eb00000,0x000000875ec00000)]
=>0x000001e27d56dac0 JavaThread "C2 CompilerThread0" daemon [_thread_in_native, id=68284, stack(0x000000875ec00000,0x000000875ed00000)]
  0x000001e27d576bf0 JavaThread "C1 CompilerThread0" daemon [_thread_blocked, id=68288, stack(0x000000875ed00000,0x000000875ee00000)]
  0x000001e27d578f80 JavaThread "Sweeper thread" daemon [_thread_blocked, id=68292, stack(0x000000875ee00000,0x000000875ef00000)]
  0x000001e2625e6480 JavaThread "Common-Cleaner" daemon [_thread_blocked, id=68304, stack(0x000000875ef00000,0x000000875f000000)]
  0x000001e27d71b250 JavaThread "C1 CompilerThread1" daemon [_thread_blocked, id=68340, stack(0x000000875f000000,0x000000875f100000)]
  0x000001e27d743c50 JavaThread "C1 CompilerThread2" daemon [_thread_blocked, id=68344, stack(0x000000875f100000,0x000000875f200000)]
  0x000001e27d774280 JavaThread "C2 CompilerThread1" daemon [_thread_in_native, id=68356, stack(0x000000875f200000,0x000000875f300000)]
  0x000001e27d780fe0 JavaThread "C2 CompilerThread2" daemon [_thread_in_native, id=68360, stack(0x000000875f300000,0x000000875f400000)]
  0x000001e27f6bf620 JavaThread "C1 CompilerThread3" daemon [_thread_blocked, id=68432, stack(0x000000875f400000,0x000000875f500000)]
  0x000001e27f705b80 JavaThread "Notification Thread" daemon [_thread_blocked, id=68456, stack(0x000000875f500000,0x000000875f600000)]

Other Threads:
  0x000001e262629840 VMThread "VM Thread" [stack: 0x000000875e500000,0x000000875e600000] [id=68192]
  0x000001e27f706060 WatcherThread [stack: 0x000000875f600000,0x000000875f700000] [id=68460]
  0x000001e2625983a0 GCTaskThread "GC Thread#0" [stack: 0x000000875e400000,0x000000875e500000] [id=68188]

Threads with active compile tasks:
C2 CompilerThread0      316  647       4       lombok.patcher.PatchScript::classMatches (41 bytes)
C2 CompilerThread1      316  659       4       java.lang.invoke.VarHandleGuards::guard_LI_I (78 bytes)
C2 CompilerThread2      316  646       4       lombok.patcher.scripts.MethodLevelPatchScript::patch (21 bytes)

VM state: not at safepoint (normal execution)

VM Mutex/Monitor currently owned by a thread:  ([mutex/lock_event])
[0x000001e26257f0c0] Metaspace_lock - owner thread: 0x000001e262582c40
[0x000001e26257fae0] Compile_lock - owner thread: 0x000001e27d774280

Heap address: 0x00000000c0000000, size: 1024 MB, Compressed Oops mode: 32-bit

CDS archive(s) not mapped
Compressed class space mapped at: 0x0000000100000000-0x0000000140000000, reserved size: 1073741824
Narrow klass base: 0x0000000000000000, Narrow klass shift: 3, Narrow klass range: 0x140000000

GC Precious Log:
 CPUs: 16 total, 16 available
 Memory: 15628M
 Large Page Support: Disabled
 NUMA Support: Disabled
 Compressed Oops: Enabled (32-bit)
 Alignments: Space 512K, Generation 512K, Heap 2M
 Heap Min Capacity: 100M
 Heap Initial Capacity: 100M
 Heap Max Capacity: 1G
 Pre-touch: Disabled
 Parallel Workers: 13

Heap:
 PSYoungGen      total 29696K, used 15788K [0x00000000eab00000, 0x00000000ecc00000, 0x0000000100000000)
  eden space 25600K, 61% used [0x00000000eab00000,0x00000000eba6b268,0x00000000ec400000)
  from space 4096K, 0% used [0x00000000ec800000,0x00000000ec800000,0x00000000ecc00000)
  to   space 4096K, 0% used [0x00000000ec400000,0x00000000ec400000,0x00000000ec800000)
 ParOldGen       total 68608K, used 0K [0x00000000c0000000, 0x00000000c4300000, 0x00000000eab00000)
  object space 68608K, 0% used [0x00000000c0000000,0x00000000c0000000,0x00000000c4300000)
 Metaspace       used 9310K, committed 9408K, reserved 1114112K
  class space    used 924K, committed 960K, reserved 1048576K

Card table byte_map: [0x000001e275bd0000,0x000001e275de0000] _byte_map_base: 0x000001e2755d0000

Marking Bits: (ParMarkBitMap*) 0x00007ffcea27d0b0
 Begin Bits: [0x000001e275f40000, 0x000001e276f40000)
 End Bits:   [0x000001e276f40000, 0x000001e277f40000)

Polling page: 0x000001e262630000

Metaspace:

Usage:
  Non-class:      8.19 MB used.
      Class:    924.19 KB used.
       Both:      9.09 MB used.

Virtual space:
  Non-class space:       64.00 MB reserved,       8.25 MB ( 13%) committed,  1 nodes.
      Class space:        1.00 GB reserved,     960.00 KB ( <1%) committed,  1 nodes.
             Both:        1.06 GB reserved,       9.19 MB ( <1%) committed. 

Chunk freelists:
   Non-Class:  6.92 MB
       Class:  15.08 MB
        Both:  22.00 MB

MaxMetaspaceSize: unlimited
CompressedClassSpaceSize: 1.00 GB
Initial GC threshold: 21.00 MB
Current GC threshold: 21.00 MB
CDS: off
MetaspaceReclaimPolicy: balanced
 - commit_granule_bytes: 65536.
 - commit_granule_words: 8192.
 - virtual_space_node_default_size: 8388608.
 - enlarge_chunks_in_place: 1.
 - new_chunks_are_fully_committed: 0.
 - uncommit_free_chunks: 1.
 - use_allocation_guard: 0.
 - handle_deallocations: 1.


Internal statistics:

num_allocs_failed_limit: 0.
num_arena_births: 14.
num_arena_deaths: 0.
num_vsnodes_births: 2.
num_vsnodes_deaths: 0.
num_space_committed: 147.
num_space_uncommitted: 0.
num_chunks_returned_to_freelist: 0.
num_chunks_taken_from_freelist: 53.
num_chunk_merges: 0.
num_chunk_splits: 29.
num_chunks_enlarged: 21.
num_inconsistent_stats: 0.

CodeHeap 'non-profiled nmethods': size=119168Kb used=248Kb max_used=248Kb free=118919Kb
 bounds [0x000001e26e580000, 0x000001e26e7f0000, 0x000001e2759e0000]
CodeHeap 'profiled nmethods': size=119104Kb used=1029Kb max_used=1029Kb free=118074Kb
 bounds [0x000001e2669e0000, 0x000001e266c50000, 0x000001e26de30000]
CodeHeap 'non-nmethods': size=7488Kb used=2828Kb max_used=2872Kb free=4659Kb
 bounds [0x000001e26de30000, 0x000001e26e100000, 0x000001e26e580000]
 total_blobs=1098 nmethods=667 adapters=343
 compilation: enabled
              stopped_count=0, restarted_count=0
 full_count=0

Compilation events (20 events):
Event: 0.299 Thread 0x000001e27d71b250  661       3       sun.nio.cs.SingleByte$Decoder::decode (11 bytes)
Event: 0.299 Thread 0x000001e27d71b250 nmethod 661 0x000001e266ada610 code [0x000001e266ada7a0, 0x000001e266ada8d8]
Event: 0.299 Thread 0x000001e27d71b250  662       3       java.lang.ClassLoader::findLoadedClass (15 bytes)
Event: 0.299 Thread 0x000001e27d71b250 nmethod 662 0x000001e266ada990 code [0x000001e266adab40, 0x000001e266adad38]
Event: 0.300 Thread 0x000001e27f6bf620  666       1       java.lang.Module::getDescriptor (5 bytes)
Event: 0.301 Thread 0x000001e27f6bf620 nmethod 666 0x000001e26e5bb690 code [0x000001e26e5bb820, 0x000001e26e5bb8f8]
Event: 0.301 Thread 0x000001e27f6bf620  667       1       java.util.Collections$EmptyIterator::hasNext (2 bytes)
Event: 0.302 Thread 0x000001e27f6bf620 nmethod 667 0x000001e26e5bb990 code [0x000001e26e5bbb20, 0x000001e26e5bbbf8]
Event: 0.302 Thread 0x000001e27f6bf620  668       3       java.util.zip.ZipFile$Source::getEntryNext (9 bytes)
Event: 0.302 Thread 0x000001e27f6bf620 nmethod 668 0x000001e266adae10 code [0x000001e266adafa0, 0x000001e266adb0d8]
Event: 0.302 Thread 0x000001e27f6bf620  669 %     3       java.util.Properties$LineReader::readLine @ 53 (584 bytes)
Event: 0.303 Thread 0x000001e27d743c50  670       3       java.lang.StringUTF16::compress (50 bytes)
Event: 0.303 Thread 0x000001e27d743c50 nmethod 670 0x000001e266adb190 code [0x000001e266adb340, 0x000001e266adb598]
Event: 0.303 Thread 0x000001e27d743c50  671       3       java.util.Properties::loadConvert (540 bytes)
Event: 0.304 Thread 0x000001e27d743c50 nmethod 671 0x000001e266adb710 code [0x000001e266adba00, 0x000001e266adce18]
Event: 0.304 Thread 0x000001e27f6bf620 nmethod 669% 0x000001e266add490 code [0x000001e266add860, 0x000001e266ae0398]
Event: 0.304 Thread 0x000001e27f6bf620  672       3       java.lang.StringLatin1::inflate (34 bytes)
Event: 0.304 Thread 0x000001e27d774280 nmethod 660% 0x000001e26e5bbc90 code [0x000001e26e5bbe20, 0x000001e26e5bc678]
Event: 0.304 Thread 0x000001e27d774280  664   !   4       java.lang.String::replace (258 bytes)
Event: 0.304 Thread 0x000001e27f6bf620 nmethod 672 0x000001e266ae1090 code [0x000001e266ae1240, 0x000001e266ae1458]

GC Heap History (0 events):
No events

Dll operation events (8 events):
Event: 0.005 Loaded shared library c:\Users\Luis García Díaz\.vscode\extensions\redhat.java-1.26.0-win32-x64\jre\17.0.9-win32-x86_64\bin\java.dll
Event: 0.080 Loaded shared library c:\Users\Luis García Díaz\.vscode\extensions\redhat.java-1.26.0-win32-x64\jre\17.0.9-win32-x86_64\bin\zip.dll
Event: 0.081 Loaded shared library C:\Users\Luis García Díaz\.vscode\extensions\redhat.java-1.26.0-win32-x64\jre\17.0.9-win32-x86_64\bin\instrument.dll
Event: 0.091 Loaded shared library C:\Users\Luis García Díaz\.vscode\extensions\redhat.java-1.26.0-win32-x64\jre\17.0.9-win32-x86_64\bin\net.dll
Event: 0.092 Loaded shared library C:\Users\Luis García Díaz\.vscode\extensions\redhat.java-1.26.0-win32-x64\jre\17.0.9-win32-x86_64\bin\nio.dll
Event: 0.096 Loaded shared library C:\Users\Luis García Díaz\.vscode\extensions\redhat.java-1.26.0-win32-x64\jre\17.0.9-win32-x86_64\bin\zip.dll
Event: 0.106 Loaded shared library C:\Users\Luis García Díaz\.vscode\extensions\redhat.java-1.26.0-win32-x64\jre\17.0.9-win32-x86_64\bin\jimage.dll
Event: 0.148 Loaded shared library c:\Users\Luis García Díaz\.vscode\extensions\redhat.java-1.26.0-win32-x64\jre\17.0.9-win32-x86_64\bin\verify.dll

Deoptimization events (20 events):
Event: 0.228 Thread 0x000001e262582c40 DEOPT PACKING pc=0x000001e26e5a9324 sp=0x000000875e3fb3c0
Event: 0.228 Thread 0x000001e262582c40 DEOPT UNPACKING pc=0x000001e26de866a3 sp=0x000000875e3fb348 mode 2
Event: 0.228 Thread 0x000001e262582c40 Uncommon trap: trap_request=0xffffffde fr.pc=0x000001e26e5a9324 relative=0x0000000000000104
Event: 0.228 Thread 0x000001e262582c40 Uncommon trap: reason=class_check action=maybe_recompile pc=0x000001e26e5a9324 method=jdk.internal.misc.Unsafe.allocateUninitializedArray(Ljava/lang/Class;I)Ljava/lang/Object; @ 51 c2
Event: 0.228 Thread 0x000001e262582c40 DEOPT PACKING pc=0x000001e26e5a9324 sp=0x000000875e3fb400
Event: 0.228 Thread 0x000001e262582c40 DEOPT UNPACKING pc=0x000001e26de866a3 sp=0x000000875e3fb388 mode 2
Event: 0.237 Thread 0x000001e262582c40 Uncommon trap: trap_request=0xffffff45 fr.pc=0x000001e26e597898 relative=0x0000000000000098
Event: 0.237 Thread 0x000001e262582c40 Uncommon trap: reason=unstable_if action=reinterpret pc=0x000001e26e597898 method=java.net.URI.match(CJJ)Z @ 45 c2
Event: 0.237 Thread 0x000001e262582c40 DEOPT PACKING pc=0x000001e26e597898 sp=0x000000875e3fca10
Event: 0.237 Thread 0x000001e262582c40 DEOPT UNPACKING pc=0x000001e26de866a3 sp=0x000000875e3fc998 mode 2
Event: 0.242 Thread 0x000001e262582c40 Uncommon trap: trap_request=0xffffff45 fr.pc=0x000001e26e5ab46c relative=0x000000000000060c
Event: 0.242 Thread 0x000001e262582c40 Uncommon trap: reason=unstable_if action=reinterpret pc=0x000001e26e5ab46c method=java.lang.String.replace(Ljava/lang/CharSequence;Ljava/lang/CharSequence;)Ljava/lang/String; @ 48 c2
Event: 0.242 Thread 0x000001e262582c40 DEOPT PACKING pc=0x000001e26e5ab46c sp=0x000000875e3fc980
Event: 0.242 Thread 0x000001e262582c40 DEOPT UNPACKING pc=0x000001e26de866a3 sp=0x000000875e3fc900 mode 2
Event: 0.271 Thread 0x000001e262582c40 Uncommon trap: trap_request=0xffffff45 fr.pc=0x000001e26e5992e4 relative=0x00000000000002e4
Event: 0.271 Thread 0x000001e262582c40 Uncommon trap: reason=unstable_if action=reinterpret pc=0x000001e26e5992e4 method=java.lang.StringUTF16.compress([CI[BII)I @ 20 c2
Event: 0.271 Thread 0x000001e262582c40 DEOPT PACKING pc=0x000001e26e5992e4 sp=0x000000875e3fbaf0
Event: 0.271 Thread 0x000001e262582c40 DEOPT UNPACKING pc=0x000001e26de866a3 sp=0x000000875e3fba70 mode 2
Event: 0.277 Thread 0x000001e262582c40 DEOPT PACKING pc=0x000001e266a899d6 sp=0x000000875e3fda30
Event: 0.277 Thread 0x000001e262582c40 DEOPT UNPACKING pc=0x000001e26de86e43 sp=0x000000875e3fced0 mode 0

Classes unloaded (0 events):
No events

Classes redefined (0 events):
No events

Internal exceptions (9 events):
Event: 0.067 Thread 0x000001e262582c40 Exception <a 'java/lang/NoSuchMethodError'{0x00000000eacb36d0}: 'void java.lang.invoke.DirectMethodHandle$Holder.invokeStatic(java.lang.Object, java.lang.Object, java.lang.Object)'> (0x00000000eacb36d0) 
thrown [s\src\hotspot\share\interpreter\linkResolver.cpp, line 759]
Event: 0.110 Thread 0x000001e262582c40 Exception <a 'java/lang/NoSuchMethodError'{0x00000000eadab960}: 'java.lang.Object java.lang.invoke.DirectMethodHandle$Holder.invokeStaticInit(java.lang.Object)'> (0x00000000eadab960) 
thrown [s\src\hotspot\share\interpreter\linkResolver.cpp, line 759]
Event: 0.110 Thread 0x000001e262582c40 Exception <a 'java/lang/NoSuchMethodError'{0x00000000eadb1930}: 'java.lang.Object java.lang.invoke.Invokers$Holder.invoke_MT(java.lang.Object, java.lang.Object, java.lang.Object)'> (0x00000000eadb1930) 
thrown [s\src\hotspot\share\interpreter\linkResolver.cpp, line 759]
Event: 0.160 Thread 0x000001e262582c40 Exception <a 'java/lang/reflect/InvocationTargetException'{0x00000000eb1890a0}> (0x00000000eb1890a0) 
thrown [s\src\hotspot\share\runtime\reflection.cpp, line 1121]
Event: 0.302 Thread 0x000001e262582c40 Exception <a 'java/lang/ClassNotFoundException'{0x00000000eba08cb0}: sun/net/www/protocol/c/Handler> (0x00000000eba08cb0) 
thrown [s\src\hotspot\share\classfile\systemDictionary.cpp, line 256]
Event: 0.305 Thread 0x000001e262582c40 Exception <a 'java/io/FileNotFoundException'{0x00000000eba248d0}> (0x00000000eba248d0) 
thrown [s\src\hotspot\share\prims\jni.cpp, line 516]
Event: 0.305 Thread 0x000001e262582c40 Exception <a 'java/io/FileNotFoundException'{0x00000000eba25688}> (0x00000000eba25688) 
thrown [s\src\hotspot\share\prims\jni.cpp, line 516]
Event: 0.305 Thread 0x000001e262582c40 Exception <a 'java/io/FileNotFoundException'{0x00000000eba26420}> (0x00000000eba26420) 
thrown [s\src\hotspot\share\prims\jni.cpp, line 516]
Event: 0.305 Thread 0x000001e262582c40 Exception <a 'java/io/FileNotFoundException'{0x00000000eba271a8}> (0x00000000eba271a8) 
thrown [s\src\hotspot\share\prims\jni.cpp, line 516]

VM Operations (8 events):
Event: 0.069 Executing VM operation: HandshakeAllThreads
Event: 0.069 Executing VM operation: HandshakeAllThreads done
Event: 0.123 Executing VM operation: HandshakeAllThreads
Event: 0.123 Executing VM operation: HandshakeAllThreads done
Event: 0.287 Executing VM operation: HandshakeAllThreads
Event: 0.287 Executing VM operation: HandshakeAllThreads done
Event: 0.297 Executing VM operation: HandshakeAllThreads
Event: 0.297 Executing VM operation: HandshakeAllThreads done

Events (20 events):
Event: 0.301 loading class java/util/ServiceLoader$LazyClassPathLookupIterator
Event: 0.301 loading class java/util/ServiceLoader$LazyClassPathLookupIterator done
Event: 0.301 loading class java/util/ServiceLoader$2
Event: 0.301 loading class java/util/ServiceLoader$2 done
Event: 0.301 loading class java/util/ServiceLoader$3
Event: 0.301 loading class java/util/ServiceLoader$3 done
Event: 0.301 loading class java/util/Collections$EmptyEnumeration
Event: 0.301 loading class java/util/Collections$EmptyEnumeration done
Event: 0.301 loading class jdk/internal/loader/BuiltinClassLoader$1
Event: 0.301 loading class jdk/internal/loader/BuiltinClassLoader$1 done
Event: 0.301 loading class java/lang/CompoundEnumeration
Event: 0.301 loading class java/lang/CompoundEnumeration done
Event: 0.301 loading class jdk/internal/loader/URLClassPath$1
Event: 0.302 loading class jdk/internal/loader/URLClassPath$1 done
Event: 0.303 loading class java/util/concurrent/ConcurrentHashMap$KeySetView
Event: 0.303 loading class java/util/concurrent/ConcurrentHashMap$KeySetView done
Event: 0.303 loading class java/util/Collections$3
Event: 0.303 loading class java/util/Collections$3 done
Event: 0.303 loading class java/util/concurrent/ConcurrentHashMap$KeyIterator
Event: 0.304 loading class java/util/concurrent/ConcurrentHashMap$KeyIterator done


Dynamic libraries:
0x00007ff61f880000 - 0x00007ff61f88e000 	c:\Users\Luis García Díaz\.vscode\extensions\redhat.java-1.26.0-win32-x64\jre\17.0.9-win32-x86_64\bin\java.exe
0x00007ffd2ac50000 - 0x00007ffd2ae67000 	C:\WINDOWS\SYSTEM32\ntdll.dll
0x00007ffd2aa10000 - 0x00007ffd2aad4000 	C:\WINDOWS\System32\KERNEL32.DLL
0x00007ffd28420000 - 0x00007ffd287c6000 	C:\WINDOWS\System32\KERNELBASE.dll
0x00007ffd28030000 - 0x00007ffd28141000 	C:\WINDOWS\System32\ucrtbase.dll
0x00007ffd13680000 - 0x00007ffd13697000 	c:\Users\Luis García Díaz\.vscode\extensions\redhat.java-1.26.0-win32-x64\jre\17.0.9-win32-x86_64\bin\jli.dll
0x00007ffd136a0000 - 0x00007ffd136bb000 	c:\Users\Luis García Díaz\.vscode\extensions\redhat.java-1.26.0-win32-x64\jre\17.0.9-win32-x86_64\bin\VCRUNTIME140.dll
0x00007ffd29140000 - 0x00007ffd292ee000 	C:\WINDOWS\System32\USER32.dll
0x00007ffd28800000 - 0x00007ffd28826000 	C:\WINDOWS\System32\win32u.dll
0x00007ffd14620000 - 0x00007ffd148b3000 	C:\WINDOWS\WinSxS\amd64_microsoft.windows.common-controls_6595b64144ccf1df_6.0.22621.2506_none_270c5ae97388e100\COMCTL32.dll
0x00007ffd29330000 - 0x00007ffd29359000 	C:\WINDOWS\System32\GDI32.dll
0x00007ffd281c0000 - 0x00007ffd282d8000 	C:\WINDOWS\System32\gdi32full.dll
0x00007ffd289b0000 - 0x00007ffd28a57000 	C:\WINDOWS\System32\msvcrt.dll
0x00007ffd27f90000 - 0x00007ffd2802a000 	C:\WINDOWS\System32\msvcp_win.dll
0x00007ffd292f0000 - 0x00007ffd29321000 	C:\WINDOWS\System32\IMM32.DLL
0x00007ffd245a0000 - 0x00007ffd245ac000 	c:\Users\Luis García Díaz\.vscode\extensions\redhat.java-1.26.0-win32-x64\jre\17.0.9-win32-x86_64\bin\vcruntime140_1.dll
0x00007ffcebfe0000 - 0x00007ffcec06d000 	c:\Users\Luis García Díaz\.vscode\extensions\redhat.java-1.26.0-win32-x64\jre\17.0.9-win32-x86_64\bin\msvcp140.dll
0x00007ffce96e0000 - 0x00007ffcea341000 	c:\Users\Luis García Díaz\.vscode\extensions\redhat.java-1.26.0-win32-x64\jre\17.0.9-win32-x86_64\bin\server\jvm.dll
0x00007ffd29920000 - 0x00007ffd299d3000 	C:\WINDOWS\System32\ADVAPI32.dll
0x00007ffd2ab60000 - 0x00007ffd2ac08000 	C:\WINDOWS\System32\sechost.dll
0x00007ffd287d0000 - 0x00007ffd287f8000 	C:\WINDOWS\System32\bcrypt.dll
0x00007ffd29360000 - 0x00007ffd29477000 	C:\WINDOWS\System32\RPCRT4.dll
0x00007ffd27e60000 - 0x00007ffd27ead000 	C:\WINDOWS\SYSTEM32\POWRPROF.dll
0x00007ffd22d70000 - 0x00007ffd22d79000 	C:\WINDOWS\SYSTEM32\WSOCK32.dll
0x00007ffd1e8b0000 - 0x00007ffd1e8ba000 	C:\WINDOWS\SYSTEM32\VERSION.dll
0x00007ffd29a70000 - 0x00007ffd29ae1000 	C:\WINDOWS\System32\WS2_32.dll
0x00007ffd1e770000 - 0x00007ffd1e7a4000 	C:\WINDOWS\SYSTEM32\WINMM.dll
0x00007ffd27e40000 - 0x00007ffd27e53000 	C:\WINDOWS\SYSTEM32\UMPDC.dll
0x00007ffd26f80000 - 0x00007ffd26f98000 	C:\WINDOWS\SYSTEM32\kernel.appcore.dll
0x00007ffd1e950000 - 0x00007ffd1e95a000 	c:\Users\Luis García Díaz\.vscode\extensions\redhat.java-1.26.0-win32-x64\jre\17.0.9-win32-x86_64\bin\jimage.dll
0x00007ffd258c0000 - 0x00007ffd25af3000 	C:\WINDOWS\SYSTEM32\DBGHELP.DLL
0x00007ffd28c30000 - 0x00007ffd28fb9000 	C:\WINDOWS\System32\combase.dll
0x00007ffd29bf0000 - 0x00007ffd29cc7000 	C:\WINDOWS\System32\OLEAUT32.dll
0x00007ffd1e5d0000 - 0x00007ffd1e602000 	C:\WINDOWS\SYSTEM32\dbgcore.DLL
0x00007ffd282e0000 - 0x00007ffd2835a000 	C:\WINDOWS\System32\bcryptPrimitives.dll
0x00007ffd18740000 - 0x00007ffd1874e000 	c:\Users\Luis García Díaz\.vscode\extensions\redhat.java-1.26.0-win32-x64\jre\17.0.9-win32-x86_64\bin\instrument.dll
0x00007ffd13650000 - 0x00007ffd13675000 	c:\Users\Luis García Díaz\.vscode\extensions\redhat.java-1.26.0-win32-x64\jre\17.0.9-win32-x86_64\bin\java.dll
0x00007ffd13630000 - 0x00007ffd13648000 	c:\Users\Luis García Díaz\.vscode\extensions\redhat.java-1.26.0-win32-x64\jre\17.0.9-win32-x86_64\bin\zip.dll
0x00007ffd2a1b0000 - 0x00007ffd2aa0a000 	C:\WINDOWS\System32\SHELL32.dll
0x00007ffd25e90000 - 0x00007ffd26786000 	C:\WINDOWS\SYSTEM32\windows.storage.dll
0x00007ffd25d50000 - 0x00007ffd25e8e000 	C:\WINDOWS\SYSTEM32\wintypes.dll
0x00007ffd29660000 - 0x00007ffd29753000 	C:\WINDOWS\System32\SHCORE.dll
0x00007ffd290c0000 - 0x00007ffd2911e000 	C:\WINDOWS\System32\shlwapi.dll
0x00007ffd27ec0000 - 0x00007ffd27ee6000 	C:\WINDOWS\SYSTEM32\profapi.dll
0x00007ffd0dd60000 - 0x00007ffd0dd79000 	C:\Users\Luis García Díaz\.vscode\extensions\redhat.java-1.26.0-win32-x64\jre\17.0.9-win32-x86_64\bin\net.dll
0x00007ffd21c00000 - 0x00007ffd21d37000 	C:\WINDOWS\SYSTEM32\WINHTTP.dll
0x00007ffd273f0000 - 0x00007ffd27459000 	C:\WINDOWS\system32\mswsock.dll
0x00007ffd0d870000 - 0x00007ffd0d886000 	C:\Users\Luis García Díaz\.vscode\extensions\redhat.java-1.26.0-win32-x64\jre\17.0.9-win32-x86_64\bin\nio.dll
0x00007ffd17340000 - 0x00007ffd17350000 	c:\Users\Luis García Díaz\.vscode\extensions\redhat.java-1.26.0-win32-x64\jre\17.0.9-win32-x86_64\bin\verify.dll

dbghelp: loaded successfully - version: 4.0.5 - missing functions: none
symbol engine: initialized successfully - sym options: 0x614 - pdb path: .;c:\Users\Luis García Díaz\.vscode\extensions\redhat.java-1.26.0-win32-x64\jre\17.0.9-win32-x86_64\bin;C:\WINDOWS\SYSTEM32;C:\WINDOWS\WinSxS\amd64_microsoft.windows.common-controls_6595b64144ccf1df_6.0.22621.2506_none_270c5ae97388e100;c:\Users\Luis García Díaz\.vscode\extensions\redhat.java-1.26.0-win32-x64\jre\17.0.9-win32-x86_64\bin\server

VM Arguments:
jvm_args: --add-modules=ALL-SYSTEM --add-opens=java.base/java.util=ALL-UNNAMED --add-opens=java.base/java.lang=ALL-UNNAMED --add-opens=java.base/sun.nio.fs=ALL-UNNAMED -Declipse.application=org.eclipse.jdt.ls.core.id1 -Dosgi.bundles.defaultStartLevel=4 -Declipse.product=org.eclipse.jdt.ls.core.product -Djava.import.generatesMetadataFilesAtProjectRoot=false -DDetectVMInstallationsJob.disabled=true -Dfile.encoding=utf8 -XX:+UseParallelGC -XX:GCTimeRatio=4 -XX:AdaptiveSizePolicyWeight=90 -Dsun.zip.disableMemoryMapping=true -Xmx1G -Xms100m -Xlog:disable -javaagent:c:\Users\Luis García Díaz\.vscode\extensions\redhat.java-1.26.0-win32-x64\lombok\lombok-1.18.31-3454.jar -XX:+HeapDumpOnOutOfMemoryError -XX:HeapDumpPath=c:\Users\Luis García Díaz\AppData\Roaming\Code\User\workspaceStorage\9f5ca029dd32ae4ab79c50f7157500ab\redhat.java -Daether.dependencyCollector.impl=bf 
java_command: c:\Users\Luis García Díaz\.vscode\extensions\redhat.java-1.26.0-win32-x64\server\plugins\org.eclipse.equinox.launcher_1.6.700.v20231214-2017.jar -configuration c:\Users\Luis García Díaz\AppData\Roaming\Code\User\globalStorage\redhat.java\1.26.0\config_win -data c:\Users\Luis García Díaz\AppData\Roaming\Code\User\workspaceStorage\9f5ca029dd32ae4ab79c50f7157500ab\redhat.java\jdt_ws --stdio
java_class_path (initial): c:\Users\Luis García Díaz\.vscode\extensions\redhat.java-1.26.0-win32-x64\server\plugins\org.eclipse.equinox.launcher_1.6.700.v20231214-2017.jar
Launcher Type: SUN_STANDARD

[Global flags]
    uintx AdaptiveSizePolicyWeight                 = 90                                        {product} {command line}
     intx CICompilerCount                          = 12                                        {product} {ergonomic}
    uintx GCTimeRatio                              = 4                                         {product} {command line}
     bool HeapDumpOnOutOfMemoryError               = true                                   {manageable} {command line}
    ccstr HeapDumpPath                             = c:\Users\Luis García Díaz\AppData\Roaming\Code\User\workspaceStorage\9f5ca029dd32ae4ab79c50f7157500ab\redhat.java         {manageable} {command line}
   size_t InitialHeapSize                          = 104857600                                 {product} {command line}
   size_t MaxHeapSize                              = 1073741824                                {product} {command line}
   size_t MaxNewSize                               = 357564416                                 {product} {ergonomic}
   size_t MinHeapDeltaBytes                        = 524288                                    {product} {ergonomic}
   size_t MinHeapSize                              = 104857600                                 {product} {command line}
   size_t NewSize                                  = 34603008                                  {product} {ergonomic}
    uintx NonNMethodCodeHeapSize                   = 7602480                                {pd product} {ergonomic}
    uintx NonProfiledCodeHeapSize                  = 122027880                              {pd product} {ergonomic}
   size_t OldSize                                  = 70254592                                  {product} {ergonomic}
    uintx ProfiledCodeHeapSize                     = 122027880                              {pd product} {ergonomic}
    uintx ReservedCodeCacheSize                    = 251658240                              {pd product} {ergonomic}
     bool SegmentedCodeCache                       = true                                      {product} {ergonomic}
   size_t SoftMaxHeapSize                          = 1073741824                             {manageable} {ergonomic}
     bool UseCompressedClassPointers               = true                           {product lp64_product} {ergonomic}
     bool UseCompressedOops                        = true                           {product lp64_product} {ergonomic}
     bool UseLargePagesIndividualAllocation        = false                                  {pd product} {ergonomic}
     bool UseParallelGC                            = true                                      {product} {command line}

Logging:
Log output configuration:
 #0: stdout all=off uptime,level,tags
 #1: stderr all=off uptime,level,tags

Environment Variables:
PATH=C:\Program Files\Common Files\Oracle\Java\javapath;C:\WINDOWS\system32;C:\WINDOWS;C:\WINDOWS\System32\Wbem;C:\WINDOWS\System32\WindowsPowerShell\v1.0\;C:\WINDOWS\System32\OpenSSH\;C:\Program Files\dotnet\;C:\Program Files\NVIDIA Corporation\NVIDIA NvDLISR;C:\Program Files (x86)\NVIDIA Corporation\PhysX\Common;C:\Program Files\MySQL\MySQL Server 8.0\bin;C:\Users\Luis García Díaz\AppData\Local\Programs\Python\Launcher\;C:\Users\Luis García Díaz\AppData\Local\Programs\Python\Python311\Scripts\;C:\Users\Luis García Díaz\AppData\Local\Programs\Python\Python311\;C:\Users\Luis García Díaz\AppData\Local\Microsoft\WindowsApps;C:\Users\Luis García Díaz\AppData\Local\Programs\Microsoft VS Code\bin;C:\Users\Luis García Díaz\AppData\Local\GitHubDesktop\bin
USERNAME=Luis García Díaz
OS=Windows_NT
PROCESSOR_IDENTIFIER=AMD64 Family 25 Model 68 Stepping 1, AuthenticAMD
TMP=C:\Users\LUISGA~1\AppData\Local\Temp
TEMP=C:\Users\LUISGA~1\AppData\Local\Temp



Periodic native trim disabled


---------------  S Y S T E M  ---------------

OS:
 Windows 11 , 64 bit Build 22621 (10.0.22621.2506)
OS uptime: 1 days 16:54 hours
Hyper-V role detected

CPU: total 16 (initial active 16) (16 cores per cpu, 2 threads per core) family 25 model 68 stepping 1 microcode 0x0, cx8, cmov, fxsr, ht, mmx, 3dnowpref, sse, sse2, sse3, ssse3, sse4a, sse4.1, sse4.2, popcnt, lzcnt, tsc, tscinvbit, avx, avx2, aes, erms, clmul, bmi1, bmi2, adx, sha, fma, vzeroupper, clflush, clflushopt, hv
Processor Information for all 16 processors :
  Max Mhz: 3201, Current Mhz: 3201, Mhz Limit: 3201

Memory: 4k page, system-wide physical 15628M (5830M free)
TotalPageFile size 62732M (AvailPageFile size 4M)
current process WorkingSet (physical memory assigned to process): 61M, peak: 61M
current process commit charge ("private bytes"): 215M, peak: 215M

vm_info: OpenJDK 64-Bit Server VM (17.0.9+9) for windows-amd64 JRE (17.0.9+9), built on Oct 26 2023 14:01:42 by "admin" with MS VC++ 16.10 / 16.11 (VS2019)

END.
